2023-04-23 11:02:05.981 [info] Added views:workbench.panel.markers.view in workbench.panel.markers
2023-04-23 11:02:05.981 [info] Added views:workbench.panel.output in workbench.panel.output
2023-04-23 11:02:05.981 [info] Added views:terminal in terminal
2023-04-23 11:02:05.981 [info] Added views:outline in workbench.view.explorer
2023-04-23 11:02:05.981 [info] Added views:workbench.scm in workbench.view.scm
2023-04-23 11:02:05.981 [info] Added views:workbench.view.search in workbench.view.search
2023-04-23 11:02:05.981 [info] Added views:timeline in workbench.view.explorer
2023-04-23 11:02:05.982 [info] Added views:workbench.explorer.emptyView in workbench.view.explorer
2023-04-23 11:02:06.350 [info] Added views:workbench.debug.welcome in workbench.view.debug
2023-04-23 11:02:07.131 [info] Added views:workbench.panel.repl.view in workbench.panel.repl
2023-04-23 11:02:07.545 [info] Added views:workbench.views.extensions.installed,workbench.views.extensions.popular,extensions.recommendedList in workbench.view.extensions
2023-04-23 11:02:07.551 [info] Removed views:workbench.views.extensions.popular from workbench.view.extensions
2023-04-23 11:02:08.652 [info] Added views:workbench.views.extensions.popular in workbench.view.extensions
2023-04-23 11:02:10.282 [info] Removed views:extensions.recommendedList,workbench.views.extensions.popular,workbench.views.extensions.installed from workbench.view.extensions
2023-04-23 11:02:10.308 [info] Added views:workbench.views.extensions.marketplace in workbench.view.extensions
2023-04-23 11:02:39.455 [info] Removed views:workbench.views.extensions.marketplace from workbench.view.extensions
2023-04-23 11:02:39.476 [info] Added views:workbench.views.extensions.installed,workbench.views.extensions.popular,extensions.recommendedList in workbench.view.extensions
2023-04-23 11:02:55.561 [info] Removed views:extensions.recommendedList,workbench.views.extensions.popular,workbench.views.extensions.installed from workbench.view.extensions
2023-04-23 11:02:55.599 [info] Added views:workbench.views.extensions.marketplace in workbench.view.extensions
2023-04-23 11:03:02.925 [info] Removed views:workbench.views.extensions.marketplace from workbench.view.extensions
2023-04-23 11:03:02.949 [info] Added views:workbench.views.extensions.installed,workbench.views.extensions.popular,extensions.recommendedList in workbench.view.extensions
2023-04-23 11:03:50.480 [info] Removed views:extensions.recommendedList,workbench.views.extensions.popular,workbench.views.extensions.installed from workbench.view.extensions
2023-04-23 11:03:50.518 [info] Added views:workbench.views.extensions.marketplace in workbench.view.extensions
2023-04-23 11:03:53.795 [info] Removed views:workbench.views.extensions.marketplace from workbench.view.extensions
2023-04-23 11:03:53.810 [info] Added views:workbench.views.extensions.installed,workbench.views.extensions.popular,extensions.recommendedList in workbench.view.extensions
