2023-04-23 11:06:37.725 [info] Extension host with pid 28894 started
2023-04-23 11:06:37.853 [info] ExtensionService#_doActivateExtension vscode.git-base, startup: true, activationEvent: '*', root cause: vscode.git
2023-04-23 11:06:37.876 [info] ExtensionService#_doActivateExtension vscode.git, startup: true, activationEvent: '*'
2023-04-23 11:06:38.024 [info] ExtensionService#_doActivateExtension vscode.github, startup: true, activationEvent: '*'
2023-04-23 11:06:38.140 [info] Eager extensions activated
2023-04-23 11:06:38.142 [info] ExtensionService#_doActivateExtension vscode.github-authentication, startup: false, activationEvent: 'onAuthenticationRequest:github'
2023-04-23 11:06:38.270 [info] ExtensionService#_doActivateExtension vscode.debug-auto-launch, startup: false, activationEvent: 'onStartupFinished'
2023-04-23 11:06:38.275 [info] ExtensionService#_doActivateExtension vscode.merge-conflict, startup: false, activationEvent: 'onStartupFinished'
2023-04-23 11:06:38.410 [info] ExtensionService#_doActivateExtension vscode.microsoft-authentication, startup: false, activationEvent: 'onAuthenticationRequest:microsoft'
2023-04-23 11:06:41.641 [info] ExtensionService#_doActivateExtension vscode.emmet, startup: false, activationEvent: 'onLanguage'
2023-04-23 11:07:10.450 [info] Extension host terminating: renderer closed the MessagePort
2023-04-23 11:07:10.468 [info] Extension host with pid 28894 exiting with code 0
2023-04-23 11:07:12.549 [info] Extension host with pid 29027 started
2023-04-23 11:07:12.549 [info] Skipping acquiring lock for /home/lullaby/.config/Code/User/workspaceStorage/e9557c98e293b9dc30196162451045f1.
2023-04-23 11:07:12.702 [info] ExtensionService#_doActivateExtension vscode.git-base, startup: true, activationEvent: '*'
2023-04-23 11:07:12.717 [info] ExtensionService#_doActivateExtension vscode.github, startup: true, activationEvent: '*'
2023-04-23 11:07:12.723 [info] Eager extensions activated
2023-04-23 11:07:12.725 [info] ExtensionService#_doActivateExtension vscode.debug-auto-launch, startup: false, activationEvent: 'onStartupFinished'
2023-04-23 11:07:12.728 [info] ExtensionService#_doActivateExtension vscode.merge-conflict, startup: false, activationEvent: 'onStartupFinished'
2023-04-23 11:07:12.937 [info] ExtensionService#_doActivateExtension vscode.github-authentication, startup: false, activationEvent: 'onAuthenticationRequest:github'
2023-04-23 11:07:13.128 [info] ExtensionService#_doActivateExtension vscode.microsoft-authentication, startup: false, activationEvent: 'onAuthenticationRequest:microsoft'
2023-04-23 11:07:15.593 [info] ExtensionService#_doActivateExtension vscode.git, startup: false, activationEvent: 'api', root cause: vscode.github
2023-04-23 11:07:16.764 [info] ExtensionService#_doActivateExtension eww-yuck.yuck, startup: false, activationEvent: 'onLanguage:yuck'
2023-04-23 11:07:16.768 [info] ExtensionService#_doActivateExtension vscode.emmet, startup: false, activationEvent: 'onLanguage'
2023-04-23 11:09:33.837 [info] Extension host terminating: renderer closed the MessagePort
2023-04-23 11:09:33.853 [info] Extension host with pid 29027 exiting with code 0
