2023-04-23 11:06:36.792 [info] Added views:workbench.panel.markers.view in workbench.panel.markers
2023-04-23 11:06:36.792 [info] Added views:workbench.panel.output in workbench.panel.output
2023-04-23 11:06:36.792 [info] Added views:terminal in terminal
2023-04-23 11:06:36.792 [info] Added views:outline in workbench.view.explorer
2023-04-23 11:06:36.792 [info] Added views:workbench.scm in workbench.view.scm
2023-04-23 11:06:36.792 [info] Added views:workbench.view.search in workbench.view.search
2023-04-23 11:06:36.792 [info] Added views:timeline in workbench.view.explorer
2023-04-23 11:06:36.792 [info] Added views:workbench.explorer.emptyView in workbench.view.explorer
2023-04-23 11:06:37.254 [info] Added views:workbench.debug.variablesView,workbench.debug.watchExpressionsView,workbench.debug.callStackView,workbench.debug.breakPointsView in workbench.view.debug
2023-04-23 11:06:37.846 [info] Added views:workbench.panel.repl.view in workbench.panel.repl
2023-04-23 11:06:37.849 [info] Removed views:workbench.debug.breakPointsView,workbench.debug.callStackView,workbench.debug.watchExpressionsView,workbench.debug.variablesView from workbench.view.debug
2023-04-23 11:06:37.850 [info] Added views:workbench.debug.welcome in workbench.view.debug
2023-04-23 11:06:41.369 [info] Added views:workbench.views.extensions.installed,workbench.views.extensions.popular,extensions.recommendedList in workbench.view.extensions
2023-04-23 11:06:41.373 [info] Removed views:workbench.views.extensions.popular from workbench.view.extensions
2023-04-23 11:06:42.005 [info] Added views:workbench.views.extensions.popular in workbench.view.extensions
2023-04-23 11:06:43.051 [info] Removed views:extensions.recommendedList,workbench.views.extensions.popular,workbench.views.extensions.installed from workbench.view.extensions
2023-04-23 11:06:43.084 [info] Added views:workbench.views.extensions.marketplace in workbench.view.extensions
2023-04-23 11:07:11.854 [info] Added views:workbench.panel.markers.view in workbench.panel.markers
2023-04-23 11:07:11.854 [info] Added views:workbench.panel.output in workbench.panel.output
2023-04-23 11:07:11.854 [info] Added views:terminal in terminal
2023-04-23 11:07:11.854 [info] Added views:outline in workbench.view.explorer
2023-04-23 11:07:11.854 [info] Added views:workbench.scm in workbench.view.scm
2023-04-23 11:07:11.854 [info] Added views:workbench.view.search in workbench.view.search
2023-04-23 11:07:11.854 [info] Added views:timeline in workbench.view.explorer
2023-04-23 11:07:11.854 [info] Added views:workbench.explorer.fileView in workbench.view.explorer
2023-04-23 11:07:12.387 [info] Added views:workbench.debug.variablesView,workbench.debug.watchExpressionsView,workbench.debug.callStackView,workbench.debug.breakPointsView in workbench.view.debug
2023-04-23 11:07:12.687 [info] Added views:workbench.panel.repl.view in workbench.panel.repl
2023-04-23 11:07:12.691 [info] Removed views:workbench.debug.breakPointsView,workbench.debug.callStackView,workbench.debug.watchExpressionsView,workbench.debug.variablesView from workbench.view.debug
2023-04-23 11:07:12.693 [info] Added views:workbench.debug.welcome in workbench.view.debug
2023-04-23 11:07:48.481 [info] Added views:workbench.views.extensions.installed,workbench.views.extensions.popular,extensions.recommendedList in workbench.view.extensions
2023-04-23 11:07:48.487 [info] Removed views:workbench.views.extensions.popular from workbench.view.extensions
