2023-09-09 21:35:41.488 [info] Log level: Info
2023-09-09 21:35:41.488 [info] Validating found git in: "git"
2023-09-09 21:35:41.488 [info] Using git "2.42.0" from "git"
2023-09-09 21:35:41.488 [info] > git rev-parse --show-toplevel [16ms]
2023-09-09 21:35:41.498 [info] > git rev-parse --git-dir --git-common-dir [5ms]
2023-09-09 21:35:41.512 [info] Open repository: /home/lullaby/Projects/Safepill/safepill-frontend
2023-09-09 21:35:41.572 [info] > git config --get commit.template [50ms]
2023-09-09 21:35:41.584 [info] > git rev-parse --show-toplevel [14ms]
2023-09-09 21:35:41.594 [info] > git for-each-ref --format=%(refname)%00%(upstream:short)%00%(objectname)%00%(upstream:track)%00%(upstream:remotename)%00%(upstream:remoteref) refs/heads/main refs/remotes/main [3ms]
2023-09-09 21:35:41.611 [info] > git status -z -uall [11ms]
2023-09-09 21:35:41.633 [info] > git config --get commit.template [3ms]
2023-09-09 21:35:41.633 [info] > git rev-parse --show-toplevel [8ms]
2023-09-09 21:35:41.646 [info] > git for-each-ref --format=%(refname)%00%(upstream:short)%00%(objectname)%00%(upstream:track)%00%(upstream:remotename)%00%(upstream:remoteref) refs/heads/main refs/remotes/main [6ms]
2023-09-09 21:35:41.672 [info] > git status -z -uall [21ms]
2023-09-09 21:35:41.677 [info] > git rev-parse --show-toplevel [32ms]
2023-09-09 21:35:41.693 [info] > git rev-parse --show-toplevel [3ms]
2023-09-09 21:35:41.703 [info] > git rev-parse --show-toplevel [1ms]
2023-09-09 21:35:41.711 [info] > git rev-parse --show-toplevel [1ms]
2023-09-09 21:35:41.725 [info] > git rev-parse --show-toplevel [9ms]
2023-09-09 21:35:41.731 [info] > git rev-parse --show-toplevel [1ms]
2023-09-09 21:35:41.738 [info] > git rev-parse --show-toplevel [1ms]
2023-09-09 21:35:42.018 [info] > git show --textconv :pages/index.vue [11ms]
2023-09-09 21:35:42.019 [info] > git ls-files --stage -- /home/lullaby/Projects/Safepill/safepill-frontend/pages/index.vue [2ms]
2023-09-09 21:35:42.088 [info] > git check-ignore -v -z --stdin [2ms]
2023-09-09 21:35:55.567 [info] > git config --get commit.template [2ms]
2023-09-09 21:35:55.577 [info] > git for-each-ref --format=%(refname)%00%(upstream:short)%00%(objectname)%00%(upstream:track)%00%(upstream:remotename)%00%(upstream:remoteref) refs/heads/main refs/remotes/main [1ms]
2023-09-09 21:35:55.586 [info] > git status -z -uall [2ms]
2023-09-09 21:36:44.368 [info] > git show --textconv :components/Header.vue [7ms]
2023-09-09 21:36:44.370 [info] > git ls-files --stage -- /home/lullaby/Projects/Safepill/safepill-frontend/components/Header.vue [3ms]
2023-09-09 21:42:13.297 [info] > git config --get commit.template [2ms]
2023-09-09 21:42:13.307 [info] > git for-each-ref --format=%(refname)%00%(upstream:short)%00%(objectname)%00%(upstream:track)%00%(upstream:remotename)%00%(upstream:remoteref) refs/heads/main refs/remotes/main [2ms]
2023-09-09 21:42:13.317 [info] > git status -z -uall [2ms]
2023-09-09 21:42:26.249 [info] > git config --get commit.template [2ms]
2023-09-09 21:42:26.259 [info] > git for-each-ref --format=%(refname)%00%(upstream:short)%00%(objectname)%00%(upstream:track)%00%(upstream:remotename)%00%(upstream:remoteref) refs/heads/main refs/remotes/main [2ms]
2023-09-09 21:42:26.269 [info] > git status -z -uall [2ms]
2023-09-09 21:42:42.414 [info] > git config --get commit.template [1ms]
2023-09-09 21:42:42.423 [info] > git for-each-ref --format=%(refname)%00%(upstream:short)%00%(objectname)%00%(upstream:track)%00%(upstream:remotename)%00%(upstream:remoteref) refs/heads/main refs/remotes/main [1ms]
2023-09-09 21:42:42.433 [info] > git status -z -uall [2ms]
2023-09-09 21:42:53.346 [info] > git config --get commit.template [2ms]
2023-09-09 21:42:53.356 [info] > git for-each-ref --format=%(refname)%00%(upstream:short)%00%(objectname)%00%(upstream:track)%00%(upstream:remotename)%00%(upstream:remoteref) refs/heads/main refs/remotes/main [1ms]
2023-09-09 21:42:53.365 [info] > git status -z -uall [2ms]
2023-09-09 21:43:11.862 [info] > git config --get commit.template [2ms]
2023-09-09 21:43:11.872 [info] > git for-each-ref --format=%(refname)%00%(upstream:short)%00%(objectname)%00%(upstream:track)%00%(upstream:remotename)%00%(upstream:remoteref) refs/heads/main refs/remotes/main [2ms]
2023-09-09 21:43:11.883 [info] > git status -z -uall [2ms]
2023-09-09 21:43:19.503 [info] > git config --get commit.template [1ms]
2023-09-09 21:43:19.512 [info] > git for-each-ref --format=%(refname)%00%(upstream:short)%00%(objectname)%00%(upstream:track)%00%(upstream:remotename)%00%(upstream:remoteref) refs/heads/main refs/remotes/main [2ms]
2023-09-09 21:43:19.522 [info] > git status -z -uall [1ms]
2023-09-09 21:43:39.344 [info] > git config --get commit.template [9ms]
2023-09-09 21:43:39.345 [info] > git for-each-ref --format=%(refname)%00%(upstream:short)%00%(objectname)%00%(upstream:track)%00%(upstream:remotename)%00%(upstream:remoteref) refs/heads/main refs/remotes/main [2ms]
2023-09-09 21:43:39.354 [info] > git status -z -uall [2ms]
2023-09-09 21:44:01.805 [info] > git config --get commit.template [2ms]
2023-09-09 21:44:01.814 [info] > git for-each-ref --format=%(refname)%00%(upstream:short)%00%(objectname)%00%(upstream:track)%00%(upstream:remotename)%00%(upstream:remoteref) refs/heads/main refs/remotes/main [1ms]
2023-09-09 21:44:01.823 [info] > git status -z -uall [2ms]
2023-09-09 21:44:43.870 [info] > git config --get commit.template [1ms]
2023-09-09 21:44:43.878 [info] > git for-each-ref --format=%(refname)%00%(upstream:short)%00%(objectname)%00%(upstream:track)%00%(upstream:remotename)%00%(upstream:remoteref) refs/heads/main refs/remotes/main [1ms]
2023-09-09 21:44:43.888 [info] > git status -z -uall [2ms]
2023-09-09 21:44:55.689 [info] > git config --get commit.template [1ms]
2023-09-09 21:44:55.698 [info] > git for-each-ref --format=%(refname)%00%(upstream:short)%00%(objectname)%00%(upstream:track)%00%(upstream:remotename)%00%(upstream:remoteref) refs/heads/main refs/remotes/main [2ms]
2023-09-09 21:44:55.707 [info] > git status -z -uall [2ms]
2023-09-09 21:45:12.482 [info] > git config --get commit.template [8ms]
2023-09-09 21:45:12.483 [info] > git for-each-ref --format=%(refname)%00%(upstream:short)%00%(objectname)%00%(upstream:track)%00%(upstream:remotename)%00%(upstream:remoteref) refs/heads/main refs/remotes/main [2ms]
2023-09-09 21:45:12.490 [info] > git status -z -uall [1ms]
2023-09-09 21:52:48.477 [info] > git config --get commit.template [2ms]
2023-09-09 21:52:48.487 [info] > git for-each-ref --format=%(refname)%00%(upstream:short)%00%(objectname)%00%(upstream:track)%00%(upstream:remotename)%00%(upstream:remoteref) refs/heads/main refs/remotes/main [2ms]
2023-09-09 21:52:48.498 [info] > git status -z -uall [2ms]
2023-09-09 21:53:18.023 [info] > git config --get commit.template [1ms]
2023-09-09 21:53:18.034 [info] > git for-each-ref --format=%(refname)%00%(upstream:short)%00%(objectname)%00%(upstream:track)%00%(upstream:remotename)%00%(upstream:remoteref) refs/heads/main refs/remotes/main [2ms]
2023-09-09 21:53:18.045 [info] > git status -z -uall [2ms]
2023-09-09 21:53:23.065 [info] > git config --get commit.template [2ms]
2023-09-09 21:53:23.075 [info] > git for-each-ref --format=%(refname)%00%(upstream:short)%00%(objectname)%00%(upstream:track)%00%(upstream:remotename)%00%(upstream:remoteref) refs/heads/main refs/remotes/main [2ms]
2023-09-09 21:53:23.085 [info] > git status -z -uall [2ms]
2023-09-09 21:53:42.341 [info] > git config --get commit.template [7ms]
2023-09-09 21:53:42.342 [info] > git for-each-ref --format=%(refname)%00%(upstream:short)%00%(objectname)%00%(upstream:track)%00%(upstream:remotename)%00%(upstream:remoteref) refs/heads/main refs/remotes/main [1ms]
2023-09-09 21:53:42.350 [info] > git status -z -uall [2ms]
2023-09-09 21:54:01.051 [info] > git config --get commit.template [8ms]
2023-09-09 21:54:01.052 [info] > git for-each-ref --format=%(refname)%00%(upstream:short)%00%(objectname)%00%(upstream:track)%00%(upstream:remotename)%00%(upstream:remoteref) refs/heads/main refs/remotes/main [1ms]
2023-09-09 21:54:01.060 [info] > git status -z -uall [2ms]
2023-09-09 21:54:51.180 [info] > git config --get commit.template [2ms]
2023-09-09 21:54:51.189 [info] > git for-each-ref --format=%(refname)%00%(upstream:short)%00%(objectname)%00%(upstream:track)%00%(upstream:remotename)%00%(upstream:remoteref) refs/heads/main refs/remotes/main [2ms]
2023-09-09 21:54:51.199 [info] > git status -z -uall [2ms]
2023-09-09 21:55:27.173 [info] > git config --get commit.template [2ms]
2023-09-09 21:55:27.183 [info] > git for-each-ref --format=%(refname)%00%(upstream:short)%00%(objectname)%00%(upstream:track)%00%(upstream:remotename)%00%(upstream:remoteref) refs/heads/main refs/remotes/main [1ms]
2023-09-09 21:55:27.192 [info] > git status -z -uall [2ms]
2023-09-09 21:55:52.176 [info] > git config --get commit.template [8ms]
2023-09-09 21:55:52.177 [info] > git for-each-ref --format=%(refname)%00%(upstream:short)%00%(objectname)%00%(upstream:track)%00%(upstream:remotename)%00%(upstream:remoteref) refs/heads/main refs/remotes/main [2ms]
2023-09-09 21:55:52.185 [info] > git status -z -uall [2ms]
2023-09-09 21:56:27.879 [info] > git config --get commit.template [2ms]
2023-09-09 21:56:27.891 [info] > git for-each-ref --format=%(refname)%00%(upstream:short)%00%(objectname)%00%(upstream:track)%00%(upstream:remotename)%00%(upstream:remoteref) refs/heads/main refs/remotes/main [2ms]
2023-09-09 21:56:27.900 [info] > git status -z -uall [2ms]
2023-09-09 21:58:54.993 [info] > git config --get commit.template [2ms]
2023-09-09 21:58:55.002 [info] > git for-each-ref --format=%(refname)%00%(upstream:short)%00%(objectname)%00%(upstream:track)%00%(upstream:remotename)%00%(upstream:remoteref) refs/heads/main refs/remotes/main [2ms]
2023-09-09 21:58:55.011 [info] > git status -z -uall [2ms]
2023-09-09 21:59:34.288 [info] > git config --get commit.template [1ms]
2023-09-09 21:59:34.297 [info] > git for-each-ref --format=%(refname)%00%(upstream:short)%00%(objectname)%00%(upstream:track)%00%(upstream:remotename)%00%(upstream:remoteref) refs/heads/main refs/remotes/main [2ms]
2023-09-09 21:59:34.307 [info] > git status -z -uall [1ms]
2023-09-09 22:00:16.181 [info] > git config --get commit.template [2ms]
2023-09-09 22:00:16.190 [info] > git for-each-ref --format=%(refname)%00%(upstream:short)%00%(objectname)%00%(upstream:track)%00%(upstream:remotename)%00%(upstream:remoteref) refs/heads/main refs/remotes/main [2ms]
2023-09-09 22:00:16.199 [info] > git status -z -uall [2ms]
2023-09-09 22:00:38.385 [info] > git config --get commit.template [1ms]
2023-09-09 22:00:38.394 [info] > git for-each-ref --format=%(refname)%00%(upstream:short)%00%(objectname)%00%(upstream:track)%00%(upstream:remotename)%00%(upstream:remoteref) refs/heads/main refs/remotes/main [1ms]
2023-09-09 22:00:38.404 [info] > git status -z -uall [2ms]
2023-09-09 22:00:43.420 [info] > git config --get commit.template [2ms]
2023-09-09 22:00:43.429 [info] > git for-each-ref --format=%(refname)%00%(upstream:short)%00%(objectname)%00%(upstream:track)%00%(upstream:remotename)%00%(upstream:remoteref) refs/heads/main refs/remotes/main [2ms]
2023-09-09 22:00:43.438 [info] > git status -z -uall [2ms]
2023-09-09 22:00:54.128 [info] > git config --get commit.template [2ms]
2023-09-09 22:00:54.137 [info] > git for-each-ref --format=%(refname)%00%(upstream:short)%00%(objectname)%00%(upstream:track)%00%(upstream:remotename)%00%(upstream:remoteref) refs/heads/main refs/remotes/main [2ms]
2023-09-09 22:00:54.146 [info] > git status -z -uall [2ms]
2023-09-09 22:02:54.748 [info] > git config --get commit.template [2ms]
2023-09-09 22:02:54.758 [info] > git for-each-ref --format=%(refname)%00%(upstream:short)%00%(objectname)%00%(upstream:track)%00%(upstream:remotename)%00%(upstream:remoteref) refs/heads/main refs/remotes/main [2ms]
2023-09-09 22:02:54.767 [info] > git status -z -uall [2ms]
2023-09-09 22:07:26.862 [info] > git config --get commit.template [9ms]
2023-09-09 22:07:26.863 [info] > git for-each-ref --format=%(refname)%00%(upstream:short)%00%(objectname)%00%(upstream:track)%00%(upstream:remotename)%00%(upstream:remoteref) refs/heads/main refs/remotes/main [1ms]
2023-09-09 22:07:26.872 [info] > git status -z -uall [2ms]
2023-09-09 22:08:17.461 [info] > git show --textconv :components/Footer.vue [10ms]
2023-09-09 22:08:17.463 [info] > git ls-files --stage -- /home/lullaby/Projects/Safepill/safepill-frontend/components/Footer.vue [3ms]
2023-09-09 22:08:33.712 [info] > git config --get commit.template [2ms]
2023-09-09 22:08:33.721 [info] > git for-each-ref --format=%(refname)%00%(upstream:short)%00%(objectname)%00%(upstream:track)%00%(upstream:remotename)%00%(upstream:remoteref) refs/heads/main refs/remotes/main [2ms]
2023-09-09 22:08:33.731 [info] > git status -z -uall [2ms]
2023-09-09 22:08:59.039 [info] > git config --get commit.template [2ms]
2023-09-09 22:08:59.048 [info] > git for-each-ref --format=%(refname)%00%(upstream:short)%00%(objectname)%00%(upstream:track)%00%(upstream:remotename)%00%(upstream:remoteref) refs/heads/main refs/remotes/main [2ms]
2023-09-09 22:08:59.057 [info] > git status -z -uall [2ms]
2023-09-09 22:10:47.065 [info] > git config --get commit.template [2ms]
2023-09-09 22:10:47.075 [info] > git for-each-ref --format=%(refname)%00%(upstream:short)%00%(objectname)%00%(upstream:track)%00%(upstream:remotename)%00%(upstream:remoteref) refs/heads/main refs/remotes/main [2ms]
2023-09-09 22:10:47.085 [info] > git status -z -uall [2ms]
2023-09-09 22:11:12.675 [info] > git config --get commit.template [2ms]
2023-09-09 22:11:12.685 [info] > git for-each-ref --format=%(refname)%00%(upstream:short)%00%(objectname)%00%(upstream:track)%00%(upstream:remotename)%00%(upstream:remoteref) refs/heads/main refs/remotes/main [2ms]
2023-09-09 22:11:12.694 [info] > git status -z -uall [2ms]
2023-09-09 22:12:01.244 [info] > git config --get commit.template [9ms]
2023-09-09 22:12:01.245 [info] > git for-each-ref --format=%(refname)%00%(upstream:short)%00%(objectname)%00%(upstream:track)%00%(upstream:remotename)%00%(upstream:remoteref) refs/heads/main refs/remotes/main [1ms]
2023-09-09 22:12:01.254 [info] > git status -z -uall [2ms]
2023-09-09 22:12:12.545 [info] > git config --get commit.template [1ms]
2023-09-09 22:12:12.555 [info] > git for-each-ref --format=%(refname)%00%(upstream:short)%00%(objectname)%00%(upstream:track)%00%(upstream:remotename)%00%(upstream:remoteref) refs/heads/main refs/remotes/main [1ms]
2023-09-09 22:12:12.564 [info] > git status -z -uall [2ms]
2023-09-09 22:12:18.809 [info] > git config --get commit.template [2ms]
2023-09-09 22:12:18.817 [info] > git for-each-ref --format=%(refname)%00%(upstream:short)%00%(objectname)%00%(upstream:track)%00%(upstream:remotename)%00%(upstream:remoteref) refs/heads/main refs/remotes/main [1ms]
2023-09-09 22:12:18.827 [info] > git status -z -uall [1ms]
2023-09-09 22:14:09.321 [info] > git config --get commit.template [9ms]
2023-09-09 22:14:09.321 [info] > git for-each-ref --format=%(refname)%00%(upstream:short)%00%(objectname)%00%(upstream:track)%00%(upstream:remotename)%00%(upstream:remoteref) refs/heads/main refs/remotes/main [1ms]
2023-09-09 22:14:09.332 [info] > git status -z -uall [2ms]
2023-09-09 22:14:21.956 [info] > git config --get commit.template [1ms]
2023-09-09 22:14:21.965 [info] > git for-each-ref --format=%(refname)%00%(upstream:short)%00%(objectname)%00%(upstream:track)%00%(upstream:remotename)%00%(upstream:remoteref) refs/heads/main refs/remotes/main [2ms]
2023-09-09 22:14:21.975 [info] > git status -z -uall [2ms]
2023-09-09 22:14:45.589 [info] > git config --get commit.template [9ms]
2023-09-09 22:14:45.590 [info] > git for-each-ref --format=%(refname)%00%(upstream:short)%00%(objectname)%00%(upstream:track)%00%(upstream:remotename)%00%(upstream:remoteref) refs/heads/main refs/remotes/main [2ms]
2023-09-09 22:14:45.599 [info] > git status -z -uall [2ms]
2023-09-09 22:15:24.903 [info] > git config --get commit.template [9ms]
2023-09-09 22:15:24.904 [info] > git for-each-ref --format=%(refname)%00%(upstream:short)%00%(objectname)%00%(upstream:track)%00%(upstream:remotename)%00%(upstream:remoteref) refs/heads/main refs/remotes/main [2ms]
2023-09-09 22:15:24.915 [info] > git status -z -uall [2ms]
2023-09-09 22:15:33.605 [info] > git config --get commit.template [9ms]
2023-09-09 22:15:33.606 [info] > git for-each-ref --format=%(refname)%00%(upstream:short)%00%(objectname)%00%(upstream:track)%00%(upstream:remotename)%00%(upstream:remoteref) refs/heads/main refs/remotes/main [2ms]
2023-09-09 22:15:33.616 [info] > git status -z -uall [2ms]
2023-09-09 22:16:43.313 [info] > git config --get commit.template [9ms]
2023-09-09 22:16:43.314 [info] > git for-each-ref --format=%(refname)%00%(upstream:short)%00%(objectname)%00%(upstream:track)%00%(upstream:remotename)%00%(upstream:remoteref) refs/heads/main refs/remotes/main [2ms]
2023-09-09 22:16:43.323 [info] > git status -z -uall [2ms]
2023-09-09 22:18:12.799 [info] > git config --get commit.template [3ms]
2023-09-09 22:18:12.808 [info] > git for-each-ref --format=%(refname)%00%(upstream:short)%00%(objectname)%00%(upstream:track)%00%(upstream:remotename)%00%(upstream:remoteref) refs/heads/main refs/remotes/main [2ms]
2023-09-09 22:18:12.817 [info] > git status -z -uall [2ms]
2023-09-09 22:18:43.206 [info] > git config --get commit.template [8ms]
2023-09-09 22:18:43.207 [info] > git for-each-ref --format=%(refname)%00%(upstream:short)%00%(objectname)%00%(upstream:track)%00%(upstream:remotename)%00%(upstream:remoteref) refs/heads/main refs/remotes/main [1ms]
2023-09-09 22:18:43.217 [info] > git status -z -uall [1ms]
2023-09-09 22:18:48.243 [info] > git config --get commit.template [9ms]
2023-09-09 22:18:48.244 [info] > git for-each-ref --format=%(refname)%00%(upstream:short)%00%(objectname)%00%(upstream:track)%00%(upstream:remotename)%00%(upstream:remoteref) refs/heads/main refs/remotes/main [2ms]
2023-09-09 22:18:48.253 [info] > git status -z -uall [2ms]
2023-09-09 22:19:58.053 [info] > git config --get commit.template [2ms]
2023-09-09 22:19:58.062 [info] > git for-each-ref --format=%(refname)%00%(upstream:short)%00%(objectname)%00%(upstream:track)%00%(upstream:remotename)%00%(upstream:remoteref) refs/heads/main refs/remotes/main [2ms]
2023-09-09 22:19:58.071 [info] > git status -z -uall [2ms]
2023-09-09 22:20:59.999 [info] > git config --get commit.template [1ms]
2023-09-09 22:21:00.007 [info] > git for-each-ref --format=%(refname)%00%(upstream:short)%00%(objectname)%00%(upstream:track)%00%(upstream:remotename)%00%(upstream:remoteref) refs/heads/main refs/remotes/main [1ms]
2023-09-09 22:21:00.017 [info] > git status -z -uall [1ms]
2023-09-09 22:21:33.187 [info] > git config --get commit.template [10ms]
2023-09-09 22:21:33.188 [info] > git for-each-ref --format=%(refname)%00%(upstream:short)%00%(objectname)%00%(upstream:track)%00%(upstream:remotename)%00%(upstream:remoteref) refs/heads/main refs/remotes/main [2ms]
2023-09-09 22:21:33.197 [info] > git status -z -uall [2ms]
2023-09-09 22:22:21.845 [info] > git config --get commit.template [8ms]
2023-09-09 22:22:21.845 [info] > git for-each-ref --format=%(refname)%00%(upstream:short)%00%(objectname)%00%(upstream:track)%00%(upstream:remotename)%00%(upstream:remoteref) refs/heads/main refs/remotes/main [1ms]
2023-09-09 22:22:21.854 [info] > git status -z -uall [2ms]
2023-09-09 22:22:39.111 [info] > git config --get commit.template [9ms]
2023-09-09 22:22:39.112 [info] > git for-each-ref --format=%(refname)%00%(upstream:short)%00%(objectname)%00%(upstream:track)%00%(upstream:remotename)%00%(upstream:remoteref) refs/heads/main refs/remotes/main [2ms]
2023-09-09 22:22:39.121 [info] > git status -z -uall [2ms]
2023-09-09 22:27:55.620 [info] > git config --get commit.template [7ms]
2023-09-09 22:27:55.621 [info] > git for-each-ref --format=%(refname)%00%(upstream:short)%00%(objectname)%00%(upstream:track)%00%(upstream:remotename)%00%(upstream:remoteref) refs/heads/main refs/remotes/main [2ms]
2023-09-09 22:27:55.628 [info] > git status -z -uall [2ms]
2023-09-09 22:28:49.786 [info] > git config --get commit.template [1ms]
2023-09-09 22:28:49.795 [info] > git for-each-ref --format=%(refname)%00%(upstream:short)%00%(objectname)%00%(upstream:track)%00%(upstream:remotename)%00%(upstream:remoteref) refs/heads/main refs/remotes/main [2ms]
2023-09-09 22:28:49.805 [info] > git status -z -uall [2ms]
