2023-09-07 11:23:20.291 [info] Log level: Info
2023-09-07 11:23:20.291 [info] Validating found git in: "git"
2023-09-07 11:23:20.291 [info] Using git "2.42.0" from "git"
2023-09-07 11:23:20.291 [info] > git rev-parse --show-toplevel [5ms]
2023-09-07 11:23:20.291 [info] fatal: not a git repository (or any of the parent directories): .git
2023-09-07 11:23:20.292 [info] > git rev-parse --show-toplevel [22ms]
2023-09-07 11:23:20.292 [info] fatal: not a git repository (or any of the parent directories): .git
2023-09-07 11:23:20.306 [info] > git rev-parse --show-toplevel [1ms]
2023-09-07 11:23:20.306 [info] fatal: not a git repository (or any of the parent directories): .git
2023-09-07 11:23:20.313 [info] > git rev-parse --show-toplevel [1ms]
2023-09-07 11:23:20.313 [info] fatal: not a git repository (or any of the parent directories): .git
2023-09-07 11:23:20.318 [info] > git rev-parse --show-toplevel [1ms]
2023-09-07 11:23:20.318 [info] fatal: not a git repository (or any of the parent directories): .git
2023-09-07 11:23:20.324 [info] > git rev-parse --show-toplevel [1ms]
2023-09-07 11:23:20.324 [info] fatal: not a git repository (or any of the parent directories): .git
2023-09-07 11:24:16.633 [info] Log level: Info
2023-09-07 11:24:16.633 [info] Validating found git in: "git"
2023-09-07 11:24:16.633 [info] Using git "2.42.0" from "git"
2023-09-07 11:24:16.633 [info] > git rev-parse --show-toplevel [5ms]
2023-09-07 11:24:16.643 [info] > git rev-parse --git-dir --git-common-dir [2ms]
2023-09-07 11:24:16.657 [info] Open repository: /home/lullaby/Projects/Safepill/safepill-back
2023-09-07 11:24:16.690 [info] > git config --get commit.template [20ms]
2023-09-07 11:24:16.697 [info] > git rev-parse --show-toplevel [10ms]
2023-09-07 11:24:16.714 [info] > git for-each-ref --format=%(refname)%00%(upstream:short)%00%(objectname)%00%(upstream:track)%00%(upstream:remotename)%00%(upstream:remoteref) refs/heads/main refs/remotes/main [7ms]
2023-09-07 11:24:16.724 [info] > git rev-parse --show-toplevel [11ms]
2023-09-07 11:24:16.725 [info] > git status -z -uall [5ms]
2023-09-07 11:24:16.746 [info] > git config --get commit.template [8ms]
2023-09-07 11:24:16.818 [info] > git rev-parse --show-toplevel [73ms]
2023-09-07 11:24:16.819 [info] > git for-each-ref --format=%(refname)%00%(upstream:short)%00%(objectname)%00%(upstream:track)%00%(upstream:remotename)%00%(upstream:remoteref) refs/heads/main refs/remotes/main [1ms]
2023-09-07 11:24:16.828 [info] > git status -z -uall [4ms]
2023-09-07 11:24:16.841 [info] > git rev-parse --show-toplevel [2ms]
2023-09-07 11:24:16.849 [info] > git rev-parse --show-toplevel [2ms]
2023-09-07 11:24:16.855 [info] > git rev-parse --show-toplevel [1ms]
2023-09-07 11:24:16.861 [info] > git rev-parse --show-toplevel [1ms]
2023-09-07 11:24:16.871 [info] > git rev-parse --show-toplevel [5ms]
2023-09-07 11:24:16.877 [info] > git rev-parse --show-toplevel [1ms]
2023-09-07 11:24:16.883 [info] > git rev-parse --show-toplevel [1ms]
2023-09-07 11:24:17.194 [info] > git check-ignore -v -z --stdin [5ms]
2023-09-07 11:26:09.331 [info] > git check-ignore -v -z --stdin [2ms]
2023-09-07 11:26:10.287 [info] > git check-ignore -v -z --stdin [1ms]
2023-09-07 11:26:18.636 [info] Log level: Info
2023-09-07 11:26:18.636 [info] Validating found git in: "git"
2023-09-07 11:26:18.636 [info] Using git "2.42.0" from "git"
2023-09-07 11:26:18.636 [info] > git rev-parse --show-toplevel [3ms]
2023-09-07 11:26:18.648 [info] > git rev-parse --git-dir --git-common-dir [3ms]
2023-09-07 11:26:18.662 [info] Open repository: /home/lullaby/Projects/Safepill/safepill-frontend
2023-09-07 11:26:18.689 [info] > git config --get commit.template [17ms]
2023-09-07 11:26:18.694 [info] > git rev-parse --show-toplevel [6ms]
2023-09-07 11:26:18.700 [info] > git for-each-ref --format=%(refname)%00%(upstream:short)%00%(objectname)%00%(upstream:track)%00%(upstream:remotename)%00%(upstream:remoteref) refs/heads/main refs/remotes/main [1ms]
2023-09-07 11:26:18.712 [info] > git status -z -uall [6ms]
2023-09-07 11:26:18.728 [info] > git rev-parse --show-toplevel [17ms]
2023-09-07 11:26:18.730 [info] > git config --get commit.template [2ms]
2023-09-07 11:26:18.775 [info] > git rev-parse --show-toplevel [34ms]
2023-09-07 11:26:18.776 [info] > git for-each-ref --format=%(refname)%00%(upstream:short)%00%(objectname)%00%(upstream:track)%00%(upstream:remotename)%00%(upstream:remoteref) refs/heads/main refs/remotes/main [40ms]
2023-09-07 11:26:18.785 [info] > git status -z -uall [3ms]
2023-09-07 11:26:18.798 [info] > git rev-parse --show-toplevel [2ms]
2023-09-07 11:26:18.806 [info] > git rev-parse --show-toplevel [2ms]
2023-09-07 11:26:18.813 [info] > git rev-parse --show-toplevel [2ms]
2023-09-07 11:26:19.195 [info] > git check-ignore -v -z --stdin [4ms]
2023-09-07 11:26:20.506 [info] > git check-ignore -v -z --stdin [2ms]
2023-09-07 11:26:21.910 [info] > git check-ignore -v -z --stdin [2ms]
2023-09-07 11:26:23.075 [info] > git check-ignore -v -z --stdin [1ms]
2023-09-07 11:26:26.353 [info] > git show --textconv :pages/about.vue [10ms]
2023-09-07 11:26:26.356 [info] > git ls-files --stage -- /home/lullaby/Projects/Safepill/safepill-frontend/pages/about.vue [3ms]
2023-09-07 11:28:07.935 [info] > git show --textconv :pages/index.vue [8ms]
2023-09-07 11:28:07.936 [info] > git ls-files --stage -- /home/lullaby/Projects/Safepill/safepill-frontend/pages/index.vue [2ms]
2023-09-07 11:30:51.434 [info] > git show --textconv :pages/about.vue [11ms]
2023-09-07 11:30:51.436 [info] > git ls-files --stage -- /home/lullaby/Projects/Safepill/safepill-frontend/pages/about.vue [5ms]
2023-09-07 11:30:54.843 [info] > git show --textconv :pages/index.vue [8ms]
2023-09-07 11:30:54.845 [info] > git ls-files --stage -- /home/lullaby/Projects/Safepill/safepill-frontend/pages/index.vue [3ms]
2023-09-07 11:30:59.376 [info] > git check-ignore -v -z --stdin [3ms]
2023-09-07 11:31:00.371 [info] > git check-ignore -v -z --stdin [4ms]
2023-09-07 11:31:01.473 [info] > git check-ignore -v -z --stdin [2ms]
2023-09-07 11:31:02.448 [info] > git check-ignore -v -z --stdin [2ms]
2023-09-07 11:31:29.246 [info] > git config --get commit.template [1ms]
2023-09-07 11:31:29.255 [info] > git for-each-ref --format=%(refname)%00%(upstream:short)%00%(objectname)%00%(upstream:track)%00%(upstream:remotename)%00%(upstream:remoteref) refs/heads/main refs/remotes/main [2ms]
2023-09-07 11:31:29.266 [info] > git status -z -uall [2ms]
2023-09-07 11:33:27.976 [info] > git show --textconv :nuxt.config.ts [6ms]
2023-09-07 11:33:27.978 [info] > git ls-files --stage -- /home/lullaby/Projects/Safepill/safepill-frontend/nuxt.config.ts [3ms]
2023-09-07 11:33:27.985 [info] > git cat-file -s 8851e7746b250e08c1db37abcc563179d9a47b5f [2ms]
2023-09-07 11:33:38.393 [info] > git config --get commit.template [2ms]
2023-09-07 11:33:38.404 [info] > git for-each-ref --format=%(refname)%00%(upstream:short)%00%(objectname)%00%(upstream:track)%00%(upstream:remotename)%00%(upstream:remoteref) refs/heads/main refs/remotes/main [1ms]
2023-09-07 11:33:38.414 [info] > git status -z -uall [2ms]
2023-09-07 11:45:56.995 [info] > git config --get commit.template [1ms]
2023-09-07 11:45:57.005 [info] > git for-each-ref --format=%(refname)%00%(upstream:short)%00%(objectname)%00%(upstream:track)%00%(upstream:remotename)%00%(upstream:remoteref) refs/heads/main refs/remotes/main [1ms]
2023-09-07 11:45:57.014 [info] > git status -z -uall [2ms]
2023-09-07 11:46:06.903 [info] > git config --get commit.template [2ms]
2023-09-07 11:46:06.912 [info] > git for-each-ref --format=%(refname)%00%(upstream:short)%00%(objectname)%00%(upstream:track)%00%(upstream:remotename)%00%(upstream:remoteref) refs/heads/main refs/remotes/main [2ms]
2023-09-07 11:46:06.923 [info] > git status -z -uall [3ms]
2023-09-07 11:46:50.929 [info] > git check-ignore -v -z --stdin [2ms]
2023-09-07 11:46:51.463 [info] > git config --get commit.template [2ms]
2023-09-07 11:46:51.473 [info] > git for-each-ref --format=%(refname)%00%(upstream:short)%00%(objectname)%00%(upstream:track)%00%(upstream:remotename)%00%(upstream:remoteref) refs/heads/main refs/remotes/main [2ms]
2023-09-07 11:46:51.483 [info] > git status -z -uall [2ms]
2023-09-07 11:46:58.071 [info] > git show --textconv :layouts/_main.vue [8ms]
2023-09-07 11:46:58.074 [info] > git ls-files --stage -- /home/lullaby/Projects/Safepill/safepill-frontend/layouts/_main.vue [2ms]
2023-09-07 11:46:58.329 [info] > git check-ignore -v -z --stdin [1ms]
2023-09-07 11:46:58.882 [info] > git config --get commit.template [2ms]
2023-09-07 11:46:58.891 [info] > git for-each-ref --format=%(refname)%00%(upstream:short)%00%(objectname)%00%(upstream:track)%00%(upstream:remotename)%00%(upstream:remoteref) refs/heads/main refs/remotes/main [2ms]
2023-09-07 11:46:58.901 [info] > git status -z -uall [2ms]
2023-09-07 11:58:21.861 [info] > git config --get commit.template [2ms]
2023-09-07 11:58:21.871 [info] > git for-each-ref --format=%(refname)%00%(upstream:short)%00%(objectname)%00%(upstream:track)%00%(upstream:remotename)%00%(upstream:remoteref) refs/heads/main refs/remotes/main [2ms]
2023-09-07 11:58:21.880 [info] > git status -z -uall [2ms]
2023-09-07 11:58:38.248 [info] > git check-ignore -v -z --stdin [2ms]
2023-09-07 11:58:40.306 [info] > git config --get commit.template [2ms]
2023-09-07 11:58:40.317 [info] > git for-each-ref --format=%(refname)%00%(upstream:short)%00%(objectname)%00%(upstream:track)%00%(upstream:remotename)%00%(upstream:remoteref) refs/heads/main refs/remotes/main [2ms]
2023-09-07 11:58:40.328 [info] > git status -z -uall [2ms]
2023-09-07 11:58:47.732 [info] > git show --textconv :components/_header.vue [9ms]
2023-09-07 11:58:47.771 [info] > git ls-files --stage -- /home/lullaby/Projects/Safepill/safepill-frontend/components/_header.vue [40ms]
2023-09-07 11:58:47.992 [info] > git check-ignore -v -z --stdin [2ms]
2023-09-07 11:58:48.575 [info] > git config --get commit.template [2ms]
2023-09-07 11:58:48.585 [info] > git for-each-ref --format=%(refname)%00%(upstream:short)%00%(objectname)%00%(upstream:track)%00%(upstream:remotename)%00%(upstream:remoteref) refs/heads/main refs/remotes/main [2ms]
2023-09-07 11:58:48.594 [info] > git status -z -uall [2ms]
2023-09-07 11:59:03.643 [info] > git config --get commit.template [2ms]
2023-09-07 11:59:03.652 [info] > git for-each-ref --format=%(refname)%00%(upstream:short)%00%(objectname)%00%(upstream:track)%00%(upstream:remotename)%00%(upstream:remoteref) refs/heads/main refs/remotes/main [2ms]
2023-09-07 11:59:03.664 [info] > git status -z -uall [2ms]
2023-09-07 11:59:18.994 [info] > git config --get commit.template [2ms]
2023-09-07 11:59:19.004 [info] > git for-each-ref --format=%(refname)%00%(upstream:short)%00%(objectname)%00%(upstream:track)%00%(upstream:remotename)%00%(upstream:remoteref) refs/heads/main refs/remotes/main [2ms]
2023-09-07 11:59:19.013 [info] > git status -z -uall [2ms]
2023-09-07 11:59:32.509 [info] > git show --textconv :components/_footer.vue [10ms]
2023-09-07 11:59:32.511 [info] > git ls-files --stage -- /home/lullaby/Projects/Safepill/safepill-frontend/components/_footer.vue [2ms]
2023-09-07 11:59:32.768 [info] > git check-ignore -v -z --stdin [2ms]
2023-09-07 11:59:33.377 [info] > git config --get commit.template [1ms]
2023-09-07 11:59:33.386 [info] > git for-each-ref --format=%(refname)%00%(upstream:short)%00%(objectname)%00%(upstream:track)%00%(upstream:remotename)%00%(upstream:remoteref) refs/heads/main refs/remotes/main [2ms]
2023-09-07 11:59:33.394 [info] > git status -z -uall [2ms]
2023-09-07 11:59:41.168 [info] > git config --get commit.template [4ms]
2023-09-07 11:59:41.175 [info] > git for-each-ref --format=%(refname)%00%(upstream:short)%00%(objectname)%00%(upstream:track)%00%(upstream:remotename)%00%(upstream:remoteref) refs/heads/main refs/remotes/main [2ms]
2023-09-07 11:59:41.183 [info] > git status -z -uall [2ms]
2023-09-07 11:59:48.748 [info] > git config --get commit.template [1ms]
2023-09-07 11:59:48.757 [info] > git for-each-ref --format=%(refname)%00%(upstream:short)%00%(objectname)%00%(upstream:track)%00%(upstream:remotename)%00%(upstream:remoteref) refs/heads/main refs/remotes/main [2ms]
2023-09-07 11:59:48.766 [info] > git status -z -uall [1ms]
2023-09-07 12:00:19.904 [info] > git config --get commit.template [3ms]
2023-09-07 12:00:19.913 [info] > git for-each-ref --format=%(refname)%00%(upstream:short)%00%(objectname)%00%(upstream:track)%00%(upstream:remotename)%00%(upstream:remoteref) refs/heads/main refs/remotes/main [2ms]
2023-09-07 12:00:19.922 [info] > git status -z -uall [2ms]
2023-09-07 12:02:43.739 [info] > git check-ignore -v -z --stdin [3ms]
2023-09-07 12:02:44.241 [info] > git config --get commit.template [2ms]
2023-09-07 12:02:44.251 [info] > git for-each-ref --format=%(refname)%00%(upstream:short)%00%(objectname)%00%(upstream:track)%00%(upstream:remotename)%00%(upstream:remoteref) refs/heads/main refs/remotes/main [1ms]
2023-09-07 12:02:44.262 [info] > git status -z -uall [2ms]
2023-09-07 12:02:51.905 [info] > git config --get commit.template [8ms]
2023-09-07 12:02:51.906 [info] > git for-each-ref --format=%(refname)%00%(upstream:short)%00%(objectname)%00%(upstream:track)%00%(upstream:remotename)%00%(upstream:remoteref) refs/heads/main refs/remotes/main [2ms]
2023-09-07 12:02:51.914 [info] > git status -z -uall [2ms]
2023-09-07 12:03:26.856 [info] > git show --textconv :layouts/main.vue [9ms]
2023-09-07 12:03:26.858 [info] > git ls-files --stage -- /home/lullaby/Projects/Safepill/safepill-frontend/layouts/main.vue [3ms]
2023-09-07 12:03:33.172 [info] > git config --get commit.template [1ms]
2023-09-07 12:03:33.180 [info] > git for-each-ref --format=%(refname)%00%(upstream:short)%00%(objectname)%00%(upstream:track)%00%(upstream:remotename)%00%(upstream:remoteref) refs/heads/main refs/remotes/main [1ms]
2023-09-07 12:03:33.189 [info] > git status -z -uall [2ms]
2023-09-07 12:03:38.209 [info] > git config --get commit.template [7ms]
2023-09-07 12:03:38.209 [info] > git for-each-ref --format=%(refname)%00%(upstream:short)%00%(objectname)%00%(upstream:track)%00%(upstream:remotename)%00%(upstream:remoteref) refs/heads/main refs/remotes/main [1ms]
2023-09-07 12:03:38.217 [info] > git status -z -uall [2ms]
2023-09-07 12:07:57.421 [info] > git config --get commit.template [6ms]
2023-09-07 12:07:57.421 [info] > git for-each-ref --format=%(refname)%00%(upstream:short)%00%(objectname)%00%(upstream:track)%00%(upstream:remotename)%00%(upstream:remoteref) refs/heads/main refs/remotes/main [1ms]
2023-09-07 12:07:57.429 [info] > git status -z -uall [2ms]
2023-09-07 12:08:11.475 [info] > git config --get commit.template [1ms]
2023-09-07 12:08:11.483 [info] > git for-each-ref --format=%(refname)%00%(upstream:short)%00%(objectname)%00%(upstream:track)%00%(upstream:remotename)%00%(upstream:remoteref) refs/heads/main refs/remotes/main [1ms]
2023-09-07 12:08:11.492 [info] > git status -z -uall [1ms]
2023-09-07 12:10:28.388 [info] > git config --get commit.template [2ms]
2023-09-07 12:10:28.398 [info] > git for-each-ref --format=%(refname)%00%(upstream:short)%00%(objectname)%00%(upstream:track)%00%(upstream:remotename)%00%(upstream:remoteref) refs/heads/main refs/remotes/main [2ms]
2023-09-07 12:10:28.408 [info] > git status -z -uall [2ms]
2023-09-07 12:11:18.927 [info] > git check-ignore -v -z --stdin [1ms]
2023-09-07 12:11:19.743 [info] > git config --get commit.template [3ms]
2023-09-07 12:11:19.752 [info] > git for-each-ref --format=%(refname)%00%(upstream:short)%00%(objectname)%00%(upstream:track)%00%(upstream:remotename)%00%(upstream:remoteref) refs/heads/main refs/remotes/main [2ms]
2023-09-07 12:11:19.761 [info] > git status -z -uall [1ms]
2023-09-07 12:11:22.444 [info] > git show --textconv :components/Footer.vue [10ms]
2023-09-07 12:11:22.446 [info] > git ls-files --stage -- /home/lullaby/Projects/Safepill/safepill-frontend/components/Footer.vue [4ms]
2023-09-07 12:11:29.880 [info] > git check-ignore -v -z --stdin [1ms]
2023-09-07 12:11:30.684 [info] > git config --get commit.template [2ms]
2023-09-07 12:11:30.692 [info] > git for-each-ref --format=%(refname)%00%(upstream:short)%00%(objectname)%00%(upstream:track)%00%(upstream:remotename)%00%(upstream:remoteref) refs/heads/main refs/remotes/main [1ms]
2023-09-07 12:11:30.703 [info] > git status -z -uall [2ms]
2023-09-07 12:11:31.163 [info] > git show --textconv :components/Header.vue [9ms]
2023-09-07 12:11:31.165 [info] > git ls-files --stage -- /home/lullaby/Projects/Safepill/safepill-frontend/components/Header.vue [3ms]
2023-09-07 12:11:35.952 [info] > git show --textconv :.nuxt/components.d.ts [12ms]
2023-09-07 12:11:35.954 [info] > git ls-files --stage -- /home/lullaby/Projects/Safepill/safepill-frontend/.nuxt/components.d.ts [3ms]
2023-09-07 12:12:09.865 [info] > git config --get commit.template [1ms]
2023-09-07 12:12:09.876 [info] > git for-each-ref --format=%(refname)%00%(upstream:short)%00%(objectname)%00%(upstream:track)%00%(upstream:remotename)%00%(upstream:remoteref) refs/heads/main refs/remotes/main [2ms]
2023-09-07 12:12:09.887 [info] > git status -z -uall [2ms]
2023-09-07 12:22:34.984 [info] > git config --get commit.template [9ms]
2023-09-07 12:22:34.985 [info] > git for-each-ref --format=%(refname)%00%(upstream:short)%00%(objectname)%00%(upstream:track)%00%(upstream:remotename)%00%(upstream:remoteref) refs/heads/main refs/remotes/main [2ms]
2023-09-07 12:22:34.995 [info] > git status -z -uall [2ms]
2023-09-07 12:23:03.737 [info] > git config --get commit.template [10ms]
2023-09-07 12:23:03.737 [info] > git for-each-ref --format=%(refname)%00%(upstream:short)%00%(objectname)%00%(upstream:track)%00%(upstream:remotename)%00%(upstream:remoteref) refs/heads/main refs/remotes/main [2ms]
2023-09-07 12:23:03.748 [info] > git status -z -uall [2ms]
2023-09-07 12:23:08.764 [info] > git config --get commit.template [1ms]
2023-09-07 12:23:08.773 [info] > git for-each-ref --format=%(refname)%00%(upstream:short)%00%(objectname)%00%(upstream:track)%00%(upstream:remotename)%00%(upstream:remoteref) refs/heads/main refs/remotes/main [2ms]
2023-09-07 12:23:08.782 [info] > git status -z -uall [2ms]
2023-09-07 12:23:43.477 [info] > git config --get commit.template [1ms]
2023-09-07 12:23:43.486 [info] > git for-each-ref --format=%(refname)%00%(upstream:short)%00%(objectname)%00%(upstream:track)%00%(upstream:remotename)%00%(upstream:remoteref) refs/heads/main refs/remotes/main [2ms]
2023-09-07 12:23:43.495 [info] > git status -z -uall [2ms]
2023-09-07 12:23:51.686 [info] > git config --get commit.template [2ms]
2023-09-07 12:23:51.695 [info] > git for-each-ref --format=%(refname)%00%(upstream:short)%00%(objectname)%00%(upstream:track)%00%(upstream:remotename)%00%(upstream:remoteref) refs/heads/main refs/remotes/main [2ms]
2023-09-07 12:23:51.704 [info] > git status -z -uall [2ms]
2023-09-07 12:24:59.804 [info] > git config --get commit.template [2ms]
2023-09-07 12:24:59.814 [info] > git for-each-ref --format=%(refname)%00%(upstream:short)%00%(objectname)%00%(upstream:track)%00%(upstream:remotename)%00%(upstream:remoteref) refs/heads/main refs/remotes/main [2ms]
2023-09-07 12:24:59.823 [info] > git status -z -uall [2ms]
2023-09-07 12:25:21.317 [info] > git show --textconv :pages/about.vue [10ms]
2023-09-07 12:25:21.319 [info] > git ls-files --stage -- /home/lullaby/Projects/Safepill/safepill-frontend/pages/about.vue [3ms]
2023-09-07 12:25:34.098 [info] > git config --get commit.template [9ms]
2023-09-07 12:25:34.098 [info] > git for-each-ref --format=%(refname)%00%(upstream:short)%00%(objectname)%00%(upstream:track)%00%(upstream:remotename)%00%(upstream:remoteref) refs/heads/main refs/remotes/main [2ms]
2023-09-07 12:25:34.108 [info] > git status -z -uall [2ms]
2023-09-07 12:31:35.810 [info] > git check-ignore -v -z --stdin [1ms]
2023-09-07 12:31:36.347 [info] > git config --get commit.template [11ms]
2023-09-07 12:31:36.347 [info] > git for-each-ref --format=%(refname)%00%(upstream:short)%00%(objectname)%00%(upstream:track)%00%(upstream:remotename)%00%(upstream:remoteref) refs/heads/main refs/remotes/main [1ms]
2023-09-07 12:31:36.357 [info] > git status -z -uall [1ms]
2023-09-07 12:31:37.363 [info] > git show --textconv :layouts/default.vue [10ms]
2023-09-07 12:31:37.365 [info] > git ls-files --stage -- /home/lullaby/Projects/Safepill/safepill-frontend/layouts/default.vue [2ms]
2023-09-07 12:32:02.725 [info] > git config --get commit.template [2ms]
2023-09-07 12:32:02.737 [info] > git for-each-ref --format=%(refname)%00%(upstream:short)%00%(objectname)%00%(upstream:track)%00%(upstream:remotename)%00%(upstream:remoteref) refs/heads/main refs/remotes/main [2ms]
2023-09-07 12:32:02.746 [info] > git status -z -uall [2ms]
2023-09-07 12:32:42.635 [info] > git config --get commit.template [2ms]
2023-09-07 12:32:42.645 [info] > git for-each-ref --format=%(refname)%00%(upstream:short)%00%(objectname)%00%(upstream:track)%00%(upstream:remotename)%00%(upstream:remoteref) refs/heads/main refs/remotes/main [1ms]
2023-09-07 12:32:42.654 [info] > git status -z -uall [2ms]
2023-09-07 12:32:53.917 [info] > git config --get commit.template [8ms]
2023-09-07 12:32:53.918 [info] > git for-each-ref --format=%(refname)%00%(upstream:short)%00%(objectname)%00%(upstream:track)%00%(upstream:remotename)%00%(upstream:remoteref) refs/heads/main refs/remotes/main [2ms]
2023-09-07 12:32:53.925 [info] > git status -z -uall [2ms]
2023-09-07 12:38:01.717 [info] > git config --get commit.template [7ms]
2023-09-07 12:38:01.718 [info] > git for-each-ref --format=%(refname)%00%(upstream:short)%00%(objectname)%00%(upstream:track)%00%(upstream:remotename)%00%(upstream:remoteref) refs/heads/main refs/remotes/main [1ms]
2023-09-07 12:38:01.725 [info] > git status -z -uall [1ms]
2023-09-07 12:38:38.187 [info] > git config --get commit.template [1ms]
2023-09-07 12:38:38.196 [info] > git for-each-ref --format=%(refname)%00%(upstream:short)%00%(objectname)%00%(upstream:track)%00%(upstream:remotename)%00%(upstream:remoteref) refs/heads/main refs/remotes/main [2ms]
2023-09-07 12:38:38.203 [info] > git status -z -uall [2ms]
2023-09-07 12:39:28.198 [info] > git config --get commit.template [9ms]
2023-09-07 12:39:28.199 [info] > git for-each-ref --format=%(refname)%00%(upstream:short)%00%(objectname)%00%(upstream:track)%00%(upstream:remotename)%00%(upstream:remoteref) refs/heads/main refs/remotes/main [2ms]
2023-09-07 12:39:28.207 [info] > git status -z -uall [2ms]
2023-09-07 12:41:01.742 [info] > git config --get commit.template [1ms]
2023-09-07 12:41:01.752 [info] > git for-each-ref --format=%(refname)%00%(upstream:short)%00%(objectname)%00%(upstream:track)%00%(upstream:remotename)%00%(upstream:remoteref) refs/heads/main refs/remotes/main [2ms]
2023-09-07 12:41:01.762 [info] > git status -z -uall [2ms]
2023-09-07 12:41:41.212 [info] > git config --get commit.template [2ms]
2023-09-07 12:41:41.222 [info] > git for-each-ref --format=%(refname)%00%(upstream:short)%00%(objectname)%00%(upstream:track)%00%(upstream:remotename)%00%(upstream:remoteref) refs/heads/main refs/remotes/main [1ms]
2023-09-07 12:41:41.231 [info] > git status -z -uall [2ms]
2023-09-07 12:42:18.395 [info] > git config --get commit.template [3ms]
2023-09-07 12:42:18.405 [info] > git for-each-ref --format=%(refname)%00%(upstream:short)%00%(objectname)%00%(upstream:track)%00%(upstream:remotename)%00%(upstream:remoteref) refs/heads/main refs/remotes/main [2ms]
2023-09-07 12:42:18.415 [info] > git status -z -uall [2ms]
2023-09-07 12:42:50.678 [info] > git config --get commit.template [2ms]
2023-09-07 12:42:50.688 [info] > git for-each-ref --format=%(refname)%00%(upstream:short)%00%(objectname)%00%(upstream:track)%00%(upstream:remotename)%00%(upstream:remoteref) refs/heads/main refs/remotes/main [1ms]
2023-09-07 12:42:50.697 [info] > git status -z -uall [1ms]
2023-09-07 12:52:04.584 [info] > git config --get commit.template [2ms]
2023-09-07 12:52:04.595 [info] > git for-each-ref --format=%(refname)%00%(upstream:short)%00%(objectname)%00%(upstream:track)%00%(upstream:remotename)%00%(upstream:remoteref) refs/heads/main refs/remotes/main [2ms]
2023-09-07 12:52:04.605 [info] > git status -z -uall [2ms]
2023-09-07 12:58:17.619 [info] > git config --get commit.template [2ms]
2023-09-07 12:58:17.628 [info] > git for-each-ref --format=%(refname)%00%(upstream:short)%00%(objectname)%00%(upstream:track)%00%(upstream:remotename)%00%(upstream:remoteref) refs/heads/main refs/remotes/main [2ms]
2023-09-07 12:58:17.638 [info] > git status -z -uall [1ms]
2023-09-07 12:59:08.099 [info] > git config --get commit.template [9ms]
2023-09-07 12:59:08.100 [info] > git for-each-ref --format=%(refname)%00%(upstream:short)%00%(objectname)%00%(upstream:track)%00%(upstream:remotename)%00%(upstream:remoteref) refs/heads/main refs/remotes/main [1ms]
2023-09-07 12:59:08.110 [info] > git status -z -uall [1ms]
2023-09-07 12:59:57.947 [info] > git for-each-ref --format=%(refname)%00%(upstream:short)%00%(objectname)%00%(upstream:track)%00%(upstream:remotename)%00%(upstream:remoteref) refs/heads/main refs/remotes/main [3ms]
2023-09-07 12:59:57.948 [info] > git config --get commit.template [10ms]
2023-09-07 12:59:57.955 [info] > git status -z -uall [2ms]
2023-09-07 13:00:10.320 [info] > git config --get commit.template [1ms]
2023-09-07 13:00:10.330 [info] > git for-each-ref --format=%(refname)%00%(upstream:short)%00%(objectname)%00%(upstream:track)%00%(upstream:remotename)%00%(upstream:remoteref) refs/heads/main refs/remotes/main [2ms]
2023-09-07 13:00:10.340 [info] > git status -z -uall [2ms]
2023-09-07 13:03:05.419 [info] > git show --textconv :layouts/main.vue [8ms]
2023-09-07 13:03:05.420 [info] > git ls-files --stage -- /home/lullaby/Projects/Safepill/safepill-frontend/layouts/main.vue [2ms]
2023-09-07 13:03:06.194 [info] > git config --get commit.template [1ms]
2023-09-07 13:03:06.203 [info] > git for-each-ref --format=%(refname)%00%(upstream:short)%00%(objectname)%00%(upstream:track)%00%(upstream:remotename)%00%(upstream:remoteref) refs/heads/main refs/remotes/main [2ms]
2023-09-07 13:03:06.213 [info] > git status -z -uall [2ms]
2023-09-07 13:03:16.384 [info] > git config --get commit.template [2ms]
2023-09-07 13:03:16.393 [info] > git for-each-ref --format=%(refname)%00%(upstream:short)%00%(objectname)%00%(upstream:track)%00%(upstream:remotename)%00%(upstream:remoteref) refs/heads/main refs/remotes/main [2ms]
2023-09-07 13:03:16.401 [info] > git status -z -uall [1ms]
2023-09-07 13:04:42.689 [info] > git config --get commit.template [2ms]
2023-09-07 13:04:42.698 [info] > git for-each-ref --format=%(refname)%00%(upstream:short)%00%(objectname)%00%(upstream:track)%00%(upstream:remotename)%00%(upstream:remoteref) refs/heads/main refs/remotes/main [2ms]
2023-09-07 13:04:42.708 [info] > git status -z -uall [2ms]
2023-09-07 13:05:13.447 [info] > git config --get commit.template [9ms]
2023-09-07 13:05:13.448 [info] > git for-each-ref --format=%(refname)%00%(upstream:short)%00%(objectname)%00%(upstream:track)%00%(upstream:remotename)%00%(upstream:remoteref) refs/heads/main refs/remotes/main [1ms]
2023-09-07 13:05:13.455 [info] > git status -z -uall [1ms]
