2023-09-10 18:19:33.436 [info] Log level: Info
2023-09-10 18:19:33.436 [info] Validating found git in: "git"
2023-09-10 18:19:33.436 [info] Using git "2.42.0" from "git"
2023-09-10 18:19:33.436 [info] > git rev-parse --show-toplevel [11ms]
2023-09-10 18:19:33.437 [info] > git rev-parse --git-dir --git-common-dir [4ms]
2023-09-10 18:19:33.449 [info] Open repository: /home/lullaby/Projects/Safepill/safepill-frontend
2023-09-10 18:19:33.494 [info] > git config --get commit.template [37ms]
2023-09-10 18:19:33.506 [info] > git rev-parse --show-toplevel [13ms]
2023-09-10 18:19:33.514 [info] > git for-each-ref --format=%(refname)%00%(upstream:short)%00%(objectname)%00%(upstream:track)%00%(upstream:remotename)%00%(upstream:remoteref) refs/heads/main refs/remotes/main [2ms]
2023-09-10 18:19:33.529 [info] > git status -z -uall [10ms]
2023-09-10 18:19:33.583 [info] > git config --get commit.template [35ms]
2023-09-10 18:19:33.583 [info] > git rev-parse --show-toplevel [39ms]
2023-09-10 18:19:33.610 [info] > git for-each-ref --format=%(refname)%00%(upstream:short)%00%(objectname)%00%(upstream:track)%00%(upstream:remotename)%00%(upstream:remoteref) refs/heads/main refs/remotes/main [18ms]
2023-09-10 18:19:33.616 [info] > git rev-parse --show-toplevel [5ms]
2023-09-10 18:19:33.618 [info] > git status -z -uall [3ms]
2023-09-10 18:19:33.632 [info] > git rev-parse --show-toplevel [3ms]
2023-09-10 18:19:33.638 [info] > git rev-parse --show-toplevel [1ms]
2023-09-10 18:19:33.645 [info] > git rev-parse --show-toplevel [2ms]
2023-09-10 18:19:33.650 [info] > git rev-parse --show-toplevel [1ms]
2023-09-10 18:19:33.656 [info] > git rev-parse --show-toplevel [1ms]
2023-09-10 18:19:33.662 [info] > git rev-parse --show-toplevel [1ms]
2023-09-10 18:19:33.965 [info] > git show --textconv :pages/index.vue [11ms]
2023-09-10 18:19:33.966 [info] > git ls-files --stage -- /home/lullaby/Projects/Safepill/safepill-frontend/pages/index.vue [3ms]
2023-09-10 18:19:34.012 [info] > git check-ignore -v -z --stdin [8ms]
2023-09-10 18:55:15.828 [info] > git show --textconv :components/Header.vue [6ms]
2023-09-10 18:55:15.829 [info] > git ls-files --stage -- /home/lullaby/Projects/Safepill/safepill-frontend/components/Header.vue [2ms]
2023-09-10 19:00:11.066 [info] > git config --get commit.template [2ms]
2023-09-10 19:00:11.075 [info] > git for-each-ref --format=%(refname)%00%(upstream:short)%00%(objectname)%00%(upstream:track)%00%(upstream:remotename)%00%(upstream:remoteref) refs/heads/main refs/remotes/main [2ms]
2023-09-10 19:00:11.085 [info] > git status -z -uall [2ms]
2023-09-10 19:00:26.003 [info] > git config --get commit.template [8ms]
2023-09-10 19:00:26.004 [info] > git for-each-ref --format=%(refname)%00%(upstream:short)%00%(objectname)%00%(upstream:track)%00%(upstream:remotename)%00%(upstream:remoteref) refs/heads/main refs/remotes/main [2ms]
2023-09-10 19:00:26.012 [info] > git status -z -uall [2ms]
2023-09-10 19:00:26.862 [info] > git show --textconv :assets/css/main.css [8ms]
2023-09-10 19:00:26.863 [info] > git ls-files --stage -- /home/lullaby/Projects/Safepill/safepill-frontend/assets/css/main.css [2ms]
2023-09-10 19:00:58.125 [info] > git config --get commit.template [2ms]
2023-09-10 19:00:58.136 [info] > git for-each-ref --format=%(refname)%00%(upstream:short)%00%(objectname)%00%(upstream:track)%00%(upstream:remotename)%00%(upstream:remoteref) refs/heads/main refs/remotes/main [1ms]
2023-09-10 19:00:58.146 [info] > git status -z -uall [3ms]
2023-09-10 19:04:31.252 [info] > git config --get commit.template [3ms]
2023-09-10 19:04:31.263 [info] > git for-each-ref --format=%(refname)%00%(upstream:short)%00%(objectname)%00%(upstream:track)%00%(upstream:remotename)%00%(upstream:remoteref) refs/heads/main refs/remotes/main [2ms]
2023-09-10 19:04:31.273 [info] > git status -z -uall [2ms]
2023-09-10 19:06:57.146 [info] > git config --get commit.template [2ms]
2023-09-10 19:06:57.156 [info] > git for-each-ref --format=%(refname)%00%(upstream:short)%00%(objectname)%00%(upstream:track)%00%(upstream:remotename)%00%(upstream:remoteref) refs/heads/main refs/remotes/main [2ms]
2023-09-10 19:06:57.167 [info] > git status -z -uall [3ms]
2023-09-10 19:07:20.990 [info] > git config --get commit.template [3ms]
2023-09-10 19:07:21.001 [info] > git for-each-ref --format=%(refname)%00%(upstream:short)%00%(objectname)%00%(upstream:track)%00%(upstream:remotename)%00%(upstream:remoteref) refs/heads/main refs/remotes/main [2ms]
2023-09-10 19:07:21.013 [info] > git status -z -uall [2ms]
2023-09-10 19:09:02.536 [info] > git config --get commit.template [8ms]
2023-09-10 19:09:02.537 [info] > git for-each-ref --format=%(refname)%00%(upstream:short)%00%(objectname)%00%(upstream:track)%00%(upstream:remotename)%00%(upstream:remoteref) refs/heads/main refs/remotes/main [3ms]
2023-09-10 19:09:02.547 [info] > git status -z -uall [3ms]
2023-09-10 19:09:28.174 [info] > git config --get commit.template [8ms]
2023-09-10 19:09:28.175 [info] > git for-each-ref --format=%(refname)%00%(upstream:short)%00%(objectname)%00%(upstream:track)%00%(upstream:remotename)%00%(upstream:remoteref) refs/heads/main refs/remotes/main [2ms]
2023-09-10 19:09:28.182 [info] > git status -z -uall [2ms]
2023-09-10 19:09:40.728 [info] > git config --get commit.template [2ms]
2023-09-10 19:09:40.738 [info] > git for-each-ref --format=%(refname)%00%(upstream:short)%00%(objectname)%00%(upstream:track)%00%(upstream:remotename)%00%(upstream:remoteref) refs/heads/main refs/remotes/main [2ms]
2023-09-10 19:09:40.747 [info] > git status -z -uall [2ms]
2023-09-10 19:10:23.422 [info] > git config --get commit.template [2ms]
2023-09-10 19:10:23.431 [info] > git for-each-ref --format=%(refname)%00%(upstream:short)%00%(objectname)%00%(upstream:track)%00%(upstream:remotename)%00%(upstream:remoteref) refs/heads/main refs/remotes/main [2ms]
2023-09-10 19:10:23.440 [info] > git status -z -uall [2ms]
2023-09-10 19:10:32.021 [info] > git config --get commit.template [2ms]
2023-09-10 19:10:32.031 [info] > git for-each-ref --format=%(refname)%00%(upstream:short)%00%(objectname)%00%(upstream:track)%00%(upstream:remotename)%00%(upstream:remoteref) refs/heads/main refs/remotes/main [2ms]
2023-09-10 19:10:32.040 [info] > git status -z -uall [2ms]
2023-09-10 19:10:55.590 [info] > git config --get commit.template [1ms]
2023-09-10 19:10:55.599 [info] > git for-each-ref --format=%(refname)%00%(upstream:short)%00%(objectname)%00%(upstream:track)%00%(upstream:remotename)%00%(upstream:remoteref) refs/heads/main refs/remotes/main [2ms]
2023-09-10 19:10:55.609 [info] > git status -z -uall [2ms]
2023-09-10 19:11:01.837 [info] > git config --get commit.template [2ms]
2023-09-10 19:11:01.848 [info] > git for-each-ref --format=%(refname)%00%(upstream:short)%00%(objectname)%00%(upstream:track)%00%(upstream:remotename)%00%(upstream:remoteref) refs/heads/main refs/remotes/main [2ms]
2023-09-10 19:11:01.862 [info] > git status -z -uall [2ms]
2023-09-10 19:12:57.471 [info] > git config --get commit.template [2ms]
2023-09-10 19:12:57.481 [info] > git for-each-ref --format=%(refname)%00%(upstream:short)%00%(objectname)%00%(upstream:track)%00%(upstream:remotename)%00%(upstream:remoteref) refs/heads/main refs/remotes/main [2ms]
2023-09-10 19:12:57.492 [info] > git status -z -uall [3ms]
2023-09-10 19:13:15.135 [info] > git config --get commit.template [2ms]
2023-09-10 19:13:15.144 [info] > git for-each-ref --format=%(refname)%00%(upstream:short)%00%(objectname)%00%(upstream:track)%00%(upstream:remotename)%00%(upstream:remoteref) refs/heads/main refs/remotes/main [2ms]
2023-09-10 19:13:15.157 [info] > git status -z -uall [2ms]
2023-09-10 19:13:25.191 [info] > git config --get commit.template [2ms]
2023-09-10 19:13:25.200 [info] > git for-each-ref --format=%(refname)%00%(upstream:short)%00%(objectname)%00%(upstream:track)%00%(upstream:remotename)%00%(upstream:remoteref) refs/heads/main refs/remotes/main [2ms]
2023-09-10 19:13:25.212 [info] > git status -z -uall [2ms]
2023-09-10 19:13:30.232 [info] > git config --get commit.template [1ms]
2023-09-10 19:13:30.241 [info] > git for-each-ref --format=%(refname)%00%(upstream:short)%00%(objectname)%00%(upstream:track)%00%(upstream:remotename)%00%(upstream:remoteref) refs/heads/main refs/remotes/main [2ms]
2023-09-10 19:13:30.251 [info] > git status -z -uall [2ms]
2023-09-10 19:13:35.874 [info] > git config --get commit.template [1ms]
2023-09-10 19:13:35.886 [info] > git for-each-ref --format=%(refname)%00%(upstream:short)%00%(objectname)%00%(upstream:track)%00%(upstream:remotename)%00%(upstream:remoteref) refs/heads/main refs/remotes/main [1ms]
2023-09-10 19:13:35.896 [info] > git status -z -uall [2ms]
2023-09-10 19:13:41.628 [info] > git config --get commit.template [1ms]
2023-09-10 19:13:41.638 [info] > git for-each-ref --format=%(refname)%00%(upstream:short)%00%(objectname)%00%(upstream:track)%00%(upstream:remotename)%00%(upstream:remoteref) refs/heads/main refs/remotes/main [2ms]
2023-09-10 19:13:41.649 [info] > git status -z -uall [2ms]
2023-09-10 19:16:44.372 [info] > git config --get commit.template [2ms]
2023-09-10 19:16:44.382 [info] > git for-each-ref --format=%(refname)%00%(upstream:short)%00%(objectname)%00%(upstream:track)%00%(upstream:remotename)%00%(upstream:remoteref) refs/heads/main refs/remotes/main [2ms]
2023-09-10 19:16:44.392 [info] > git status -z -uall [2ms]
2023-09-10 19:18:45.237 [info] > git config --get commit.template [1ms]
2023-09-10 19:18:45.247 [info] > git for-each-ref --format=%(refname)%00%(upstream:short)%00%(objectname)%00%(upstream:track)%00%(upstream:remotename)%00%(upstream:remoteref) refs/heads/main refs/remotes/main [1ms]
2023-09-10 19:18:45.256 [info] > git status -z -uall [2ms]
2023-09-10 19:19:19.942 [info] > git config --get commit.template [7ms]
2023-09-10 19:19:19.943 [info] > git for-each-ref --format=%(refname)%00%(upstream:short)%00%(objectname)%00%(upstream:track)%00%(upstream:remotename)%00%(upstream:remoteref) refs/heads/main refs/remotes/main [1ms]
2023-09-10 19:19:19.951 [info] > git status -z -uall [3ms]
2023-09-10 19:19:26.056 [info] > git config --get commit.template [2ms]
2023-09-10 19:19:26.065 [info] > git for-each-ref --format=%(refname)%00%(upstream:short)%00%(objectname)%00%(upstream:track)%00%(upstream:remotename)%00%(upstream:remoteref) refs/heads/main refs/remotes/main [1ms]
2023-09-10 19:19:26.075 [info] > git status -z -uall [2ms]
2023-09-10 19:19:31.094 [info] > git config --get commit.template [3ms]
2023-09-10 19:19:31.103 [info] > git for-each-ref --format=%(refname)%00%(upstream:short)%00%(objectname)%00%(upstream:track)%00%(upstream:remotename)%00%(upstream:remoteref) refs/heads/main refs/remotes/main [2ms]
2023-09-10 19:19:31.113 [info] > git status -z -uall [2ms]
2023-09-10 20:48:24.171 [info] > git config --get commit.template [1ms]
2023-09-10 20:48:24.181 [info] > git for-each-ref --format=%(refname)%00%(upstream:short)%00%(objectname)%00%(upstream:track)%00%(upstream:remotename)%00%(upstream:remoteref) refs/heads/main refs/remotes/main [1ms]
2023-09-10 20:48:24.191 [info] > git status -z -uall [2ms]
2023-09-10 20:48:41.234 [info] > git config --get commit.template [1ms]
2023-09-10 20:48:41.245 [info] > git for-each-ref --format=%(refname)%00%(upstream:short)%00%(objectname)%00%(upstream:track)%00%(upstream:remotename)%00%(upstream:remoteref) refs/heads/main refs/remotes/main [2ms]
2023-09-10 20:48:41.255 [info] > git status -z -uall [2ms]
2023-09-10 20:48:54.121 [info] > git config --get commit.template [8ms]
2023-09-10 20:48:54.122 [info] > git for-each-ref --format=%(refname)%00%(upstream:short)%00%(objectname)%00%(upstream:track)%00%(upstream:remotename)%00%(upstream:remoteref) refs/heads/main refs/remotes/main [2ms]
2023-09-10 20:48:54.130 [info] > git status -z -uall [2ms]
2023-09-10 20:49:07.153 [info] > git show --textconv :tailwind.config.js [7ms]
2023-09-10 20:49:07.154 [info] > git ls-files --stage -- /home/lullaby/Projects/Safepill/safepill-frontend/tailwind.config.js [1ms]
2023-09-10 21:05:47.153 [info] > git config --get commit.template [6ms]
2023-09-10 21:05:47.154 [info] > git for-each-ref --format=%(refname)%00%(upstream:short)%00%(objectname)%00%(upstream:track)%00%(upstream:remotename)%00%(upstream:remoteref) refs/heads/main refs/remotes/main [2ms]
2023-09-10 21:05:47.161 [info] > git status -z -uall [2ms]
2023-09-10 21:06:04.309 [info] > git config --get commit.template [2ms]
2023-09-10 21:06:04.321 [info] > git for-each-ref --format=%(refname)%00%(upstream:short)%00%(objectname)%00%(upstream:track)%00%(upstream:remotename)%00%(upstream:remoteref) refs/heads/main refs/remotes/main [1ms]
2023-09-10 21:06:04.331 [info] > git status -z -uall [2ms]
2023-09-10 21:06:27.073 [info] > git config --get commit.template [1ms]
2023-09-10 21:06:27.081 [info] > git for-each-ref --format=%(refname)%00%(upstream:short)%00%(objectname)%00%(upstream:track)%00%(upstream:remotename)%00%(upstream:remoteref) refs/heads/main refs/remotes/main [2ms]
2023-09-10 21:06:27.089 [info] > git status -z -uall [2ms]
2023-09-10 21:06:32.111 [info] > git config --get commit.template [8ms]
2023-09-10 21:06:32.112 [info] > git for-each-ref --format=%(refname)%00%(upstream:short)%00%(objectname)%00%(upstream:track)%00%(upstream:remotename)%00%(upstream:remoteref) refs/heads/main refs/remotes/main [2ms]
2023-09-10 21:06:32.120 [info] > git status -z -uall [2ms]
2023-09-10 21:07:03.421 [info] > git config --get commit.template [2ms]
2023-09-10 21:07:03.431 [info] > git for-each-ref --format=%(refname)%00%(upstream:short)%00%(objectname)%00%(upstream:track)%00%(upstream:remotename)%00%(upstream:remoteref) refs/heads/main refs/remotes/main [2ms]
2023-09-10 21:07:03.441 [info] > git status -z -uall [2ms]
2023-09-10 21:07:08.461 [info] > git config --get commit.template [1ms]
2023-09-10 21:07:08.469 [info] > git for-each-ref --format=%(refname)%00%(upstream:short)%00%(objectname)%00%(upstream:track)%00%(upstream:remotename)%00%(upstream:remoteref) refs/heads/main refs/remotes/main [2ms]
2023-09-10 21:07:08.479 [info] > git status -z -uall [2ms]
2023-09-10 21:09:01.367 [info] > git config --get commit.template [9ms]
2023-09-10 21:09:01.367 [info] > git for-each-ref --format=%(refname)%00%(upstream:short)%00%(objectname)%00%(upstream:track)%00%(upstream:remotename)%00%(upstream:remoteref) refs/heads/main refs/remotes/main [1ms]
2023-09-10 21:09:01.378 [info] > git status -z -uall [2ms]
2023-09-10 21:09:07.247 [info] > git config --get commit.template [1ms]
2023-09-10 21:09:07.259 [info] > git for-each-ref --format=%(refname)%00%(upstream:short)%00%(objectname)%00%(upstream:track)%00%(upstream:remotename)%00%(upstream:remoteref) refs/heads/main refs/remotes/main [3ms]
2023-09-10 21:09:07.271 [info] > git status -z -uall [2ms]
2023-09-10 21:09:20.233 [info] > git show --textconv :entrypoint.sh [11ms]
2023-09-10 21:09:20.235 [info] > git ls-files --stage -- /home/lullaby/Projects/Safepill/safepill-frontend/entrypoint.sh [5ms]
2023-09-10 21:09:26.310 [info] > git config --get commit.template [2ms]
2023-09-10 21:09:26.321 [info] > git for-each-ref --format=%(refname)%00%(upstream:short)%00%(objectname)%00%(upstream:track)%00%(upstream:remotename)%00%(upstream:remoteref) refs/heads/main refs/remotes/main [1ms]
2023-09-10 21:09:26.332 [info] > git status -z -uall [3ms]
2023-09-10 21:10:41.671 [info] > git config --get commit.template [2ms]
2023-09-10 21:10:41.678 [info] > git for-each-ref --format=%(refname)%00%(upstream:short)%00%(objectname)%00%(upstream:track)%00%(upstream:remotename)%00%(upstream:remoteref) refs/heads/main refs/remotes/main [2ms]
2023-09-10 21:10:41.689 [info] > git status -z -uall [2ms]
2023-09-10 21:11:24.708 [info] > git config --get commit.template [2ms]
2023-09-10 21:11:24.718 [info] > git for-each-ref --format=%(refname)%00%(upstream:short)%00%(objectname)%00%(upstream:track)%00%(upstream:remotename)%00%(upstream:remoteref) refs/heads/main refs/remotes/main [1ms]
2023-09-10 21:11:24.730 [info] > git status -z -uall [3ms]
2023-09-10 21:11:29.752 [info] > git config --get commit.template [3ms]
2023-09-10 21:11:29.764 [info] > git for-each-ref --format=%(refname)%00%(upstream:short)%00%(objectname)%00%(upstream:track)%00%(upstream:remotename)%00%(upstream:remoteref) refs/heads/main refs/remotes/main [1ms]
2023-09-10 21:11:29.775 [info] > git status -z -uall [2ms]
2023-09-10 21:11:56.256 [info] > git config --get commit.template [2ms]
2023-09-10 21:11:56.267 [info] > git for-each-ref --format=%(refname)%00%(upstream:short)%00%(objectname)%00%(upstream:track)%00%(upstream:remotename)%00%(upstream:remoteref) refs/heads/main refs/remotes/main [2ms]
2023-09-10 21:11:56.277 [info] > git status -z -uall [2ms]
2023-09-10 21:12:01.691 [info] > git config --get commit.template [2ms]
2023-09-10 21:12:01.701 [info] > git for-each-ref --format=%(refname)%00%(upstream:short)%00%(objectname)%00%(upstream:track)%00%(upstream:remotename)%00%(upstream:remoteref) refs/heads/main refs/remotes/main [2ms]
2023-09-10 21:12:01.710 [info] > git status -z -uall [2ms]
2023-09-10 21:12:18.954 [info] > git config --get commit.template [10ms]
2023-09-10 21:12:18.955 [info] > git for-each-ref --format=%(refname)%00%(upstream:short)%00%(objectname)%00%(upstream:track)%00%(upstream:remotename)%00%(upstream:remoteref) refs/heads/main refs/remotes/main [1ms]
2023-09-10 21:12:18.964 [info] > git status -z -uall [2ms]
2023-09-10 21:12:23.981 [info] > git config --get commit.template [2ms]
2023-09-10 21:12:23.988 [info] > git for-each-ref --format=%(refname)%00%(upstream:short)%00%(objectname)%00%(upstream:track)%00%(upstream:remotename)%00%(upstream:remoteref) refs/heads/main refs/remotes/main [1ms]
2023-09-10 21:12:23.997 [info] > git status -z -uall [3ms]
2023-09-10 21:13:14.045 [info] > git show --textconv :Dockerfile [9ms]
2023-09-10 21:13:14.046 [info] > git ls-files --stage -- /home/lullaby/Projects/Safepill/safepill-frontend/Dockerfile [2ms]
2023-09-10 21:13:14.055 [info] > git cat-file -s d97f3f9a4fcc855257a5d48009c9642d0a04965f [1ms]
2023-09-10 21:13:24.494 [info] > git show --textconv :docker-compose.yml [10ms]
2023-09-10 21:13:24.497 [info] > git ls-files --stage -- /home/lullaby/Projects/Safepill/safepill-frontend/docker-compose.yml [4ms]
2023-09-10 21:13:24.507 [info] > git cat-file -s 08e2e4558b8e106155680f2353067c7a714e5522 [2ms]
2023-09-10 21:13:35.428 [info] > git show --textconv :Dockerfile [6ms]
2023-09-10 21:13:35.429 [info] > git ls-files --stage -- /home/lullaby/Projects/Safepill/safepill-frontend/Dockerfile [1ms]
2023-09-10 21:13:35.436 [info] > git cat-file -s d97f3f9a4fcc855257a5d48009c9642d0a04965f [1ms]
2023-09-10 21:13:41.600 [info] > git config --get commit.template [2ms]
2023-09-10 21:13:41.611 [info] > git for-each-ref --format=%(refname)%00%(upstream:short)%00%(objectname)%00%(upstream:track)%00%(upstream:remotename)%00%(upstream:remoteref) refs/heads/main refs/remotes/main [2ms]
2023-09-10 21:13:41.622 [info] > git status -z -uall [3ms]
2023-09-10 21:13:49.507 [info] > git config --get commit.template [2ms]
2023-09-10 21:13:49.517 [info] > git for-each-ref --format=%(refname)%00%(upstream:short)%00%(objectname)%00%(upstream:track)%00%(upstream:remotename)%00%(upstream:remoteref) refs/heads/main refs/remotes/main [2ms]
2023-09-10 21:13:49.528 [info] > git status -z -uall [2ms]
2023-09-10 21:15:53.931 [info] > git config --get commit.template [2ms]
2023-09-10 21:15:53.944 [info] > git for-each-ref --format=%(refname)%00%(upstream:short)%00%(objectname)%00%(upstream:track)%00%(upstream:remotename)%00%(upstream:remoteref) refs/heads/main refs/remotes/main [1ms]
2023-09-10 21:15:53.955 [info] > git status -z -uall [3ms]
2023-09-10 21:15:58.983 [info] > git config --get commit.template [11ms]
2023-09-10 21:15:58.984 [info] > git for-each-ref --format=%(refname)%00%(upstream:short)%00%(objectname)%00%(upstream:track)%00%(upstream:remotename)%00%(upstream:remoteref) refs/heads/main refs/remotes/main [2ms]
2023-09-10 21:15:58.994 [info] > git status -z -uall [3ms]
2023-09-10 21:16:06.262 [info] > git config --get commit.template [2ms]
2023-09-10 21:16:06.272 [info] > git for-each-ref --format=%(refname)%00%(upstream:short)%00%(objectname)%00%(upstream:track)%00%(upstream:remotename)%00%(upstream:remoteref) refs/heads/main refs/remotes/main [2ms]
2023-09-10 21:16:06.283 [info] > git status -z -uall [3ms]
2023-09-10 21:19:25.094 [info] > git config --get commit.template [1ms]
2023-09-10 21:19:25.110 [info] > git for-each-ref --format=%(refname)%00%(upstream:short)%00%(objectname)%00%(upstream:track)%00%(upstream:remotename)%00%(upstream:remoteref) refs/heads/main refs/remotes/main [3ms]
2023-09-10 21:19:25.124 [info] > git status -z -uall [3ms]
2023-09-10 21:19:30.143 [info] > git config --get commit.template [2ms]
2023-09-10 21:19:30.154 [info] > git for-each-ref --format=%(refname)%00%(upstream:short)%00%(objectname)%00%(upstream:track)%00%(upstream:remotename)%00%(upstream:remoteref) refs/heads/main refs/remotes/main [1ms]
2023-09-10 21:19:30.164 [info] > git status -z -uall [3ms]
2023-09-10 21:19:35.182 [info] > git config --get commit.template [2ms]
2023-09-10 21:19:35.191 [info] > git for-each-ref --format=%(refname)%00%(upstream:short)%00%(objectname)%00%(upstream:track)%00%(upstream:remotename)%00%(upstream:remoteref) refs/heads/main refs/remotes/main [2ms]
2023-09-10 21:19:35.201 [info] > git status -z -uall [2ms]
2023-09-10 21:20:27.881 [info] > git config --get commit.template [2ms]
2023-09-10 21:20:27.888 [info] > git for-each-ref --format=%(refname)%00%(upstream:short)%00%(objectname)%00%(upstream:track)%00%(upstream:remotename)%00%(upstream:remoteref) refs/heads/main refs/remotes/main [2ms]
2023-09-10 21:20:27.895 [info] > git status -z -uall [2ms]
2023-09-10 21:22:06.916 [info] > git config --get commit.template [9ms]
2023-09-10 21:22:06.916 [info] > git for-each-ref --format=%(refname)%00%(upstream:short)%00%(objectname)%00%(upstream:track)%00%(upstream:remotename)%00%(upstream:remoteref) refs/heads/main refs/remotes/main [1ms]
2023-09-10 21:22:06.927 [info] > git status -z -uall [2ms]
2023-09-10 21:22:11.945 [info] > git config --get commit.template [2ms]
2023-09-10 21:22:11.956 [info] > git for-each-ref --format=%(refname)%00%(upstream:short)%00%(objectname)%00%(upstream:track)%00%(upstream:remotename)%00%(upstream:remoteref) refs/heads/main refs/remotes/main [3ms]
2023-09-10 21:22:11.967 [info] > git status -z -uall [2ms]
2023-09-10 21:25:02.350 [info] > git config --get commit.template [8ms]
2023-09-10 21:25:02.351 [info] > git for-each-ref --format=%(refname)%00%(upstream:short)%00%(objectname)%00%(upstream:track)%00%(upstream:remotename)%00%(upstream:remoteref) refs/heads/main refs/remotes/main [2ms]
2023-09-10 21:25:02.359 [info] > git status -z -uall [3ms]
2023-09-10 21:25:07.375 [info] > git config --get commit.template [2ms]
2023-09-10 21:25:07.385 [info] > git for-each-ref --format=%(refname)%00%(upstream:short)%00%(objectname)%00%(upstream:track)%00%(upstream:remotename)%00%(upstream:remoteref) refs/heads/main refs/remotes/main [2ms]
2023-09-10 21:25:07.396 [info] > git status -z -uall [2ms]
2023-09-10 21:25:18.168 [info] > git config --get commit.template [1ms]
2023-09-10 21:25:18.177 [info] > git for-each-ref --format=%(refname)%00%(upstream:short)%00%(objectname)%00%(upstream:track)%00%(upstream:remotename)%00%(upstream:remoteref) refs/heads/main refs/remotes/main [2ms]
2023-09-10 21:25:18.185 [info] > git status -z -uall [3ms]
2023-09-10 21:25:34.005 [info] > git config --get commit.template [9ms]
2023-09-10 21:25:34.006 [info] > git for-each-ref --format=%(refname)%00%(upstream:short)%00%(objectname)%00%(upstream:track)%00%(upstream:remotename)%00%(upstream:remoteref) refs/heads/main refs/remotes/main [2ms]
2023-09-10 21:25:34.015 [info] > git status -z -uall [2ms]
2023-09-10 21:25:54.847 [info] > git config --get commit.template [9ms]
2023-09-10 21:25:54.847 [info] > git for-each-ref --format=%(refname)%00%(upstream:short)%00%(objectname)%00%(upstream:track)%00%(upstream:remotename)%00%(upstream:remoteref) refs/heads/main refs/remotes/main [1ms]
2023-09-10 21:25:54.857 [info] > git status -z -uall [2ms]
2023-09-10 21:26:36.697 [info] > git config --get commit.template [1ms]
2023-09-10 21:26:36.707 [info] > git for-each-ref --format=%(refname)%00%(upstream:short)%00%(objectname)%00%(upstream:track)%00%(upstream:remotename)%00%(upstream:remoteref) refs/heads/main refs/remotes/main [2ms]
2023-09-10 21:26:36.717 [info] > git status -z -uall [2ms]
2023-09-10 21:38:25.128 [info] > git config --get commit.template [8ms]
2023-09-10 21:38:25.129 [info] > git for-each-ref --format=%(refname)%00%(upstream:short)%00%(objectname)%00%(upstream:track)%00%(upstream:remotename)%00%(upstream:remoteref) refs/heads/main refs/remotes/main [2ms]
2023-09-10 21:38:25.138 [info] > git status -z -uall [2ms]
2023-09-10 21:38:25.227 [info] > git ls-files --stage -- /home/lullaby/Projects/Safepill/safepill-frontend/tailwind.config.js [11ms]
2023-09-10 21:38:25.234 [info] > git ls-files --stage -- /home/lullaby/Projects/Safepill/safepill-frontend/assets/css/main.css [29ms]
2023-09-10 21:38:25.241 [info] > git ls-files --stage -- /home/lullaby/Projects/Safepill/safepill-frontend/components/Header.vue [45ms]
2023-09-10 21:38:25.249 [info] > git ls-files --stage -- /home/lullaby/Projects/Safepill/safepill-frontend/pages/index.vue [61ms]
2023-09-10 21:38:25.278 [info] > git ls-files --stage -- /home/lullaby/Projects/Safepill/safepill-frontend/Dockerfile [6ms]
2023-09-10 21:38:25.285 [info] > git ls-files --stage -- /home/lullaby/Projects/Safepill/safepill-frontend/docker-compose.yml [21ms]
2023-09-10 21:38:25.293 [info] > git cat-file -s 4907547c9af08765a8d19890c97e3b34340905ed [37ms]
2023-09-10 21:38:25.294 [info] > git cat-file -s 8bbf8cfa0854808009d54012a914edb76fb29eec [46ms]
2023-09-10 21:38:25.295 [info] > git cat-file -s e2f199846648dcaeb75b03de006f307bc1bc8231 [54ms]
2023-09-10 21:38:25.295 [info] > git cat-file -s 9b85015306c34ab9bfd6f105ae0db57ac859f7dc [61ms]
2023-09-10 21:38:25.296 [info] > git ls-files --stage -- /home/lullaby/Projects/Safepill/safepill-frontend/entrypoint.sh [72ms]
2023-09-10 21:38:25.304 [info] > git cat-file -s 26f0a2cd0819e8b9e475149e328dc7a21ea5fa59 [1ms]
2023-09-10 21:38:25.305 [info] > git cat-file -s 8a715bfdfb6e2473abf362ee59e2edd0cc6e64e5 [12ms]
2023-09-10 21:38:25.306 [info] > git cat-file -s 6003479f0f2432054f079eb308d85b309da8ec22 [21ms]
2023-09-10 21:38:25.340 [info] > git show --textconv :pages/index.vue [26ms]
2023-09-10 21:38:25.340 [info] > git show --textconv :components/Header.vue [18ms]
2023-09-10 21:38:25.340 [info] > git show --textconv :assets/css/main.css [10ms]
2023-09-10 21:38:25.369 [info] > git show --textconv :tailwind.config.js [29ms]
2023-09-10 21:38:25.369 [info] > git show --textconv :entrypoint.sh [19ms]
2023-09-10 21:38:25.369 [info] > git show --textconv :docker-compose.yml [11ms]
2023-09-10 21:38:25.369 [info] > git show --textconv :Dockerfile [3ms]
2023-09-10 21:38:30.160 [info] > git config --get commit.template [2ms]
2023-09-10 21:38:30.170 [info] > git for-each-ref --format=%(refname)%00%(upstream:short)%00%(objectname)%00%(upstream:track)%00%(upstream:remotename)%00%(upstream:remoteref) refs/heads/main refs/remotes/main [2ms]
2023-09-10 21:38:30.180 [info] > git status -z -uall [2ms]
2023-09-10 21:38:32.502 [info] > git ls-files --stage -- /home/lullaby/Projects/Safepill/safepill-frontend/components/Header.vue [9ms]
2023-09-10 21:38:32.512 [info] > git ls-files --stage -- /home/lullaby/Projects/Safepill/safepill-frontend/pages/index.vue [29ms]
2023-09-10 21:38:32.557 [info] > git ls-files --stage -- /home/lullaby/Projects/Safepill/safepill-frontend/docker-compose.yml [12ms]
2023-09-10 21:38:32.565 [info] > git ls-files --stage -- /home/lullaby/Projects/Safepill/safepill-frontend/entrypoint.sh [28ms]
2023-09-10 21:38:32.574 [info] > git ls-files --stage -- /home/lullaby/Projects/Safepill/safepill-frontend/tailwind.config.js [45ms]
2023-09-10 21:38:32.582 [info] > git cat-file -s 4907547c9af08765a8d19890c97e3b34340905ed [63ms]
2023-09-10 21:38:32.583 [info] > git cat-file -s 8bbf8cfa0854808009d54012a914edb76fb29eec [72ms]
2023-09-10 21:38:32.584 [info] > git ls-files --stage -- /home/lullaby/Projects/Safepill/safepill-frontend/assets/css/main.css [82ms]
2023-09-10 21:38:32.595 [info] > git cat-file -s e2f199846648dcaeb75b03de006f307bc1bc8231 [3ms]
2023-09-10 21:38:32.596 [info] > git cat-file -s 9b85015306c34ab9bfd6f105ae0db57ac859f7dc [15ms]
2023-09-10 21:38:32.596 [info] > git cat-file -s 26f0a2cd0819e8b9e475149e328dc7a21ea5fa59 [23ms]
2023-09-10 21:38:32.597 [info] > git cat-file -s 8a715bfdfb6e2473abf362ee59e2edd0cc6e64e5 [32ms]
2023-09-10 21:38:32.598 [info] > git ls-files --stage -- /home/lullaby/Projects/Safepill/safepill-frontend/Dockerfile [44ms]
2023-09-10 21:38:32.625 [info] > git show --textconv :pages/index.vue [10ms]
2023-09-10 21:38:32.626 [info] > git cat-file -s 6003479f0f2432054f079eb308d85b309da8ec22 [20ms]
2023-09-10 21:38:32.661 [info] > git show --textconv :components/Header.vue [37ms]
2023-09-10 21:38:32.661 [info] > git show --textconv :assets/css/main.css [27ms]
2023-09-10 21:38:32.661 [info] > git show --textconv :tailwind.config.js [18ms]
2023-09-10 21:38:32.661 [info] > git show --textconv :entrypoint.sh [10ms]
2023-09-10 21:38:32.661 [info] > git show --textconv :docker-compose.yml [2ms]
2023-09-10 21:38:32.701 [info] > git show --textconv :Dockerfile [2ms]
2023-09-10 21:38:35.199 [info] > git config --get commit.template [2ms]
2023-09-10 21:38:35.211 [info] > git for-each-ref --format=%(refname)%00%(upstream:short)%00%(objectname)%00%(upstream:track)%00%(upstream:remotename)%00%(upstream:remoteref) refs/heads/main refs/remotes/main [2ms]
2023-09-10 21:38:35.221 [info] > git status -z -uall [2ms]
2023-09-10 21:41:54.047 [info] > git config --get commit.template [1ms]
2023-09-10 21:41:54.056 [info] > git for-each-ref --format=%(refname)%00%(upstream:short)%00%(objectname)%00%(upstream:track)%00%(upstream:remotename)%00%(upstream:remoteref) refs/heads/main refs/remotes/main [2ms]
2023-09-10 21:41:54.068 [info] > git status -z -uall [3ms]
2023-09-10 21:41:54.268 [info] > git ls-files --stage -- /home/lullaby/Projects/Safepill/safepill-frontend/entrypoint.sh [56ms]
2023-09-10 21:41:54.269 [info] > git ls-files --stage -- /home/lullaby/Projects/Safepill/safepill-frontend/tailwind.config.js [65ms]
2023-09-10 21:41:54.270 [info] > git ls-files --stage -- /home/lullaby/Projects/Safepill/safepill-frontend/assets/css/main.css [74ms]
2023-09-10 21:41:54.270 [info] > git ls-files --stage -- /home/lullaby/Projects/Safepill/safepill-frontend/components/Header.vue [82ms]
2023-09-10 21:41:54.271 [info] > git ls-files --stage -- /home/lullaby/Projects/Safepill/safepill-frontend/pages/index.vue [92ms]
2023-09-10 21:41:54.290 [info] > git ls-files --stage -- /home/lullaby/Projects/Safepill/safepill-frontend/Dockerfile [3ms]
2023-09-10 21:41:54.291 [info] > git ls-files --stage -- /home/lullaby/Projects/Safepill/safepill-frontend/docker-compose.yml [11ms]
2023-09-10 21:41:54.306 [info] > git show --textconv :entrypoint.sh [8ms]
2023-09-10 21:41:54.341 [info] > git show --textconv :tailwind.config.js [36ms]
2023-09-10 21:41:54.341 [info] > git show --textconv :assets/css/main.css [26ms]
2023-09-10 21:41:54.341 [info] > git show --textconv :components/Header.vue [20ms]
2023-09-10 21:41:54.341 [info] > git show --textconv :pages/index.vue [14ms]
2023-09-10 21:41:54.341 [info] > git show --textconv :Dockerfile [8ms]
2023-09-10 21:41:54.341 [info] > git show --textconv :docker-compose.yml [2ms]
2023-09-10 21:43:00.889 [info] > git ls-files --stage -- /home/lullaby/Projects/Safepill/safepill-frontend/components/Header.vue [10ms]
2023-09-10 21:43:00.899 [info] > git ls-files --stage -- /home/lullaby/Projects/Safepill/safepill-frontend/pages/index.vue [29ms]
2023-09-10 21:43:00.936 [info] > git ls-files --stage -- /home/lullaby/Projects/Safepill/safepill-frontend/docker-compose.yml [8ms]
2023-09-10 21:43:00.942 [info] > git ls-files --stage -- /home/lullaby/Projects/Safepill/safepill-frontend/entrypoint.sh [19ms]
2023-09-10 21:43:00.947 [info] > git ls-files --stage -- /home/lullaby/Projects/Safepill/safepill-frontend/tailwind.config.js [34ms]
2023-09-10 21:43:00.953 [info] > git cat-file -s 4907547c9af08765a8d19890c97e3b34340905ed [47ms]
2023-09-10 21:43:00.954 [info] > git cat-file -s 8bbf8cfa0854808009d54012a914edb76fb29eec [56ms]
2023-09-10 21:43:00.954 [info] > git ls-files --stage -- /home/lullaby/Projects/Safepill/safepill-frontend/assets/css/main.css [66ms]
2023-09-10 21:43:00.961 [info] > git cat-file -s 9b85015306c34ab9bfd6f105ae0db57ac859f7dc [8ms]
2023-09-10 21:43:00.962 [info] > git cat-file -s 26f0a2cd0819e8b9e475149e328dc7a21ea5fa59 [15ms]
2023-09-10 21:43:00.962 [info] > git cat-file -s 8a715bfdfb6e2473abf362ee59e2edd0cc6e64e5 [21ms]
2023-09-10 21:43:00.962 [info] > git ls-files --stage -- /home/lullaby/Projects/Safepill/safepill-frontend/Dockerfile [27ms]
2023-09-10 21:43:00.987 [info] > git show --textconv :pages/index.vue [9ms]
2023-09-10 21:43:00.987 [info] > git cat-file -s 6003479f0f2432054f079eb308d85b309da8ec22 [18ms]
2023-09-10 21:43:00.988 [info] > git cat-file -s e2f199846648dcaeb75b03de006f307bc1bc8231 [28ms]
2023-09-10 21:43:01.007 [info] > git show --textconv :components/Header.vue [21ms]
2023-09-10 21:43:01.007 [info] > git show --textconv :tailwind.config.js [13ms]
2023-09-10 21:43:01.007 [info] > git show --textconv :entrypoint.sh [7ms]
2023-09-10 21:43:01.007 [info] > git show --textconv :docker-compose.yml [2ms]
2023-09-10 21:43:01.021 [info] > git show --textconv :Dockerfile [7ms]
2023-09-10 21:43:01.023 [info] > git show --textconv :assets/css/main.css [3ms]
2023-09-10 21:43:03.108 [info] > git config --get commit.template [2ms]
2023-09-10 21:43:03.117 [info] > git for-each-ref --format=%(refname)%00%(upstream:short)%00%(objectname)%00%(upstream:track)%00%(upstream:remotename)%00%(upstream:remoteref) refs/heads/main refs/remotes/main [1ms]
2023-09-10 21:43:03.185 [info] > git status -z -uall [60ms]
2023-09-10 21:43:06.647 [info] > git ls-files --stage -- /home/lullaby/Projects/Safepill/safepill-frontend/components/Header.vue [10ms]
2023-09-10 21:43:06.654 [info] > git ls-files --stage -- /home/lullaby/Projects/Safepill/safepill-frontend/pages/index.vue [25ms]
2023-09-10 21:43:06.698 [info] > git ls-files --stage -- /home/lullaby/Projects/Safepill/safepill-frontend/docker-compose.yml [12ms]
2023-09-10 21:43:06.706 [info] > git ls-files --stage -- /home/lullaby/Projects/Safepill/safepill-frontend/entrypoint.sh [27ms]
2023-09-10 21:43:06.713 [info] > git ls-files --stage -- /home/lullaby/Projects/Safepill/safepill-frontend/tailwind.config.js [43ms]
2023-09-10 21:43:06.720 [info] > git cat-file -s 4907547c9af08765a8d19890c97e3b34340905ed [59ms]
2023-09-10 21:43:06.721 [info] > git cat-file -s 8bbf8cfa0854808009d54012a914edb76fb29eec [67ms]
2023-09-10 21:43:06.722 [info] > git ls-files --stage -- /home/lullaby/Projects/Safepill/safepill-frontend/assets/css/main.css [76ms]
2023-09-10 21:43:06.732 [info] > git cat-file -s e2f199846648dcaeb75b03de006f307bc1bc8231 [3ms]
2023-09-10 21:43:06.733 [info] > git cat-file -s 9b85015306c34ab9bfd6f105ae0db57ac859f7dc [13ms]
2023-09-10 21:43:06.734 [info] > git cat-file -s 26f0a2cd0819e8b9e475149e328dc7a21ea5fa59 [21ms]
2023-09-10 21:43:06.735 [info] > git cat-file -s 8a715bfdfb6e2473abf362ee59e2edd0cc6e64e5 [30ms]
2023-09-10 21:43:06.736 [info] > git ls-files --stage -- /home/lullaby/Projects/Safepill/safepill-frontend/Dockerfile [39ms]
2023-09-10 21:43:06.763 [info] > git show --textconv :pages/index.vue [10ms]
2023-09-10 21:43:06.764 [info] > git cat-file -s 6003479f0f2432054f079eb308d85b309da8ec22 [19ms]
2023-09-10 21:43:06.797 [info] > git show --textconv :components/Header.vue [35ms]
2023-09-10 21:43:06.797 [info] > git show --textconv :assets/css/main.css [24ms]
2023-09-10 21:43:06.797 [info] > git show --textconv :tailwind.config.js [16ms]
2023-09-10 21:43:06.797 [info] > git show --textconv :entrypoint.sh [9ms]
2023-09-10 21:43:06.797 [info] > git show --textconv :docker-compose.yml [1ms]
2023-09-10 21:43:06.813 [info] > git show --textconv :Dockerfile [4ms]
2023-09-10 21:43:08.208 [info] > git config --get commit.template [3ms]
2023-09-10 21:43:08.218 [info] > git for-each-ref --format=%(refname)%00%(upstream:short)%00%(objectname)%00%(upstream:track)%00%(upstream:remotename)%00%(upstream:remoteref) refs/heads/main refs/remotes/main [1ms]
2023-09-10 21:43:08.228 [info] > git status -z -uall [2ms]
2023-09-10 21:43:32.597 [info] > git config --get commit.template [2ms]
2023-09-10 21:43:32.606 [info] > git for-each-ref --format=%(refname)%00%(upstream:short)%00%(objectname)%00%(upstream:track)%00%(upstream:remotename)%00%(upstream:remoteref) refs/heads/main refs/remotes/main [2ms]
2023-09-10 21:43:32.616 [info] > git status -z -uall [3ms]
2023-09-10 21:43:32.723 [info] > git ls-files --stage -- /home/lullaby/Projects/Safepill/safepill-frontend/assets/css/main.css [10ms]
2023-09-10 21:43:32.731 [info] > git ls-files --stage -- /home/lullaby/Projects/Safepill/safepill-frontend/components/Header.vue [26ms]
2023-09-10 21:43:32.738 [info] > git ls-files --stage -- /home/lullaby/Projects/Safepill/safepill-frontend/pages/index.vue [43ms]
2023-09-10 21:43:32.774 [info] > git ls-files --stage -- /home/lullaby/Projects/Safepill/safepill-frontend/Dockerfile [4ms]
2023-09-10 21:43:32.783 [info] > git ls-files --stage -- /home/lullaby/Projects/Safepill/safepill-frontend/docker-compose.yml [21ms]
2023-09-10 21:43:32.790 [info] > git ls-files --stage -- /home/lullaby/Projects/Safepill/safepill-frontend/entrypoint.sh [36ms]
2023-09-10 21:43:32.798 [info] > git cat-file -s 4907547c9af08765a8d19890c97e3b34340905ed [53ms]
2023-09-10 21:43:32.799 [info] > git cat-file -s 8bbf8cfa0854808009d54012a914edb76fb29eec [61ms]
2023-09-10 21:43:32.800 [info] > git cat-file -s e2f199846648dcaeb75b03de006f307bc1bc8231 [70ms]
2023-09-10 21:43:32.800 [info] > git ls-files --stage -- /home/lullaby/Projects/Safepill/safepill-frontend/tailwind.config.js [78ms]
2023-09-10 21:43:32.810 [info] > git cat-file -s 9b85015306c34ab9bfd6f105ae0db57ac859f7dc [2ms]
2023-09-10 21:43:32.811 [info] > git cat-file -s 26f0a2cd0819e8b9e475149e328dc7a21ea5fa59 [13ms]
2023-09-10 21:43:32.811 [info] > git cat-file -s 8a715bfdfb6e2473abf362ee59e2edd0cc6e64e5 [21ms]
2023-09-10 21:43:32.812 [info] > git cat-file -s 6003479f0f2432054f079eb308d85b309da8ec22 [30ms]
2023-09-10 21:43:32.839 [info] > git show --textconv :pages/index.vue [17ms]
2023-09-10 21:43:32.839 [info] > git show --textconv :components/Header.vue [9ms]
2023-09-10 21:43:32.875 [info] > git show --textconv :assets/css/main.css [37ms]
2023-09-10 21:43:32.875 [info] > git show --textconv :tailwind.config.js [27ms]
2023-09-10 21:43:32.875 [info] > git show --textconv :entrypoint.sh [19ms]
2023-09-10 21:43:32.875 [info] > git show --textconv :docker-compose.yml [10ms]
2023-09-10 21:43:32.875 [info] > git show --textconv :Dockerfile [2ms]
2023-09-10 21:43:37.278 [info] > git ls-files --stage -- /home/lullaby/Projects/Safepill/safepill-frontend/components/Header.vue [10ms]
2023-09-10 21:43:37.286 [info] > git ls-files --stage -- /home/lullaby/Projects/Safepill/safepill-frontend/pages/index.vue [26ms]
2023-09-10 21:43:37.326 [info] > git ls-files --stage -- /home/lullaby/Projects/Safepill/safepill-frontend/Dockerfile [2ms]
2023-09-10 21:43:37.333 [info] > git ls-files --stage -- /home/lullaby/Projects/Safepill/safepill-frontend/docker-compose.yml [17ms]
2023-09-10 21:43:37.340 [info] > git ls-files --stage -- /home/lullaby/Projects/Safepill/safepill-frontend/entrypoint.sh [32ms]
2023-09-10 21:43:37.347 [info] > git ls-files --stage -- /home/lullaby/Projects/Safepill/safepill-frontend/tailwind.config.js [46ms]
2023-09-10 21:43:37.354 [info] > git cat-file -s 4907547c9af08765a8d19890c97e3b34340905ed [61ms]
2023-09-10 21:43:37.355 [info] > git cat-file -s 8bbf8cfa0854808009d54012a914edb76fb29eec [70ms]
2023-09-10 21:43:37.355 [info] > git ls-files --stage -- /home/lullaby/Projects/Safepill/safepill-frontend/assets/css/main.css [79ms]
2023-09-10 21:43:37.364 [info] > git cat-file -s e2f199846648dcaeb75b03de006f307bc1bc8231 [2ms]
2023-09-10 21:43:37.365 [info] > git cat-file -s 9b85015306c34ab9bfd6f105ae0db57ac859f7dc [12ms]
2023-09-10 21:43:37.365 [info] > git cat-file -s 26f0a2cd0819e8b9e475149e328dc7a21ea5fa59 [19ms]
2023-09-10 21:43:37.366 [info] > git cat-file -s 8a715bfdfb6e2473abf362ee59e2edd0cc6e64e5 [26ms]
2023-09-10 21:43:37.366 [info] > git cat-file -s 6003479f0f2432054f079eb308d85b309da8ec22 [33ms]
2023-09-10 21:43:37.382 [info] > git show --textconv :pages/index.vue [8ms]
2023-09-10 21:43:37.420 [info] > git show --textconv :components/Header.vue [39ms]
2023-09-10 21:43:37.420 [info] > git show --textconv :assets/css/main.css [30ms]
2023-09-10 21:43:37.420 [info] > git show --textconv :tailwind.config.js [23ms]
2023-09-10 21:43:37.420 [info] > git show --textconv :entrypoint.sh [16ms]
2023-09-10 21:43:37.420 [info] > git show --textconv :docker-compose.yml [8ms]
2023-09-10 21:43:37.420 [info] > git show --textconv :Dockerfile [1ms]
2023-09-10 21:43:37.630 [info] > git config --get commit.template [1ms]
2023-09-10 21:43:37.640 [info] > git for-each-ref --format=%(refname)%00%(upstream:short)%00%(objectname)%00%(upstream:track)%00%(upstream:remotename)%00%(upstream:remoteref) refs/heads/main refs/remotes/main [2ms]
2023-09-10 21:43:37.650 [info] > git status -z -uall [3ms]
