[23526][1673876455288][shell][info]["EventBus~initialize - Success"]
[23526][1673876455304][shell][info]["bootShellCrashReporter~ Success"]
[23526][1673876456278][shell][info]["shellController~init: Success"]
[23526][1673876456279][shell][info]["shellMeta~init: Success"]
[23526][1673876456280][shell][info]["partitionMigrationService: State of V7 partition:"]
[23526][1673876456280][shell][info]["partitionMigrationService: V7 partitions",[]]
[23526][1673876456281][shell][info]["partitionMigrationService: V7 lastActiveUser",null]
[23526][1673876456282][shell][info]["partitionMigrationService: V7 activePartition",null]
[23526][1673876456282][shell][info]["partitionMigrationService: V7 isPartitionDirty",null]
[23526][1673876456283][shell][info]["partitionMigrationService~rectifyNamespaceOfScratchPadPartition: There is no partition with scratchpad namespace"]
[23526][1673876456284][shell][info]["partitionMigrationService~rectifyNamespaceOfScratchPadPartition: There is no transit partition which could have been used for scratchpad"]
[23526][1673876456284][shell][info]["partitionMigrationService~init: Success"]
[23526][1673876456285][shell][info]["partitionMigrationService~runV8PartitionsIntegrity: Two way migration~ removing the following partitions from v8",[]]
[23526][1673876456285][shell][info]["userPartitionService~_rectifyTheActivePartitionOfApplication: Setting the active partition to ",null]
[23526][1673876456286][shell][info]["userPartitionService~init: Success"]
[23526][1673876456287][shell][info]["userPartitionService: State of v8 partition system:"]
[23526][1673876456287][shell][info]["userPartitionService: List of partitions:",[]]
[23526][1673876456288][shell][info]["userPartitionService: users global meta:",{"activePartition":null}]
[23526][1673876456288][shell][info]["shell~init~getPartitionToLoad: loading scratchpad partition"]
[23526][1673876456295][shell][info]["init~setViewAttributes - Initializing view with opts:"]
[23526][1673876456297][shell][info]["verifyPartitionIdWithMain: Verifying partition ID from main process"]
[23526][1673876456297][shell][info]["Shell~init~setViewAttributes: passing scratchpad partition id as ","06b41153-9381-4fd9-bcc8-a18d4878e8d0"]
[23526][1673876456298][shell][info]["Shell~init~setViewAttributes: do we have any logged in users? ",false]
[23526][1673876456300][shell][info]["init~setViewAttributes - Success"]
[23526][1673876456366][shell][info]["verifyPartitionIdWithMain: Bailing out as migration has not been done"]
[23526][1673876460298][shell][info]["Shell~init~sendUsersDataToRenderer",[]]
[23526][1673876659555][shell][info]["EventBus~initialize - Success"]
[23526][1673876659572][shell][info]["bootShellCrashReporter~ Success"]
[23526][1673876659598][shell][info]["shellController~init: Success"]
[23526][1673876659599][shell][info]["shellMeta~init: Success"]
[23526][1673876659599][shell][info]["partitionMigrationService: State of V7 partition:"]
[23526][1673876659600][shell][info]["partitionMigrationService: V7 partitions",[]]
[23526][1673876659600][shell][info]["partitionMigrationService: V7 lastActiveUser",null]
[23526][1673876659601][shell][info]["partitionMigrationService: V7 activePartition",null]
[23526][1673876659601][shell][info]["partitionMigrationService: V7 isPartitionDirty",null]
[23526][1673876659602][shell][info]["partitionMigrationService~init: Success"]
[23526][1673876659603][shell][info]["partitionMigrationService~runV8PartitionsIntegrity: Two way migration~ removing the following partitions from v8",[]]
[23526][1673876659604][shell][info]["userPartitionService~_rectifyTheActivePartitionOfApplication: Setting the active partition to ",null]
[23526][1673876659605][shell][info]["userPartitionService~init: Success"]
[23526][1673876659606][shell][info]["Shell~init~loginUser: associating the user ","13175996"," with transit partition"]
[23526][1673876659610][shell][info]["userPartitionService~associateTransitPartition: ",{"partitionId":"a528cfac-ad62-46c3-8854-21290262c100","context":{"namespace":"users","userId":"13175996","teamId":"2038160"}}]
[23526][1673876659611][shell][info]["userPartitionService: State of v8 partition system:"]
[23526][1673876659611][shell][info]["userPartitionService: List of partitions:",[{"partitionId":"a528cfac-ad62-46c3-8854-21290262c100","namespace":"users","userId":"13175996","teamId":"2038160","lastUpdated":"2023-01-16T13:44:19.610Z"},{"partitionId":"06b41153-9381-4fd9-bcc8-a18d4878e8d0","namespace":"scratchPad","userId":0,"teamId":0,"isDirty":false}]]
[23526][1673876659612][shell][info]["userPartitionService: users global meta:",{"activePartition":null}]
[23526][1673876659615][shell][info]["init~setViewAttributes - Initializing view with opts:"]
[23526][1673876659617][shell][info]["verifyPartitionIdWithMain: Verifying partition ID from main process"]
[23526][1673876659620][shell][info]["verifyPartitionIdWithMain: Bailing out as migration has not been done"]
[23526][1673876659623][shell][info]["Shell~init~setViewAttributes: passing scratchpad partition id as ","06b41153-9381-4fd9-bcc8-a18d4878e8d0"]
[23526][1673876659624][shell][info]["Shell~init~setViewAttributes: do we have any logged in users? ",true]
[23526][1673876659626][shell][info]["init~setViewAttributes - Success"]
[23526][1673876665382][shell][info]["Shell~init~sendUsersDataToRenderer",["13175996"]]
[23526][1673876665398][shell][info]["handleMessageInShell: Got request for shell data from main. Sending"]
[23526][1673876666551][shell][info]["EventBus~initialize - Success"]
[23526][1673876666556][shell][info]["bootShellCrashReporter~ Success"]
[23526][1673876666576][shell][info]["shellController~init: Success"]
[23526][1673876666577][shell][info]["shellMeta~init: Success"]
[23526][1673876666577][shell][info]["partitionMigrationService: State of V7 partition:"]
[23526][1673876666578][shell][info]["partitionMigrationService: V7 partitions",[]]
[23526][1673876666578][shell][info]["partitionMigrationService: V7 lastActiveUser",null]
[23526][1673876666578][shell][info]["partitionMigrationService: V7 activePartition",null]
[23526][1673876666579][shell][info]["partitionMigrationService: V7 isPartitionDirty",null]
[23526][1673876666579][shell][info]["partitionMigrationService~init: Success"]
[23526][1673876666580][shell][info]["partitionMigrationService~runV8PartitionsIntegrity: Two way migration~ removing the following partitions from v8",[]]
[23526][1673876666580][shell][info]["userPartitionService~getRecentV8UserPartition: recent v8 user context partition ","a528cfac-ad62-46c3-8854-21290262c100"]
[23526][1673876666580][shell][info]["userPartitionService~_rectifyTheActivePartitionOfApplication: Setting the active partition to ","a528cfac-ad62-46c3-8854-21290262c100"]
[23526][1673876666581][shell][info]["userPartitionService~init: Success"]
[23526][1673876666582][shell][info]["Shell~init~loginUser: Updating existing user details"]
[23526][1673876666582][shell][info]["userPartitionService~associateTransitPartition: ",{"partitionId":"a528cfac-ad62-46c3-8854-21290262c100","context":{"namespace":"users","userId":"13175996","teamId":"2038160"}}]
[23526][1673876666583][shell][info]["userPartitionService: State of v8 partition system:"]
[23526][1673876666583][shell][info]["userPartitionService: List of partitions:",[{"partitionId":"a528cfac-ad62-46c3-8854-21290262c100","namespace":"users","userId":"13175996","teamId":"2038160","lastUpdated":"2023-01-16T13:44:26.582Z"},{"partitionId":"06b41153-9381-4fd9-bcc8-a18d4878e8d0","namespace":"scratchPad","userId":0,"teamId":0,"isDirty":false}]]
[23526][1673876666585][shell][info]["userPartitionService: users global meta:",{"activePartition":"a528cfac-ad62-46c3-8854-21290262c100"}]
[23526][1673876666587][shell][info]["init~setViewAttributes - Initializing view with opts:"]
[23526][1673876666588][shell][info]["verifyPartitionIdWithMain: Verifying partition ID from main process"]
[23526][1673876666596][shell][info]["Shell~init~setViewAttributes: passing scratchpad partition id as ","06b41153-9381-4fd9-bcc8-a18d4878e8d0"]
[23526][1673876666596][shell][info]["Shell~init~setViewAttributes: do we have any logged in users? ",true]
[23526][1673876666598][shell][info]["init~setViewAttributes - Success"]
[23526][1673876666650][shell][info]["verifyPartitionIdWithMain: ID was resolved correctly by main"]
[23526][1673876671197][shell][info]["Shell~init~sendUsersDataToRenderer",["13175996"]]
[23526][1673876673215][shell][info]["model-events~user - bootstrapUser received"]
[23526][1673876674254][shell][info]["model-events~user - bootstrapUser received"]
[7042][1675168093069][shell][info]["EventBus~initialize - Success"]
[7042][1675168093088][shell][info]["bootShellCrashReporter~ Success"]
[7042][1675168094411][shell][info]["shellController~init: Success"]
[7042][1675168094412][shell][info]["shellMeta~init: Success"]
[7042][1675168094413][shell][info]["partitionMigrationService: State of V7 partition:"]
[7042][1675168094414][shell][info]["partitionMigrationService: V7 partitions",[]]
[7042][1675168094414][shell][info]["partitionMigrationService: V7 lastActiveUser",null]
[7042][1675168094415][shell][info]["partitionMigrationService: V7 activePartition",null]
[7042][1675168094415][shell][info]["partitionMigrationService: V7 isPartitionDirty",null]
[7042][1675168094416][shell][info]["partitionMigrationService~init: Success"]
[7042][1675168094417][shell][info]["partitionMigrationService~runV8PartitionsIntegrity: Two way migration~ removing the following partitions from v8",[]]
[7042][1675168094418][shell][info]["userPartitionService~getRecentV8UserPartition: recent v8 user context partition ","a528cfac-ad62-46c3-8854-21290262c100"]
[7042][1675168094419][shell][info]["userPartitionService~_rectifyTheActivePartitionOfApplication: Setting the active partition to ","a528cfac-ad62-46c3-8854-21290262c100"]
[7042][1675168094420][shell][info]["userPartitionService~init: Success"]
[7042][1675168094420][shell][info]["userPartitionService: State of v8 partition system:"]
[7042][1675168094421][shell][info]["userPartitionService: List of partitions:",[{"partitionId":"a528cfac-ad62-46c3-8854-21290262c100","namespace":"users","userId":"13175996","teamId":"2038160","lastUpdated":"2023-01-16T13:44:26.582Z"},{"partitionId":"06b41153-9381-4fd9-bcc8-a18d4878e8d0","namespace":"scratchPad","userId":0,"teamId":0,"isDirty":false}]]
[7042][1675168094422][shell][info]["userPartitionService: users global meta:",{"activePartition":"a528cfac-ad62-46c3-8854-21290262c100"}]
[7042][1675168094422][shell][info]["shell~init~getPartitionToLoad: loading active partition"]
[7042][1675168094426][shell][info]["init~setViewAttributes - Initializing view with opts:"]
[7042][1675168094428][shell][info]["verifyPartitionIdWithMain: Verifying partition ID from main process"]
[7042][1675168094444][shell][info]["Shell~init~setViewAttributes: passing scratchpad partition id as ","06b41153-9381-4fd9-bcc8-a18d4878e8d0"]
[7042][1675168094444][shell][info]["Shell~init~setViewAttributes: do we have any logged in users? ",true]
[7042][1675168094448][shell][info]["init~setViewAttributes - Success"]
[7042][1675168094487][shell][info]["verifyPartitionIdWithMain: ID was resolved correctly by main"]
[7042][1675168098467][shell][info]["Shell~init~sendUsersDataToRenderer",["13175996"]]
[7042][1675168101672][shell][info]["model-events~user - bootstrapUser received"]
[7042][1675168101674][shell][info]["userPartitionService~associateTransitPartition: ",{"partitionId":"a528cfac-ad62-46c3-8854-21290262c100","context":{"namespace":"users","userId":"13175996","teamId":"2038160"}}]
[7042][1675168101675][shell][info]["userPartitionService: State of v8 partition system:"]
[7042][1675168101675][shell][info]["userPartitionService: List of partitions:",[{"partitionId":"a528cfac-ad62-46c3-8854-21290262c100","namespace":"users","userId":"13175996","teamId":"2038160","lastUpdated":"2023-01-31T12:28:21.674Z"},{"partitionId":"06b41153-9381-4fd9-bcc8-a18d4878e8d0","namespace":"scratchPad","userId":0,"teamId":0,"isDirty":false}]]
[7042][1675168101676][shell][info]["userPartitionService: users global meta:",{"activePartition":"a528cfac-ad62-46c3-8854-21290262c100"}]
