2023-04-23 19:15:00.373 [info] [SharedProcess] using utility process
2023-04-23 19:15:00.502 [info] update#setState idle
2023-04-23 19:15:02.630 [info] [UtilityProcess id: 1, type: extensionHost, pid: <none>]: creating new...
2023-04-23 19:15:02.645 [info] [UtilityProcess id: 1, type: extensionHost, pid: 6724]: successfully created
2023-04-23 19:15:02.971 [info] [UtilityProcess type: shared-process, pid: <none>]: creating new...
2023-04-23 19:15:02.998 [info] [UtilityProcess id: 1, type: fileWatcher, pid: <none>]: creating new...
2023-04-23 19:15:03.007 [info] [UtilityProcess type: shared-process, pid: 6739]: successfully created
2023-04-23 19:15:03.008 [info] [UtilityProcess id: 1, type: fileWatcher, pid: 6740]: successfully created
2023-04-23 19:15:30.503 [info] update#setState checking for updates
2023-04-23 19:15:30.703 [info] update#setState idle
2023-04-23 20:15:30.509 [info] update#setState checking for updates
2023-04-23 20:15:31.114 [info] update#setState idle
2023-04-23 21:15:30.535 [info] update#setState checking for updates
2023-04-23 21:15:31.129 [info] update#setState idle
2023-04-23 21:32:21.821 [info] [UtilityProcess id: 1, type: extensionHost, pid: 6724]: waiting to exit...
2023-04-23 21:32:21.821 [info] [UtilityProcess id: 1, type: fileWatcher, pid: 6740]: attempting to kill the process...
2023-04-23 21:32:21.822 [info] [UtilityProcess id: 1, type: fileWatcher, pid: 6740]: successfully killed the process
2023-04-23 21:32:21.824 [info] [UtilityProcess id: 1, type: extensionHost, pid: 6724]: received exit event with code 0
2023-04-23 21:32:21.824 [info] Extension host with pid 6724 exited with code: 0, signal: unknown.
2023-04-23 21:32:21.829 [info] [UtilityProcess id: 1, type: fileWatcher, pid: 6740]: received exit event with code 0
