2023-09-10 07:48:29.264 [info] Log level: Info
2023-09-10 07:48:29.264 [info] Validating found git in: "git"
2023-09-10 07:48:29.264 [info] Using git "2.42.0" from "git"
2023-09-10 07:48:29.264 [info] > git rev-parse --show-toplevel [13ms]
2023-09-10 07:48:29.270 [info] > git rev-parse --git-dir --git-common-dir [1ms]
2023-09-10 07:48:29.284 [info] Open repository: /home/lullaby/Projects/Safepill/safepill-frontend
2023-09-10 07:48:29.303 [info] > git rev-parse --show-toplevel [4ms]
2023-09-10 07:48:29.304 [info] > git config --get commit.template [11ms]
2023-09-10 07:48:29.319 [info] > git for-each-ref --format=%(refname)%00%(upstream:short)%00%(objectname)%00%(upstream:track)%00%(upstream:remotename)%00%(upstream:remoteref) refs/heads/main refs/remotes/main [10ms]
2023-09-10 07:48:29.371 [info] > git status -z -uall [46ms]
2023-09-10 07:48:29.380 [info] > git rev-parse --show-toplevel [61ms]
2023-09-10 07:48:29.414 [info] > git config --get commit.template [7ms]
2023-09-10 07:48:29.431 [info] > git for-each-ref --format=%(refname)%00%(upstream:short)%00%(objectname)%00%(upstream:track)%00%(upstream:remotename)%00%(upstream:remoteref) refs/heads/main refs/remotes/main [8ms]
2023-09-10 07:48:29.470 [info] > git status -z -uall [34ms]
2023-09-10 07:48:29.475 [info] > git rev-parse --show-toplevel [46ms]
2023-09-10 07:48:29.490 [info] > git rev-parse --show-toplevel [2ms]
2023-09-10 07:48:29.499 [info] > git rev-parse --show-toplevel [1ms]
2023-09-10 07:48:29.507 [info] > git rev-parse --show-toplevel [2ms]
2023-09-10 07:48:29.514 [info] > git rev-parse --show-toplevel [1ms]
2023-09-10 07:48:29.521 [info] > git rev-parse --show-toplevel [1ms]
2023-09-10 07:48:29.537 [info] > git rev-parse --show-toplevel [1ms]
2023-09-10 07:48:29.813 [info] > git show --textconv :pages/index.vue [23ms]
2023-09-10 07:48:29.814 [info] > git check-ignore -v -z --stdin [4ms]
2023-09-10 07:48:29.816 [info] > git ls-files --stage -- /home/lullaby/Projects/Safepill/safepill-frontend/pages/index.vue [16ms]
2023-09-10 07:48:52.653 [info] > git config --get commit.template [6ms]
2023-09-10 07:48:52.653 [info] > git for-each-ref --format=%(refname)%00%(upstream:short)%00%(objectname)%00%(upstream:track)%00%(upstream:remotename)%00%(upstream:remoteref) refs/heads/main refs/remotes/main [2ms]
2023-09-10 07:48:52.659 [info] > git status -z -uall [1ms]
2023-09-10 07:48:57.676 [info] > git config --get commit.template [2ms]
2023-09-10 07:48:57.686 [info] > git for-each-ref --format=%(refname)%00%(upstream:short)%00%(objectname)%00%(upstream:track)%00%(upstream:remotename)%00%(upstream:remoteref) refs/heads/main refs/remotes/main [2ms]
2023-09-10 07:48:57.696 [info] > git status -z -uall [1ms]
2023-09-10 07:50:46.800 [info] > git show --textconv :Dockerfile [9ms]
2023-09-10 07:50:46.802 [info] > git ls-files --stage -- /home/lullaby/Projects/Safepill/safepill-frontend/Dockerfile [3ms]
2023-09-10 07:50:46.812 [info] > git cat-file -s d97f3f9a4fcc855257a5d48009c9642d0a04965f [2ms]
2023-09-10 07:50:55.089 [info] > git show --textconv :package.json [9ms]
2023-09-10 07:50:55.091 [info] > git ls-files --stage -- /home/lullaby/Projects/Safepill/safepill-frontend/package.json [3ms]
2023-09-10 07:50:55.099 [info] > git cat-file -s 55f9b9dd8751666cd55d875c0e7307911fae0042 [1ms]
2023-09-10 07:50:58.987 [info] > git show --textconv :docker-compose.yml [11ms]
2023-09-10 07:50:58.989 [info] > git ls-files --stage -- /home/lullaby/Projects/Safepill/safepill-frontend/docker-compose.yml [3ms]
2023-09-10 07:50:59.000 [info] > git cat-file -s 08e2e4558b8e106155680f2353067c7a714e5522 [2ms]
2023-09-10 07:51:04.425 [info] > git show --textconv :Dockerfile [13ms]
2023-09-10 07:51:04.425 [info] > git ls-files --stage -- /home/lullaby/Projects/Safepill/safepill-frontend/Dockerfile [3ms]
2023-09-10 07:51:04.438 [info] > git cat-file -s d97f3f9a4fcc855257a5d48009c9642d0a04965f [3ms]
2023-09-10 07:55:05.798 [info] > git config --get commit.template [3ms]
2023-09-10 07:55:05.809 [info] > git for-each-ref --format=%(refname)%00%(upstream:short)%00%(objectname)%00%(upstream:track)%00%(upstream:remotename)%00%(upstream:remoteref) refs/heads/main refs/remotes/main [2ms]
2023-09-10 07:55:05.821 [info] > git status -z -uall [2ms]
2023-09-10 07:55:23.435 [info] > git config --get commit.template [4ms]
2023-09-10 07:55:23.445 [info] > git for-each-ref --format=%(refname)%00%(upstream:short)%00%(objectname)%00%(upstream:track)%00%(upstream:remotename)%00%(upstream:remoteref) refs/heads/main refs/remotes/main [2ms]
2023-09-10 07:55:23.455 [info] > git status -z -uall [2ms]
2023-09-10 07:56:00.676 [info] > git config --get commit.template [1ms]
2023-09-10 07:56:00.686 [info] > git for-each-ref --format=%(refname)%00%(upstream:short)%00%(objectname)%00%(upstream:track)%00%(upstream:remotename)%00%(upstream:remoteref) refs/heads/main refs/remotes/main [1ms]
2023-09-10 07:56:00.697 [info] > git status -z -uall [3ms]
2023-09-10 07:56:41.853 [info] > git config --get commit.template [1ms]
2023-09-10 07:56:41.869 [info] > git for-each-ref --format=%(refname)%00%(upstream:short)%00%(objectname)%00%(upstream:track)%00%(upstream:remotename)%00%(upstream:remoteref) refs/heads/main refs/remotes/main [8ms]
2023-09-10 07:56:41.879 [info] > git status -z -uall [2ms]
2023-09-10 07:56:47.317 [info] > git config --get commit.template [1ms]
2023-09-10 07:56:47.327 [info] > git for-each-ref --format=%(refname)%00%(upstream:short)%00%(objectname)%00%(upstream:track)%00%(upstream:remotename)%00%(upstream:remoteref) refs/heads/main refs/remotes/main [2ms]
2023-09-10 07:56:47.338 [info] > git status -z -uall [2ms]
2023-09-10 08:00:49.869 [info] > git config --get commit.template [1ms]
2023-09-10 08:00:49.883 [info] > git for-each-ref --format=%(refname)%00%(upstream:short)%00%(objectname)%00%(upstream:track)%00%(upstream:remotename)%00%(upstream:remoteref) refs/heads/main refs/remotes/main [5ms]
2023-09-10 08:00:49.893 [info] > git status -z -uall [2ms]
2023-09-10 08:00:53.267 [info] > git show --textconv :docker-compose.yml [11ms]
2023-09-10 08:00:53.268 [info] > git ls-files --stage -- /home/lullaby/Projects/Safepill/safepill-frontend/docker-compose.yml [4ms]
2023-09-10 08:00:53.279 [info] > git cat-file -s 08e2e4558b8e106155680f2353067c7a714e5522 [2ms]
2023-09-10 08:16:54.531 [info] > git config --get commit.template [2ms]
2023-09-10 08:16:54.541 [info] > git for-each-ref --format=%(refname)%00%(upstream:short)%00%(objectname)%00%(upstream:track)%00%(upstream:remotename)%00%(upstream:remoteref) refs/heads/main refs/remotes/main [2ms]
2023-09-10 08:16:54.552 [info] > git status -z -uall [2ms]
2023-09-10 08:50:22.805 [info] > git show --textconv :package.json [11ms]
2023-09-10 08:50:22.807 [info] > git ls-files --stage -- /home/lullaby/Projects/Safepill/safepill-frontend/package.json [3ms]
2023-09-10 08:50:22.815 [info] > git cat-file -s 55f9b9dd8751666cd55d875c0e7307911fae0042 [1ms]
2023-09-10 08:52:13.541 [info] > git config --get commit.template [2ms]
2023-09-10 08:52:13.552 [info] > git for-each-ref --format=%(refname)%00%(upstream:short)%00%(objectname)%00%(upstream:track)%00%(upstream:remotename)%00%(upstream:remoteref) refs/heads/main refs/remotes/main [1ms]
2023-09-10 08:52:13.564 [info] > git status -z -uall [2ms]
2023-09-10 09:06:19.719 [info] > git show --textconv :docker-compose.yml [11ms]
2023-09-10 09:06:19.720 [info] > git ls-files --stage -- /home/lullaby/Projects/Safepill/safepill-frontend/docker-compose.yml [2ms]
2023-09-10 09:06:19.729 [info] > git cat-file -s 08e2e4558b8e106155680f2353067c7a714e5522 [2ms]
2023-09-10 09:06:29.273 [info] > git config --get commit.template [1ms]
2023-09-10 09:06:29.286 [info] > git for-each-ref --format=%(refname)%00%(upstream:short)%00%(objectname)%00%(upstream:track)%00%(upstream:remotename)%00%(upstream:remoteref) refs/heads/main refs/remotes/main [1ms]
2023-09-10 09:06:29.298 [info] > git status -z -uall [2ms]
2023-09-10 09:06:36.337 [info] > git config --get commit.template [7ms]
2023-09-10 09:06:36.350 [info] > git for-each-ref --format=%(refname)%00%(upstream:short)%00%(objectname)%00%(upstream:track)%00%(upstream:remotename)%00%(upstream:remoteref) refs/heads/main refs/remotes/main [2ms]
2023-09-10 09:06:36.362 [info] > git status -z -uall [3ms]
2023-09-10 09:09:37.213 [info] > git config --get commit.template [2ms]
2023-09-10 09:09:37.223 [info] > git for-each-ref --format=%(refname)%00%(upstream:short)%00%(objectname)%00%(upstream:track)%00%(upstream:remotename)%00%(upstream:remoteref) refs/heads/main refs/remotes/main [1ms]
2023-09-10 09:09:37.233 [info] > git status -z -uall [1ms]
2023-09-10 09:09:48.025 [info] > git config --get commit.template [1ms]
2023-09-10 09:09:48.035 [info] > git for-each-ref --format=%(refname)%00%(upstream:short)%00%(objectname)%00%(upstream:track)%00%(upstream:remotename)%00%(upstream:remoteref) refs/heads/main refs/remotes/main [2ms]
2023-09-10 09:09:48.045 [info] > git status -z -uall [2ms]
2023-09-10 09:09:53.066 [info] > git config --get commit.template [1ms]
2023-09-10 09:09:53.076 [info] > git for-each-ref --format=%(refname)%00%(upstream:short)%00%(objectname)%00%(upstream:track)%00%(upstream:remotename)%00%(upstream:remoteref) refs/heads/main refs/remotes/main [1ms]
2023-09-10 09:09:53.088 [info] > git status -z -uall [4ms]
2023-09-10 09:10:24.131 [info] > git config --get commit.template [1ms]
2023-09-10 09:10:24.142 [info] > git for-each-ref --format=%(refname)%00%(upstream:short)%00%(objectname)%00%(upstream:track)%00%(upstream:remotename)%00%(upstream:remoteref) refs/heads/main refs/remotes/main [2ms]
2023-09-10 09:10:24.152 [info] > git status -z -uall [2ms]
2023-09-10 09:10:29.173 [info] > git config --get commit.template [2ms]
2023-09-10 09:10:29.185 [info] > git for-each-ref --format=%(refname)%00%(upstream:short)%00%(objectname)%00%(upstream:track)%00%(upstream:remotename)%00%(upstream:remoteref) refs/heads/main refs/remotes/main [1ms]
2023-09-10 09:10:29.194 [info] > git status -z -uall [2ms]
2023-09-10 09:21:24.567 [info] > git show --textconv :entrypoint.sh [11ms]
2023-09-10 09:21:24.570 [info] > git ls-files --stage -- /home/lullaby/Projects/Safepill/safepill-frontend/entrypoint.sh [3ms]
2023-09-10 09:21:24.814 [info] > git check-ignore -v -z --stdin [2ms]
2023-09-10 09:21:25.357 [info] > git config --get commit.template [1ms]
2023-09-10 09:21:25.367 [info] > git for-each-ref --format=%(refname)%00%(upstream:short)%00%(objectname)%00%(upstream:track)%00%(upstream:remotename)%00%(upstream:remoteref) refs/heads/main refs/remotes/main [2ms]
2023-09-10 09:21:25.379 [info] > git status -z -uall [2ms]
2023-09-10 09:22:02.417 [info] > git config --get commit.template [2ms]
2023-09-10 09:22:02.429 [info] > git for-each-ref --format=%(refname)%00%(upstream:short)%00%(objectname)%00%(upstream:track)%00%(upstream:remotename)%00%(upstream:remoteref) refs/heads/main refs/remotes/main [2ms]
2023-09-10 09:22:02.440 [info] > git status -z -uall [2ms]
2023-09-10 09:22:14.356 [info] > git config --get commit.template [2ms]
2023-09-10 09:22:14.368 [info] > git for-each-ref --format=%(refname)%00%(upstream:short)%00%(objectname)%00%(upstream:track)%00%(upstream:remotename)%00%(upstream:remoteref) refs/heads/main refs/remotes/main [2ms]
2023-09-10 09:22:14.379 [info] > git status -z -uall [2ms]
2023-09-10 09:22:28.299 [info] > git config --get commit.template [1ms]
2023-09-10 09:22:28.309 [info] > git for-each-ref --format=%(refname)%00%(upstream:short)%00%(objectname)%00%(upstream:track)%00%(upstream:remotename)%00%(upstream:remoteref) refs/heads/main refs/remotes/main [2ms]
2023-09-10 09:22:28.321 [info] > git status -z -uall [2ms]
2023-09-10 09:24:08.330 [info] > git config --get commit.template [2ms]
2023-09-10 09:24:08.342 [info] > git for-each-ref --format=%(refname)%00%(upstream:short)%00%(objectname)%00%(upstream:track)%00%(upstream:remotename)%00%(upstream:remoteref) refs/heads/main refs/remotes/main [2ms]
2023-09-10 09:24:08.352 [info] > git status -z -uall [2ms]
2023-09-10 09:24:33.896 [info] > git config --get commit.template [10ms]
2023-09-10 09:24:33.897 [info] > git for-each-ref --format=%(refname)%00%(upstream:short)%00%(objectname)%00%(upstream:track)%00%(upstream:remotename)%00%(upstream:remoteref) refs/heads/main refs/remotes/main [2ms]
2023-09-10 09:24:33.908 [info] > git status -z -uall [2ms]
2023-09-10 09:24:53.329 [info] > git config --get commit.template [11ms]
2023-09-10 09:24:53.330 [info] > git for-each-ref --format=%(refname)%00%(upstream:short)%00%(objectname)%00%(upstream:track)%00%(upstream:remotename)%00%(upstream:remoteref) refs/heads/main refs/remotes/main [2ms]
2023-09-10 09:24:53.341 [info] > git status -z -uall [1ms]
2023-09-10 09:25:06.213 [info] > git config --get commit.template [1ms]
2023-09-10 09:25:06.224 [info] > git for-each-ref --format=%(refname)%00%(upstream:short)%00%(objectname)%00%(upstream:track)%00%(upstream:remotename)%00%(upstream:remoteref) refs/heads/main refs/remotes/main [1ms]
2023-09-10 09:25:06.237 [info] > git status -z -uall [2ms]
2023-09-10 09:25:32.664 [info] > git config --get commit.template [9ms]
2023-09-10 09:25:32.665 [info] > git for-each-ref --format=%(refname)%00%(upstream:short)%00%(objectname)%00%(upstream:track)%00%(upstream:remotename)%00%(upstream:remoteref) refs/heads/main refs/remotes/main [2ms]
2023-09-10 09:25:32.674 [info] > git status -z -uall [1ms]
2023-09-10 09:25:45.279 [info] > git config --get commit.template [2ms]
2023-09-10 09:25:45.289 [info] > git for-each-ref --format=%(refname)%00%(upstream:short)%00%(objectname)%00%(upstream:track)%00%(upstream:remotename)%00%(upstream:remoteref) refs/heads/main refs/remotes/main [1ms]
2023-09-10 09:25:45.300 [info] > git status -z -uall [2ms]
2023-09-10 09:29:56.616 [info] > git config --get commit.template [2ms]
2023-09-10 09:29:56.627 [info] > git for-each-ref --format=%(refname)%00%(upstream:short)%00%(objectname)%00%(upstream:track)%00%(upstream:remotename)%00%(upstream:remoteref) refs/heads/main refs/remotes/main [2ms]
2023-09-10 09:29:56.638 [info] > git status -z -uall [2ms]
2023-09-10 09:31:45.059 [info] > git config --get commit.template [2ms]
2023-09-10 09:31:45.069 [info] > git for-each-ref --format=%(refname)%00%(upstream:short)%00%(objectname)%00%(upstream:track)%00%(upstream:remotename)%00%(upstream:remoteref) refs/heads/main refs/remotes/main [1ms]
2023-09-10 09:31:45.081 [info] > git status -z -uall [2ms]
2023-09-10 09:31:51.046 [info] > git config --get commit.template [1ms]
2023-09-10 09:31:51.057 [info] > git for-each-ref --format=%(refname)%00%(upstream:short)%00%(objectname)%00%(upstream:track)%00%(upstream:remotename)%00%(upstream:remoteref) refs/heads/main refs/remotes/main [2ms]
2023-09-10 09:31:51.068 [info] > git status -z -uall [1ms]
2023-09-10 09:31:56.086 [info] > git config --get commit.template [1ms]
2023-09-10 09:31:56.097 [info] > git for-each-ref --format=%(refname)%00%(upstream:short)%00%(objectname)%00%(upstream:track)%00%(upstream:remotename)%00%(upstream:remoteref) refs/heads/main refs/remotes/main [3ms]
2023-09-10 09:31:56.106 [info] > git status -z -uall [1ms]
2023-09-10 09:33:11.006 [info] > git config --get commit.template [2ms]
2023-09-10 09:33:11.015 [info] > git for-each-ref --format=%(refname)%00%(upstream:short)%00%(objectname)%00%(upstream:track)%00%(upstream:remotename)%00%(upstream:remoteref) refs/heads/main refs/remotes/main [2ms]
2023-09-10 09:33:11.026 [info] > git status -z -uall [2ms]
2023-09-10 09:33:16.047 [info] > git config --get commit.template [2ms]
2023-09-10 09:33:16.059 [info] > git for-each-ref --format=%(refname)%00%(upstream:short)%00%(objectname)%00%(upstream:track)%00%(upstream:remotename)%00%(upstream:remoteref) refs/heads/main refs/remotes/main [1ms]
2023-09-10 09:33:16.069 [info] > git status -z -uall [2ms]
2023-09-10 09:33:34.432 [info] > git config --get commit.template [1ms]
2023-09-10 09:33:34.442 [info] > git for-each-ref --format=%(refname)%00%(upstream:short)%00%(objectname)%00%(upstream:track)%00%(upstream:remotename)%00%(upstream:remoteref) refs/heads/main refs/remotes/main [2ms]
2023-09-10 09:33:34.453 [info] > git status -z -uall [2ms]
2023-09-10 09:33:39.471 [info] > git config --get commit.template [1ms]
2023-09-10 09:33:39.483 [info] > git for-each-ref --format=%(refname)%00%(upstream:short)%00%(objectname)%00%(upstream:track)%00%(upstream:remotename)%00%(upstream:remoteref) refs/heads/main refs/remotes/main [2ms]
2023-09-10 09:33:39.494 [info] > git status -z -uall [2ms]
2023-09-10 09:33:44.516 [info] > git config --get commit.template [2ms]
2023-09-10 09:33:44.527 [info] > git for-each-ref --format=%(refname)%00%(upstream:short)%00%(objectname)%00%(upstream:track)%00%(upstream:remotename)%00%(upstream:remoteref) refs/heads/main refs/remotes/main [1ms]
2023-09-10 09:33:44.537 [info] > git status -z -uall [2ms]
2023-09-10 09:33:51.256 [info] > git config --get commit.template [2ms]
2023-09-10 09:33:51.266 [info] > git for-each-ref --format=%(refname)%00%(upstream:short)%00%(objectname)%00%(upstream:track)%00%(upstream:remotename)%00%(upstream:remoteref) refs/heads/main refs/remotes/main [2ms]
2023-09-10 09:33:51.277 [info] > git status -z -uall [1ms]
2023-09-10 09:33:56.297 [info] > git config --get commit.template [7ms]
2023-09-10 09:33:56.298 [info] > git for-each-ref --format=%(refname)%00%(upstream:short)%00%(objectname)%00%(upstream:track)%00%(upstream:remotename)%00%(upstream:remoteref) refs/heads/main refs/remotes/main [2ms]
2023-09-10 09:33:56.305 [info] > git status -z -uall [1ms]
2023-09-10 09:34:01.326 [info] > git config --get commit.template [2ms]
2023-09-10 09:34:01.336 [info] > git for-each-ref --format=%(refname)%00%(upstream:short)%00%(objectname)%00%(upstream:track)%00%(upstream:remotename)%00%(upstream:remoteref) refs/heads/main refs/remotes/main [2ms]
2023-09-10 09:34:01.347 [info] > git status -z -uall [2ms]
2023-09-10 09:35:49.982 [info] > git config --get commit.template [1ms]
2023-09-10 09:35:49.992 [info] > git for-each-ref --format=%(refname)%00%(upstream:short)%00%(objectname)%00%(upstream:track)%00%(upstream:remotename)%00%(upstream:remoteref) refs/heads/main refs/remotes/main [1ms]
2023-09-10 09:35:50.002 [info] > git status -z -uall [2ms]
2023-09-10 09:35:55.563 [info] > git config --get commit.template [2ms]
2023-09-10 09:35:55.574 [info] > git for-each-ref --format=%(refname)%00%(upstream:short)%00%(objectname)%00%(upstream:track)%00%(upstream:remotename)%00%(upstream:remoteref) refs/heads/main refs/remotes/main [1ms]
2023-09-10 09:35:55.584 [info] > git status -z -uall [2ms]
2023-09-10 09:43:29.585 [info] > git config --get commit.template [2ms]
2023-09-10 09:43:29.594 [info] > git for-each-ref --format=%(refname)%00%(upstream:short)%00%(objectname)%00%(upstream:track)%00%(upstream:remotename)%00%(upstream:remoteref) refs/heads/main refs/remotes/main [2ms]
2023-09-10 09:43:29.603 [info] > git status -z -uall [2ms]
2023-09-10 10:04:29.317 [info] > git config --get commit.template [1ms]
2023-09-10 10:04:29.328 [info] > git for-each-ref --format=%(refname)%00%(upstream:short)%00%(objectname)%00%(upstream:track)%00%(upstream:remotename)%00%(upstream:remoteref) refs/heads/main refs/remotes/main [2ms]
2023-09-10 10:04:29.340 [info] > git status -z -uall [2ms]
2023-09-10 10:04:36.161 [info] > git show --textconv :layouts/leadLayout.vue [11ms]
2023-09-10 10:04:36.163 [info] > git ls-files --stage -- /home/lullaby/Projects/Safepill/safepill-frontend/layouts/leadLayout.vue [3ms]
2023-09-10 10:05:57.433 [info] > git config --get commit.template [2ms]
2023-09-10 10:05:57.443 [info] > git for-each-ref --format=%(refname)%00%(upstream:short)%00%(objectname)%00%(upstream:track)%00%(upstream:remotename)%00%(upstream:remoteref) refs/heads/main refs/remotes/main [2ms]
2023-09-10 10:05:57.454 [info] > git status -z -uall [2ms]
2023-09-10 10:06:16.077 [info] > git show --textconv :components/Header.vue [10ms]
2023-09-10 10:06:16.079 [info] > git ls-files --stage -- /home/lullaby/Projects/Safepill/safepill-frontend/components/Header.vue [3ms]
2023-09-10 10:09:03.369 [info] > git config --get commit.template [1ms]
2023-09-10 10:09:03.381 [info] > git for-each-ref --format=%(refname)%00%(upstream:short)%00%(objectname)%00%(upstream:track)%00%(upstream:remotename)%00%(upstream:remoteref) refs/heads/main refs/remotes/main [1ms]
2023-09-10 10:09:03.391 [info] > git status -z -uall [2ms]
2023-09-10 10:09:20.212 [info] > git config --get commit.template [1ms]
2023-09-10 10:09:20.222 [info] > git for-each-ref --format=%(refname)%00%(upstream:short)%00%(objectname)%00%(upstream:track)%00%(upstream:remotename)%00%(upstream:remoteref) refs/heads/main refs/remotes/main [2ms]
2023-09-10 10:09:20.233 [info] > git status -z -uall [2ms]
2023-09-10 10:11:12.490 [info] > git config --get commit.template [2ms]
2023-09-10 10:11:12.500 [info] > git for-each-ref --format=%(refname)%00%(upstream:short)%00%(objectname)%00%(upstream:track)%00%(upstream:remotename)%00%(upstream:remoteref) refs/heads/main refs/remotes/main [2ms]
2023-09-10 10:11:12.511 [info] > git status -z -uall [2ms]
2023-09-10 10:11:35.176 [info] > git config --get commit.template [2ms]
2023-09-10 10:11:35.188 [info] > git for-each-ref --format=%(refname)%00%(upstream:short)%00%(objectname)%00%(upstream:track)%00%(upstream:remotename)%00%(upstream:remoteref) refs/heads/main refs/remotes/main [1ms]
2023-09-10 10:11:35.200 [info] > git status -z -uall [1ms]
2023-09-10 10:22:53.398 [info] > git config --get commit.template [1ms]
2023-09-10 10:22:53.409 [info] > git for-each-ref --format=%(refname)%00%(upstream:short)%00%(objectname)%00%(upstream:track)%00%(upstream:remotename)%00%(upstream:remoteref) refs/heads/main refs/remotes/main [2ms]
2023-09-10 10:22:53.420 [info] > git status -z -uall [1ms]
2023-09-10 10:27:52.456 [info] > git config --get commit.template [3ms]
2023-09-10 10:27:52.467 [info] > git for-each-ref --format=%(refname)%00%(upstream:short)%00%(objectname)%00%(upstream:track)%00%(upstream:remotename)%00%(upstream:remoteref) refs/heads/main refs/remotes/main [2ms]
2023-09-10 10:27:52.478 [info] > git status -z -uall [2ms]
2023-09-10 10:39:03.585 [info] > git config --get commit.template [1ms]
2023-09-10 10:39:03.595 [info] > git for-each-ref --format=%(refname)%00%(upstream:short)%00%(objectname)%00%(upstream:track)%00%(upstream:remotename)%00%(upstream:remoteref) refs/heads/main refs/remotes/main [1ms]
2023-09-10 10:39:03.605 [info] > git status -z -uall [2ms]
2023-09-10 10:39:09.330 [info] > git config --get commit.template [1ms]
2023-09-10 10:39:09.340 [info] > git for-each-ref --format=%(refname)%00%(upstream:short)%00%(objectname)%00%(upstream:track)%00%(upstream:remotename)%00%(upstream:remoteref) refs/heads/main refs/remotes/main [1ms]
2023-09-10 10:39:09.352 [info] > git status -z -uall [2ms]
2023-09-10 11:15:07.944 [info] > git config --get commit.template [2ms]
2023-09-10 11:15:07.955 [info] > git for-each-ref --format=%(refname)%00%(upstream:short)%00%(objectname)%00%(upstream:track)%00%(upstream:remotename)%00%(upstream:remoteref) refs/heads/main refs/remotes/main [2ms]
2023-09-10 11:15:07.966 [info] > git status -z -uall [2ms]
2023-09-10 11:15:21.990 [info] > git config --get commit.template [2ms]
2023-09-10 11:15:22.000 [info] > git for-each-ref --format=%(refname)%00%(upstream:short)%00%(objectname)%00%(upstream:track)%00%(upstream:remotename)%00%(upstream:remoteref) refs/heads/main refs/remotes/main [1ms]
2023-09-10 11:15:22.011 [info] > git status -z -uall [2ms]
2023-09-10 11:15:31.552 [info] > git config --get commit.template [1ms]
2023-09-10 11:15:31.563 [info] > git for-each-ref --format=%(refname)%00%(upstream:short)%00%(objectname)%00%(upstream:track)%00%(upstream:remotename)%00%(upstream:remoteref) refs/heads/main refs/remotes/main [2ms]
2023-09-10 11:15:31.575 [info] > git status -z -uall [2ms]
2023-09-10 13:30:10.323 [info] > git check-ignore -v -z --stdin [2ms]
2023-09-10 13:30:11.533 [info] > git check-ignore -v -z --stdin [1ms]
2023-09-10 13:30:12.061 [info] > git config --get commit.template [2ms]
2023-09-10 13:30:12.070 [info] > git for-each-ref --format=%(refname)%00%(upstream:short)%00%(objectname)%00%(upstream:track)%00%(upstream:remotename)%00%(upstream:remoteref) refs/heads/main refs/remotes/main [1ms]
2023-09-10 13:30:12.081 [info] > git status -z -uall [1ms]
2023-09-10 13:30:44.627 [info] > git config --get commit.template [2ms]
2023-09-10 13:30:44.638 [info] > git for-each-ref --format=%(refname)%00%(upstream:short)%00%(objectname)%00%(upstream:track)%00%(upstream:remotename)%00%(upstream:remoteref) refs/heads/main refs/remotes/main [1ms]
2023-09-10 13:30:44.647 [info] > git status -z -uall [1ms]
2023-09-10 13:31:10.373 [info] > git config --get commit.template [1ms]
2023-09-10 13:31:10.384 [info] > git for-each-ref --format=%(refname)%00%(upstream:short)%00%(objectname)%00%(upstream:track)%00%(upstream:remotename)%00%(upstream:remoteref) refs/heads/main refs/remotes/main [2ms]
2023-09-10 13:31:10.394 [info] > git status -z -uall [2ms]
2023-09-10 13:31:22.894 [info] > git config --get commit.template [1ms]
2023-09-10 13:31:22.903 [info] > git for-each-ref --format=%(refname)%00%(upstream:short)%00%(objectname)%00%(upstream:track)%00%(upstream:remotename)%00%(upstream:remoteref) refs/heads/main refs/remotes/main [2ms]
2023-09-10 13:31:22.913 [info] > git status -z -uall [2ms]
2023-09-10 13:31:33.053 [info] > git config --get commit.template [7ms]
2023-09-10 13:31:33.054 [info] > git for-each-ref --format=%(refname)%00%(upstream:short)%00%(objectname)%00%(upstream:track)%00%(upstream:remotename)%00%(upstream:remoteref) refs/heads/main refs/remotes/main [2ms]
2023-09-10 13:31:33.063 [info] > git status -z -uall [2ms]
2023-09-10 13:31:55.145 [info] > git config --get commit.template [1ms]
2023-09-10 13:31:55.157 [info] > git for-each-ref --format=%(refname)%00%(upstream:short)%00%(objectname)%00%(upstream:track)%00%(upstream:remotename)%00%(upstream:remoteref) refs/heads/main refs/remotes/main [1ms]
2023-09-10 13:31:55.167 [info] > git status -z -uall [1ms]
2023-09-10 13:32:17.794 [info] > git config --get commit.template [2ms]
2023-09-10 13:32:17.805 [info] > git for-each-ref --format=%(refname)%00%(upstream:short)%00%(objectname)%00%(upstream:track)%00%(upstream:remotename)%00%(upstream:remoteref) refs/heads/main refs/remotes/main [1ms]
2023-09-10 13:32:17.817 [info] > git status -z -uall [2ms]
2023-09-10 13:32:25.841 [info] > git config --get commit.template [2ms]
2023-09-10 13:32:25.852 [info] > git for-each-ref --format=%(refname)%00%(upstream:short)%00%(objectname)%00%(upstream:track)%00%(upstream:remotename)%00%(upstream:remoteref) refs/heads/main refs/remotes/main [2ms]
2023-09-10 13:32:25.862 [info] > git status -z -uall [2ms]
2023-09-10 13:32:46.731 [info] > git config --get commit.template [2ms]
2023-09-10 13:32:46.744 [info] > git for-each-ref --format=%(refname)%00%(upstream:short)%00%(objectname)%00%(upstream:track)%00%(upstream:remotename)%00%(upstream:remoteref) refs/heads/main refs/remotes/main [2ms]
2023-09-10 13:32:46.758 [info] > git status -z -uall [2ms]
2023-09-10 13:33:21.671 [info] > git config --get commit.template [2ms]
2023-09-10 13:33:21.682 [info] > git for-each-ref --format=%(refname)%00%(upstream:short)%00%(objectname)%00%(upstream:track)%00%(upstream:remotename)%00%(upstream:remoteref) refs/heads/main refs/remotes/main [2ms]
2023-09-10 13:33:21.692 [info] > git status -z -uall [2ms]
2023-09-10 13:33:28.058 [info] > git config --get commit.template [2ms]
2023-09-10 13:33:28.067 [info] > git for-each-ref --format=%(refname)%00%(upstream:short)%00%(objectname)%00%(upstream:track)%00%(upstream:remotename)%00%(upstream:remoteref) refs/heads/main refs/remotes/main [1ms]
2023-09-10 13:33:28.078 [info] > git status -z -uall [2ms]
2023-09-10 13:33:33.592 [info] > git config --get commit.template [3ms]
2023-09-10 13:33:33.604 [info] > git for-each-ref --format=%(refname)%00%(upstream:short)%00%(objectname)%00%(upstream:track)%00%(upstream:remotename)%00%(upstream:remoteref) refs/heads/main refs/remotes/main [1ms]
2023-09-10 13:33:33.614 [info] > git status -z -uall [2ms]
2023-09-10 13:33:44.249 [info] > git config --get commit.template [3ms]
2023-09-10 13:33:44.259 [info] > git for-each-ref --format=%(refname)%00%(upstream:short)%00%(objectname)%00%(upstream:track)%00%(upstream:remotename)%00%(upstream:remoteref) refs/heads/main refs/remotes/main [1ms]
2023-09-10 13:33:44.271 [info] > git status -z -uall [2ms]
2023-09-10 13:33:57.413 [info] > git config --get commit.template [2ms]
2023-09-10 13:33:57.423 [info] > git for-each-ref --format=%(refname)%00%(upstream:short)%00%(objectname)%00%(upstream:track)%00%(upstream:remotename)%00%(upstream:remoteref) refs/heads/main refs/remotes/main [2ms]
2023-09-10 13:33:57.431 [info] > git status -z -uall [2ms]
2023-09-10 13:34:06.360 [info] > git config --get commit.template [2ms]
2023-09-10 13:34:06.368 [info] > git for-each-ref --format=%(refname)%00%(upstream:short)%00%(objectname)%00%(upstream:track)%00%(upstream:remotename)%00%(upstream:remoteref) refs/heads/main refs/remotes/main [2ms]
2023-09-10 13:34:06.377 [info] > git status -z -uall [1ms]
2023-09-10 13:34:11.872 [info] > git config --get commit.template [1ms]
2023-09-10 13:34:11.882 [info] > git for-each-ref --format=%(refname)%00%(upstream:short)%00%(objectname)%00%(upstream:track)%00%(upstream:remotename)%00%(upstream:remoteref) refs/heads/main refs/remotes/main [1ms]
2023-09-10 13:34:11.892 [info] > git status -z -uall [2ms]
2023-09-10 13:34:17.271 [info] > git config --get commit.template [9ms]
2023-09-10 13:34:17.271 [info] > git for-each-ref --format=%(refname)%00%(upstream:short)%00%(objectname)%00%(upstream:track)%00%(upstream:remotename)%00%(upstream:remoteref) refs/heads/main refs/remotes/main [1ms]
2023-09-10 13:34:17.281 [info] > git status -z -uall [1ms]
2023-09-10 13:35:07.825 [info] > git config --get commit.template [7ms]
2023-09-10 13:35:07.826 [info] > git for-each-ref --format=%(refname)%00%(upstream:short)%00%(objectname)%00%(upstream:track)%00%(upstream:remotename)%00%(upstream:remoteref) refs/heads/main refs/remotes/main [1ms]
2023-09-10 13:35:07.834 [info] > git status -z -uall [2ms]
2023-09-10 13:35:17.128 [info] > git config --get commit.template [2ms]
2023-09-10 13:35:17.139 [info] > git for-each-ref --format=%(refname)%00%(upstream:short)%00%(objectname)%00%(upstream:track)%00%(upstream:remotename)%00%(upstream:remoteref) refs/heads/main refs/remotes/main [1ms]
2023-09-10 13:35:17.152 [info] > git status -z -uall [2ms]
2023-09-10 13:35:26.997 [info] > git config --get commit.template [2ms]
2023-09-10 13:35:27.008 [info] > git for-each-ref --format=%(refname)%00%(upstream:short)%00%(objectname)%00%(upstream:track)%00%(upstream:remotename)%00%(upstream:remoteref) refs/heads/main refs/remotes/main [1ms]
2023-09-10 13:35:27.017 [info] > git status -z -uall [2ms]
2023-09-10 13:35:37.750 [info] > git check-ignore -v -z --stdin [1ms]
2023-09-10 13:36:53.332 [info] > git show --textconv :tailwind.config.js [11ms]
2023-09-10 13:36:53.333 [info] > git ls-files --stage -- /home/lullaby/Projects/Safepill/safepill-frontend/tailwind.config.js [2ms]
2023-09-10 13:37:38.199 [info] > git show --textconv :assets/css/main.css [7ms]
2023-09-10 13:37:38.200 [info] > git ls-files --stage -- /home/lullaby/Projects/Safepill/safepill-frontend/assets/css/main.css [1ms]
2023-09-10 13:38:13.490 [info] > git config --get commit.template [2ms]
2023-09-10 13:38:13.501 [info] > git for-each-ref --format=%(refname)%00%(upstream:short)%00%(objectname)%00%(upstream:track)%00%(upstream:remotename)%00%(upstream:remoteref) refs/heads/main refs/remotes/main [2ms]
2023-09-10 13:38:13.512 [info] > git status -z -uall [2ms]
2023-09-10 13:56:18.062 [info] > git config --get commit.template [4ms]
2023-09-10 13:56:18.074 [info] > git for-each-ref --format=%(refname)%00%(upstream:short)%00%(objectname)%00%(upstream:track)%00%(upstream:remotename)%00%(upstream:remoteref) refs/heads/main refs/remotes/main [1ms]
2023-09-10 13:56:18.085 [info] > git status -z -uall [2ms]
2023-09-10 13:56:51.030 [info] > git config --get commit.template [8ms]
2023-09-10 13:56:51.031 [info] > git for-each-ref --format=%(refname)%00%(upstream:short)%00%(objectname)%00%(upstream:track)%00%(upstream:remotename)%00%(upstream:remoteref) refs/heads/main refs/remotes/main [1ms]
2023-09-10 13:56:51.038 [info] > git status -z -uall [2ms]
2023-09-10 13:56:56.056 [info] > git config --get commit.template [1ms]
2023-09-10 13:56:56.067 [info] > git for-each-ref --format=%(refname)%00%(upstream:short)%00%(objectname)%00%(upstream:track)%00%(upstream:remotename)%00%(upstream:remoteref) refs/heads/main refs/remotes/main [2ms]
2023-09-10 13:56:56.077 [info] > git status -z -uall [2ms]
2023-09-10 13:57:11.361 [info] > git config --get commit.template [1ms]
2023-09-10 13:57:11.372 [info] > git for-each-ref --format=%(refname)%00%(upstream:short)%00%(objectname)%00%(upstream:track)%00%(upstream:remotename)%00%(upstream:remoteref) refs/heads/main refs/remotes/main [2ms]
2023-09-10 13:57:11.383 [info] > git status -z -uall [2ms]
2023-09-10 13:58:08.516 [info] > git config --get commit.template [10ms]
2023-09-10 13:58:08.517 [info] > git for-each-ref --format=%(refname)%00%(upstream:short)%00%(objectname)%00%(upstream:track)%00%(upstream:remotename)%00%(upstream:remoteref) refs/heads/main refs/remotes/main [1ms]
2023-09-10 13:58:08.528 [info] > git status -z -uall [3ms]
2023-09-10 13:58:48.054 [info] > git config --get commit.template [11ms]
2023-09-10 13:58:48.055 [info] > git for-each-ref --format=%(refname)%00%(upstream:short)%00%(objectname)%00%(upstream:track)%00%(upstream:remotename)%00%(upstream:remoteref) refs/heads/main refs/remotes/main [2ms]
2023-09-10 13:58:48.068 [info] > git status -z -uall [3ms]
2023-09-10 13:59:02.665 [info] > git config --get commit.template [1ms]
2023-09-10 13:59:02.678 [info] > git for-each-ref --format=%(refname)%00%(upstream:short)%00%(objectname)%00%(upstream:track)%00%(upstream:remotename)%00%(upstream:remoteref) refs/heads/main refs/remotes/main [2ms]
2023-09-10 13:59:02.691 [info] > git status -z -uall [2ms]
2023-09-10 13:59:38.507 [info] > git config --get commit.template [2ms]
2023-09-10 13:59:38.516 [info] > git for-each-ref --format=%(refname)%00%(upstream:short)%00%(objectname)%00%(upstream:track)%00%(upstream:remotename)%00%(upstream:remoteref) refs/heads/main refs/remotes/main [2ms]
2023-09-10 13:59:38.528 [info] > git status -z -uall [3ms]
2023-09-10 13:59:43.548 [info] > git config --get commit.template [1ms]
2023-09-10 13:59:43.558 [info] > git for-each-ref --format=%(refname)%00%(upstream:short)%00%(objectname)%00%(upstream:track)%00%(upstream:remotename)%00%(upstream:remoteref) refs/heads/main refs/remotes/main [2ms]
2023-09-10 13:59:43.569 [info] > git status -z -uall [3ms]
2023-09-10 13:59:48.591 [info] > git config --get commit.template [2ms]
2023-09-10 13:59:48.603 [info] > git for-each-ref --format=%(refname)%00%(upstream:short)%00%(objectname)%00%(upstream:track)%00%(upstream:remotename)%00%(upstream:remoteref) refs/heads/main refs/remotes/main [2ms]
2023-09-10 13:59:48.613 [info] > git status -z -uall [2ms]
2023-09-10 14:01:27.381 [info] > git config --get commit.template [2ms]
2023-09-10 14:01:27.391 [info] > git for-each-ref --format=%(refname)%00%(upstream:short)%00%(objectname)%00%(upstream:track)%00%(upstream:remotename)%00%(upstream:remoteref) refs/heads/main refs/remotes/main [1ms]
2023-09-10 14:01:27.402 [info] > git status -z -uall [2ms]
2023-09-10 14:01:32.428 [info] > git config --get commit.template [9ms]
2023-09-10 14:01:32.429 [info] > git for-each-ref --format=%(refname)%00%(upstream:short)%00%(objectname)%00%(upstream:track)%00%(upstream:remotename)%00%(upstream:remoteref) refs/heads/main refs/remotes/main [2ms]
2023-09-10 14:01:32.441 [info] > git status -z -uall [3ms]
2023-09-10 14:01:37.464 [info] > git config --get commit.template [2ms]
2023-09-10 14:01:37.474 [info] > git for-each-ref --format=%(refname)%00%(upstream:short)%00%(objectname)%00%(upstream:track)%00%(upstream:remotename)%00%(upstream:remoteref) refs/heads/main refs/remotes/main [1ms]
2023-09-10 14:01:37.485 [info] > git status -z -uall [2ms]
2023-09-10 14:04:02.800 [info] > git config --get commit.template [2ms]
2023-09-10 14:04:02.811 [info] > git for-each-ref --format=%(refname)%00%(upstream:short)%00%(objectname)%00%(upstream:track)%00%(upstream:remotename)%00%(upstream:remoteref) refs/heads/main refs/remotes/main [2ms]
2023-09-10 14:04:02.824 [info] > git status -z -uall [4ms]
2023-09-10 14:05:21.776 [info] > git config --get commit.template [2ms]
2023-09-10 14:05:21.786 [info] > git for-each-ref --format=%(refname)%00%(upstream:short)%00%(objectname)%00%(upstream:track)%00%(upstream:remotename)%00%(upstream:remoteref) refs/heads/main refs/remotes/main [1ms]
2023-09-10 14:05:21.798 [info] > git status -z -uall [2ms]
2023-09-10 14:05:26.827 [info] > git config --get commit.template [11ms]
2023-09-10 14:05:26.828 [info] > git for-each-ref --format=%(refname)%00%(upstream:short)%00%(objectname)%00%(upstream:track)%00%(upstream:remotename)%00%(upstream:remoteref) refs/heads/main refs/remotes/main [2ms]
2023-09-10 14:05:26.839 [info] > git status -z -uall [2ms]
2023-09-10 14:05:41.327 [info] > git config --get commit.template [1ms]
2023-09-10 14:05:41.338 [info] > git for-each-ref --format=%(refname)%00%(upstream:short)%00%(objectname)%00%(upstream:track)%00%(upstream:remotename)%00%(upstream:remoteref) refs/heads/main refs/remotes/main [2ms]
2023-09-10 14:05:41.349 [info] > git status -z -uall [3ms]
2023-09-10 14:10:07.414 [info] > git config --get commit.template [2ms]
2023-09-10 14:10:07.425 [info] > git for-each-ref --format=%(refname)%00%(upstream:short)%00%(objectname)%00%(upstream:track)%00%(upstream:remotename)%00%(upstream:remoteref) refs/heads/main refs/remotes/main [2ms]
2023-09-10 14:10:07.436 [info] > git status -z -uall [2ms]
2023-09-10 14:11:13.136 [info] > git config --get commit.template [2ms]
2023-09-10 14:11:13.146 [info] > git for-each-ref --format=%(refname)%00%(upstream:short)%00%(objectname)%00%(upstream:track)%00%(upstream:remotename)%00%(upstream:remoteref) refs/heads/main refs/remotes/main [2ms]
2023-09-10 14:11:13.156 [info] > git status -z -uall [2ms]
2023-09-10 14:11:19.861 [info] > git config --get commit.template [2ms]
2023-09-10 14:11:19.871 [info] > git for-each-ref --format=%(refname)%00%(upstream:short)%00%(objectname)%00%(upstream:track)%00%(upstream:remotename)%00%(upstream:remoteref) refs/heads/main refs/remotes/main [2ms]
2023-09-10 14:11:19.883 [info] > git status -z -uall [2ms]
2023-09-10 14:11:29.060 [info] > git config --get commit.template [1ms]
2023-09-10 14:11:29.070 [info] > git for-each-ref --format=%(refname)%00%(upstream:short)%00%(objectname)%00%(upstream:track)%00%(upstream:remotename)%00%(upstream:remoteref) refs/heads/main refs/remotes/main [1ms]
2023-09-10 14:11:29.081 [info] > git status -z -uall [2ms]
2023-09-10 14:11:39.947 [info] > git config --get commit.template [1ms]
2023-09-10 14:11:39.957 [info] > git for-each-ref --format=%(refname)%00%(upstream:short)%00%(objectname)%00%(upstream:track)%00%(upstream:remotename)%00%(upstream:remoteref) refs/heads/main refs/remotes/main [2ms]
2023-09-10 14:11:39.968 [info] > git status -z -uall [3ms]
2023-09-10 14:11:45.633 [info] > git config --get commit.template [11ms]
2023-09-10 14:11:45.634 [info] > git for-each-ref --format=%(refname)%00%(upstream:short)%00%(objectname)%00%(upstream:track)%00%(upstream:remotename)%00%(upstream:remoteref) refs/heads/main refs/remotes/main [2ms]
2023-09-10 14:11:45.645 [info] > git status -z -uall [2ms]
2023-09-10 14:11:53.441 [info] > git config --get commit.template [1ms]
2023-09-10 14:11:53.451 [info] > git for-each-ref --format=%(refname)%00%(upstream:short)%00%(objectname)%00%(upstream:track)%00%(upstream:remotename)%00%(upstream:remoteref) refs/heads/main refs/remotes/main [2ms]
2023-09-10 14:11:53.464 [info] > git status -z -uall [3ms]
2023-09-10 14:11:58.488 [info] > git config --get commit.template [1ms]
2023-09-10 14:11:58.498 [info] > git for-each-ref --format=%(refname)%00%(upstream:short)%00%(objectname)%00%(upstream:track)%00%(upstream:remotename)%00%(upstream:remoteref) refs/heads/main refs/remotes/main [2ms]
2023-09-10 14:11:58.509 [info] > git status -z -uall [2ms]
2023-09-10 14:12:05.201 [info] > git config --get commit.template [2ms]
2023-09-10 14:12:05.211 [info] > git for-each-ref --format=%(refname)%00%(upstream:short)%00%(objectname)%00%(upstream:track)%00%(upstream:remotename)%00%(upstream:remoteref) refs/heads/main refs/remotes/main [1ms]
2023-09-10 14:12:05.222 [info] > git status -z -uall [2ms]
2023-09-10 14:13:03.567 [info] > git config --get commit.template [2ms]
2023-09-10 14:13:03.578 [info] > git for-each-ref --format=%(refname)%00%(upstream:short)%00%(objectname)%00%(upstream:track)%00%(upstream:remotename)%00%(upstream:remoteref) refs/heads/main refs/remotes/main [2ms]
2023-09-10 14:13:03.590 [info] > git status -z -uall [2ms]
2023-09-10 14:14:44.408 [info] > git config --get commit.template [2ms]
2023-09-10 14:14:44.418 [info] > git for-each-ref --format=%(refname)%00%(upstream:short)%00%(objectname)%00%(upstream:track)%00%(upstream:remotename)%00%(upstream:remoteref) refs/heads/main refs/remotes/main [2ms]
2023-09-10 14:14:44.429 [info] > git status -z -uall [2ms]
2023-09-10 14:15:30.382 [info] > git config --get commit.template [10ms]
2023-09-10 14:15:30.383 [info] > git for-each-ref --format=%(refname)%00%(upstream:short)%00%(objectname)%00%(upstream:track)%00%(upstream:remotename)%00%(upstream:remoteref) refs/heads/main refs/remotes/main [1ms]
2023-09-10 14:15:30.395 [info] > git status -z -uall [2ms]
2023-09-10 14:17:34.377 [info] > git config --get commit.template [1ms]
2023-09-10 14:17:34.387 [info] > git for-each-ref --format=%(refname)%00%(upstream:short)%00%(objectname)%00%(upstream:track)%00%(upstream:remotename)%00%(upstream:remoteref) refs/heads/main refs/remotes/main [1ms]
2023-09-10 14:17:34.398 [info] > git status -z -uall [2ms]
2023-09-10 14:17:52.874 [info] > git config --get commit.template [1ms]
2023-09-10 14:17:52.884 [info] > git for-each-ref --format=%(refname)%00%(upstream:short)%00%(objectname)%00%(upstream:track)%00%(upstream:remotename)%00%(upstream:remoteref) refs/heads/main refs/remotes/main [1ms]
2023-09-10 14:17:52.895 [info] > git status -z -uall [2ms]
2023-09-10 14:18:08.432 [info] > git config --get commit.template [1ms]
2023-09-10 14:18:08.443 [info] > git for-each-ref --format=%(refname)%00%(upstream:short)%00%(objectname)%00%(upstream:track)%00%(upstream:remotename)%00%(upstream:remoteref) refs/heads/main refs/remotes/main [2ms]
2023-09-10 14:18:08.455 [info] > git status -z -uall [2ms]
2023-09-10 14:18:25.491 [info] > git config --get commit.template [2ms]
2023-09-10 14:18:25.503 [info] > git for-each-ref --format=%(refname)%00%(upstream:short)%00%(objectname)%00%(upstream:track)%00%(upstream:remotename)%00%(upstream:remoteref) refs/heads/main refs/remotes/main [2ms]
2023-09-10 14:18:25.514 [info] > git status -z -uall [2ms]
2023-09-10 14:18:46.708 [info] > git config --get commit.template [2ms]
2023-09-10 14:18:46.720 [info] > git for-each-ref --format=%(refname)%00%(upstream:short)%00%(objectname)%00%(upstream:track)%00%(upstream:remotename)%00%(upstream:remoteref) refs/heads/main refs/remotes/main [2ms]
2023-09-10 14:18:46.731 [info] > git status -z -uall [3ms]
2023-09-10 14:22:07.577 [info] > git config --get commit.template [1ms]
2023-09-10 14:22:07.587 [info] > git for-each-ref --format=%(refname)%00%(upstream:short)%00%(objectname)%00%(upstream:track)%00%(upstream:remotename)%00%(upstream:remoteref) refs/heads/main refs/remotes/main [2ms]
2023-09-10 14:22:07.598 [info] > git status -z -uall [2ms]
2023-09-10 14:22:20.790 [info] > git config --get commit.template [2ms]
2023-09-10 14:22:20.800 [info] > git for-each-ref --format=%(refname)%00%(upstream:short)%00%(objectname)%00%(upstream:track)%00%(upstream:remotename)%00%(upstream:remoteref) refs/heads/main refs/remotes/main [2ms]
2023-09-10 14:22:20.811 [info] > git status -z -uall [2ms]
2023-09-10 14:22:58.336 [info] > git config --get commit.template [1ms]
2023-09-10 14:22:58.347 [info] > git for-each-ref --format=%(refname)%00%(upstream:short)%00%(objectname)%00%(upstream:track)%00%(upstream:remotename)%00%(upstream:remoteref) refs/heads/main refs/remotes/main [2ms]
2023-09-10 14:22:58.360 [info] > git status -z -uall [3ms]
2023-09-10 14:24:47.064 [info] > git config --get commit.template [2ms]
2023-09-10 14:24:47.075 [info] > git for-each-ref --format=%(refname)%00%(upstream:short)%00%(objectname)%00%(upstream:track)%00%(upstream:remotename)%00%(upstream:remoteref) refs/heads/main refs/remotes/main [1ms]
2023-09-10 14:24:47.085 [info] > git status -z -uall [2ms]
2023-09-10 14:24:58.490 [info] > git config --get commit.template [2ms]
2023-09-10 14:24:58.500 [info] > git for-each-ref --format=%(refname)%00%(upstream:short)%00%(objectname)%00%(upstream:track)%00%(upstream:remotename)%00%(upstream:remoteref) refs/heads/main refs/remotes/main [1ms]
2023-09-10 14:24:58.512 [info] > git status -z -uall [3ms]
2023-09-10 14:25:46.505 [info] > git config --get commit.template [12ms]
2023-09-10 14:25:46.505 [info] > git for-each-ref --format=%(refname)%00%(upstream:short)%00%(objectname)%00%(upstream:track)%00%(upstream:remotename)%00%(upstream:remoteref) refs/heads/main refs/remotes/main [3ms]
2023-09-10 14:25:46.517 [info] > git status -z -uall [2ms]
2023-09-10 14:26:12.892 [info] > git config --get commit.template [2ms]
2023-09-10 14:26:12.903 [info] > git for-each-ref --format=%(refname)%00%(upstream:short)%00%(objectname)%00%(upstream:track)%00%(upstream:remotename)%00%(upstream:remoteref) refs/heads/main refs/remotes/main [2ms]
2023-09-10 14:26:12.914 [info] > git status -z -uall [2ms]
2023-09-10 15:36:50.608 [info] > git config --get commit.template [2ms]
2023-09-10 15:36:50.618 [info] > git for-each-ref --format=%(refname)%00%(upstream:short)%00%(objectname)%00%(upstream:track)%00%(upstream:remotename)%00%(upstream:remoteref) refs/heads/main refs/remotes/main [1ms]
2023-09-10 15:36:50.628 [info] > git status -z -uall [2ms]
2023-09-10 15:37:10.871 [info] > git config --get commit.template [1ms]
2023-09-10 15:37:10.881 [info] > git for-each-ref --format=%(refname)%00%(upstream:short)%00%(objectname)%00%(upstream:track)%00%(upstream:remotename)%00%(upstream:remoteref) refs/heads/main refs/remotes/main [2ms]
2023-09-10 15:37:10.891 [info] > git status -z -uall [2ms]
2023-09-10 15:37:17.300 [info] > git config --get commit.template [10ms]
2023-09-10 15:37:17.300 [info] > git for-each-ref --format=%(refname)%00%(upstream:short)%00%(objectname)%00%(upstream:track)%00%(upstream:remotename)%00%(upstream:remoteref) refs/heads/main refs/remotes/main [1ms]
2023-09-10 15:37:17.311 [info] > git status -z -uall [2ms]
2023-09-10 15:37:45.657 [info] > git config --get commit.template [2ms]
2023-09-10 15:37:45.667 [info] > git for-each-ref --format=%(refname)%00%(upstream:short)%00%(objectname)%00%(upstream:track)%00%(upstream:remotename)%00%(upstream:remoteref) refs/heads/main refs/remotes/main [2ms]
2023-09-10 15:37:45.678 [info] > git status -z -uall [2ms]
2023-09-10 15:37:59.763 [info] > git config --get commit.template [10ms]
2023-09-10 15:37:59.763 [info] > git for-each-ref --format=%(refname)%00%(upstream:short)%00%(objectname)%00%(upstream:track)%00%(upstream:remotename)%00%(upstream:remoteref) refs/heads/main refs/remotes/main [1ms]
2023-09-10 15:37:59.775 [info] > git status -z -uall [2ms]
2023-09-10 15:38:32.731 [info] > git config --get commit.template [2ms]
2023-09-10 15:38:32.741 [info] > git for-each-ref --format=%(refname)%00%(upstream:short)%00%(objectname)%00%(upstream:track)%00%(upstream:remotename)%00%(upstream:remoteref) refs/heads/main refs/remotes/main [1ms]
2023-09-10 15:38:32.752 [info] > git status -z -uall [2ms]
2023-09-10 15:41:03.784 [info] > git config --get commit.template [2ms]
2023-09-10 15:41:03.794 [info] > git for-each-ref --format=%(refname)%00%(upstream:short)%00%(objectname)%00%(upstream:track)%00%(upstream:remotename)%00%(upstream:remoteref) refs/heads/main refs/remotes/main [1ms]
2023-09-10 15:41:03.805 [info] > git status -z -uall [3ms]
2023-09-10 15:41:24.090 [info] > git config --get commit.template [10ms]
2023-09-10 15:41:24.091 [info] > git for-each-ref --format=%(refname)%00%(upstream:short)%00%(objectname)%00%(upstream:track)%00%(upstream:remotename)%00%(upstream:remoteref) refs/heads/main refs/remotes/main [2ms]
2023-09-10 15:41:24.103 [info] > git status -z -uall [3ms]
2023-09-10 15:41:37.353 [info] > git config --get commit.template [1ms]
2023-09-10 15:41:37.363 [info] > git for-each-ref --format=%(refname)%00%(upstream:short)%00%(objectname)%00%(upstream:track)%00%(upstream:remotename)%00%(upstream:remoteref) refs/heads/main refs/remotes/main [2ms]
2023-09-10 15:41:37.373 [info] > git status -z -uall [2ms]
2023-09-10 15:42:19.226 [info] > git config --get commit.template [10ms]
2023-09-10 15:42:19.226 [info] > git for-each-ref --format=%(refname)%00%(upstream:short)%00%(objectname)%00%(upstream:track)%00%(upstream:remotename)%00%(upstream:remoteref) refs/heads/main refs/remotes/main [1ms]
2023-09-10 15:42:19.237 [info] > git status -z -uall [2ms]
2023-09-10 15:42:37.582 [info] > git config --get commit.template [11ms]
2023-09-10 15:42:37.583 [info] > git for-each-ref --format=%(refname)%00%(upstream:short)%00%(objectname)%00%(upstream:track)%00%(upstream:remotename)%00%(upstream:remoteref) refs/heads/main refs/remotes/main [2ms]
2023-09-10 15:42:37.594 [info] > git status -z -uall [3ms]
2023-09-10 15:42:45.128 [info] > git config --get commit.template [9ms]
2023-09-10 15:42:45.128 [info] > git for-each-ref --format=%(refname)%00%(upstream:short)%00%(objectname)%00%(upstream:track)%00%(upstream:remotename)%00%(upstream:remoteref) refs/heads/main refs/remotes/main [1ms]
2023-09-10 15:42:45.140 [info] > git status -z -uall [2ms]
2023-09-10 15:44:48.196 [info] > git config --get commit.template [2ms]
2023-09-10 15:44:48.205 [info] > git for-each-ref --format=%(refname)%00%(upstream:short)%00%(objectname)%00%(upstream:track)%00%(upstream:remotename)%00%(upstream:remoteref) refs/heads/main refs/remotes/main [1ms]
2023-09-10 15:44:48.213 [info] > git status -z -uall [2ms]
2023-09-10 15:45:08.133 [info] > git config --get commit.template [10ms]
2023-09-10 15:45:08.133 [info] > git for-each-ref --format=%(refname)%00%(upstream:short)%00%(objectname)%00%(upstream:track)%00%(upstream:remotename)%00%(upstream:remoteref) refs/heads/main refs/remotes/main [1ms]
2023-09-10 15:45:08.144 [info] > git status -z -uall [2ms]
2023-09-10 15:45:32.724 [info] > git config --get commit.template [2ms]
2023-09-10 15:45:32.735 [info] > git for-each-ref --format=%(refname)%00%(upstream:short)%00%(objectname)%00%(upstream:track)%00%(upstream:remotename)%00%(upstream:remoteref) refs/heads/main refs/remotes/main [1ms]
2023-09-10 15:45:32.747 [info] > git status -z -uall [2ms]
2023-09-10 15:45:42.626 [info] > git config --get commit.template [11ms]
2023-09-10 15:45:42.627 [info] > git for-each-ref --format=%(refname)%00%(upstream:short)%00%(objectname)%00%(upstream:track)%00%(upstream:remotename)%00%(upstream:remoteref) refs/heads/main refs/remotes/main [2ms]
2023-09-10 15:45:42.637 [info] > git status -z -uall [2ms]
2023-09-10 15:47:30.692 [info] > git config --get commit.template [10ms]
2023-09-10 15:47:30.692 [info] > git for-each-ref --format=%(refname)%00%(upstream:short)%00%(objectname)%00%(upstream:track)%00%(upstream:remotename)%00%(upstream:remoteref) refs/heads/main refs/remotes/main [1ms]
2023-09-10 15:47:30.702 [info] > git status -z -uall [2ms]
2023-09-10 15:47:54.772 [info] > git config --get commit.template [9ms]
2023-09-10 15:47:54.773 [info] > git for-each-ref --format=%(refname)%00%(upstream:short)%00%(objectname)%00%(upstream:track)%00%(upstream:remotename)%00%(upstream:remoteref) refs/heads/main refs/remotes/main [2ms]
2023-09-10 15:47:54.784 [info] > git status -z -uall [2ms]
2023-09-10 15:48:03.242 [info] > git config --get commit.template [5ms]
2023-09-10 15:48:03.253 [info] > git for-each-ref --format=%(refname)%00%(upstream:short)%00%(objectname)%00%(upstream:track)%00%(upstream:remotename)%00%(upstream:remoteref) refs/heads/main refs/remotes/main [2ms]
2023-09-10 15:48:03.264 [info] > git status -z -uall [2ms]
2023-09-10 15:48:08.291 [info] > git config --get commit.template [10ms]
2023-09-10 15:48:08.292 [info] > git for-each-ref --format=%(refname)%00%(upstream:short)%00%(objectname)%00%(upstream:track)%00%(upstream:remotename)%00%(upstream:remoteref) refs/heads/main refs/remotes/main [1ms]
2023-09-10 15:48:08.303 [info] > git status -z -uall [2ms]
2023-09-10 15:48:29.373 [info] > git config --get commit.template [1ms]
2023-09-10 15:48:29.383 [info] > git for-each-ref --format=%(refname)%00%(upstream:short)%00%(objectname)%00%(upstream:track)%00%(upstream:remotename)%00%(upstream:remoteref) refs/heads/main refs/remotes/main [2ms]
2023-09-10 15:48:29.391 [info] > git status -z -uall [2ms]
2023-09-10 15:48:34.420 [info] > git config --get commit.template [12ms]
2023-09-10 15:48:34.421 [info] > git for-each-ref --format=%(refname)%00%(upstream:short)%00%(objectname)%00%(upstream:track)%00%(upstream:remotename)%00%(upstream:remoteref) refs/heads/main refs/remotes/main [3ms]
2023-09-10 15:48:34.430 [info] > git status -z -uall [2ms]
2023-09-10 15:48:59.135 [info] > git config --get commit.template [8ms]
2023-09-10 15:48:59.136 [info] > git for-each-ref --format=%(refname)%00%(upstream:short)%00%(objectname)%00%(upstream:track)%00%(upstream:remotename)%00%(upstream:remoteref) refs/heads/main refs/remotes/main [2ms]
2023-09-10 15:48:59.143 [info] > git status -z -uall [2ms]
2023-09-10 15:49:13.420 [info] > git config --get commit.template [1ms]
2023-09-10 15:49:13.432 [info] > git for-each-ref --format=%(refname)%00%(upstream:short)%00%(objectname)%00%(upstream:track)%00%(upstream:remotename)%00%(upstream:remoteref) refs/heads/main refs/remotes/main [3ms]
2023-09-10 15:49:13.447 [info] > git status -z -uall [3ms]
2023-09-10 15:49:18.476 [info] > git config --get commit.template [11ms]
2023-09-10 15:49:18.477 [info] > git for-each-ref --format=%(refname)%00%(upstream:short)%00%(objectname)%00%(upstream:track)%00%(upstream:remotename)%00%(upstream:remoteref) refs/heads/main refs/remotes/main [1ms]
2023-09-10 15:49:18.488 [info] > git status -z -uall [2ms]
2023-09-10 15:50:03.162 [info] > git config --get commit.template [2ms]
2023-09-10 15:50:03.173 [info] > git for-each-ref --format=%(refname)%00%(upstream:short)%00%(objectname)%00%(upstream:track)%00%(upstream:remotename)%00%(upstream:remoteref) refs/heads/main refs/remotes/main [1ms]
2023-09-10 15:50:03.183 [info] > git status -z -uall [2ms]
2023-09-10 15:50:48.432 [info] > git config --get commit.template [1ms]
2023-09-10 15:50:48.443 [info] > git for-each-ref --format=%(refname)%00%(upstream:short)%00%(objectname)%00%(upstream:track)%00%(upstream:remotename)%00%(upstream:remoteref) refs/heads/main refs/remotes/main [1ms]
2023-09-10 15:50:48.453 [info] > git status -z -uall [2ms]
2023-09-10 15:51:34.719 [info] > git config --get commit.template [10ms]
2023-09-10 15:51:34.720 [info] > git for-each-ref --format=%(refname)%00%(upstream:short)%00%(objectname)%00%(upstream:track)%00%(upstream:remotename)%00%(upstream:remoteref) refs/heads/main refs/remotes/main [2ms]
2023-09-10 15:51:34.731 [info] > git status -z -uall [2ms]
2023-09-10 15:51:39.750 [info] > git config --get commit.template [1ms]
2023-09-10 15:51:39.761 [info] > git for-each-ref --format=%(refname)%00%(upstream:short)%00%(objectname)%00%(upstream:track)%00%(upstream:remotename)%00%(upstream:remoteref) refs/heads/main refs/remotes/main [1ms]
2023-09-10 15:51:39.771 [info] > git status -z -uall [2ms]
2023-09-10 15:51:44.799 [info] > git config --get commit.template [11ms]
2023-09-10 15:51:44.800 [info] > git for-each-ref --format=%(refname)%00%(upstream:short)%00%(objectname)%00%(upstream:track)%00%(upstream:remotename)%00%(upstream:remoteref) refs/heads/main refs/remotes/main [2ms]
2023-09-10 15:51:44.810 [info] > git status -z -uall [2ms]
2023-09-10 15:51:58.355 [info] > git config --get commit.template [10ms]
2023-09-10 15:51:58.356 [info] > git for-each-ref --format=%(refname)%00%(upstream:short)%00%(objectname)%00%(upstream:track)%00%(upstream:remotename)%00%(upstream:remoteref) refs/heads/main refs/remotes/main [1ms]
2023-09-10 15:51:58.365 [info] > git status -z -uall [2ms]
2023-09-10 15:52:28.089 [info] > git config --get commit.template [11ms]
2023-09-10 15:52:28.090 [info] > git for-each-ref --format=%(refname)%00%(upstream:short)%00%(objectname)%00%(upstream:track)%00%(upstream:remotename)%00%(upstream:remoteref) refs/heads/main refs/remotes/main [2ms]
2023-09-10 15:52:28.100 [info] > git status -z -uall [2ms]
2023-09-10 15:52:35.773 [info] > git config --get commit.template [10ms]
2023-09-10 15:52:35.774 [info] > git for-each-ref --format=%(refname)%00%(upstream:short)%00%(objectname)%00%(upstream:track)%00%(upstream:remotename)%00%(upstream:remoteref) refs/heads/main refs/remotes/main [2ms]
2023-09-10 15:52:35.785 [info] > git status -z -uall [3ms]
2023-09-10 15:52:46.731 [info] > git config --get commit.template [2ms]
2023-09-10 15:52:46.741 [info] > git for-each-ref --format=%(refname)%00%(upstream:short)%00%(objectname)%00%(upstream:track)%00%(upstream:remotename)%00%(upstream:remoteref) refs/heads/main refs/remotes/main [1ms]
2023-09-10 15:52:46.754 [info] > git status -z -uall [2ms]
2023-09-10 15:52:51.782 [info] > git config --get commit.template [10ms]
2023-09-10 15:52:51.782 [info] > git for-each-ref --format=%(refname)%00%(upstream:short)%00%(objectname)%00%(upstream:track)%00%(upstream:remotename)%00%(upstream:remoteref) refs/heads/main refs/remotes/main [1ms]
2023-09-10 15:52:51.793 [info] > git status -z -uall [2ms]
2023-09-10 15:52:57.234 [info] > git config --get commit.template [2ms]
2023-09-10 15:52:57.244 [info] > git for-each-ref --format=%(refname)%00%(upstream:short)%00%(objectname)%00%(upstream:track)%00%(upstream:remotename)%00%(upstream:remoteref) refs/heads/main refs/remotes/main [2ms]
2023-09-10 15:52:57.256 [info] > git status -z -uall [2ms]
2023-09-10 15:53:28.736 [info] > git config --get commit.template [2ms]
2023-09-10 15:53:28.746 [info] > git for-each-ref --format=%(refname)%00%(upstream:short)%00%(objectname)%00%(upstream:track)%00%(upstream:remotename)%00%(upstream:remoteref) refs/heads/main refs/remotes/main [1ms]
2023-09-10 15:53:28.757 [info] > git status -z -uall [2ms]
2023-09-10 15:54:03.219 [info] > git config --get commit.template [1ms]
2023-09-10 15:54:03.230 [info] > git for-each-ref --format=%(refname)%00%(upstream:short)%00%(objectname)%00%(upstream:track)%00%(upstream:remotename)%00%(upstream:remoteref) refs/heads/main refs/remotes/main [2ms]
2023-09-10 15:54:03.241 [info] > git status -z -uall [3ms]
2023-09-10 15:55:58.463 [info] > git config --get commit.template [1ms]
2023-09-10 15:55:58.473 [info] > git for-each-ref --format=%(refname)%00%(upstream:short)%00%(objectname)%00%(upstream:track)%00%(upstream:remotename)%00%(upstream:remoteref) refs/heads/main refs/remotes/main [1ms]
2023-09-10 15:55:58.485 [info] > git status -z -uall [4ms]
2023-09-10 15:56:21.737 [info] > git config --get commit.template [1ms]
2023-09-10 15:56:21.747 [info] > git for-each-ref --format=%(refname)%00%(upstream:short)%00%(objectname)%00%(upstream:track)%00%(upstream:remotename)%00%(upstream:remoteref) refs/heads/main refs/remotes/main [1ms]
2023-09-10 15:56:21.757 [info] > git status -z -uall [2ms]
2023-09-10 15:56:32.090 [info] > git config --get commit.template [10ms]
2023-09-10 15:56:32.090 [info] > git for-each-ref --format=%(refname)%00%(upstream:short)%00%(objectname)%00%(upstream:track)%00%(upstream:remotename)%00%(upstream:remoteref) refs/heads/main refs/remotes/main [1ms]
2023-09-10 15:56:32.101 [info] > git status -z -uall [2ms]
2023-09-10 15:56:50.266 [info] > git config --get commit.template [2ms]
2023-09-10 15:56:50.277 [info] > git for-each-ref --format=%(refname)%00%(upstream:short)%00%(objectname)%00%(upstream:track)%00%(upstream:remotename)%00%(upstream:remoteref) refs/heads/main refs/remotes/main [2ms]
2023-09-10 15:56:50.289 [info] > git status -z -uall [2ms]
2023-09-10 15:56:56.296 [info] > git config --get commit.template [10ms]
2023-09-10 15:56:56.296 [info] > git for-each-ref --format=%(refname)%00%(upstream:short)%00%(objectname)%00%(upstream:track)%00%(upstream:remotename)%00%(upstream:remoteref) refs/heads/main refs/remotes/main [1ms]
2023-09-10 15:56:56.308 [info] > git status -z -uall [3ms]
2023-09-10 15:57:51.375 [info] > git config --get commit.template [10ms]
2023-09-10 15:57:51.376 [info] > git for-each-ref --format=%(refname)%00%(upstream:short)%00%(objectname)%00%(upstream:track)%00%(upstream:remotename)%00%(upstream:remoteref) refs/heads/main refs/remotes/main [2ms]
2023-09-10 15:57:51.387 [info] > git status -z -uall [3ms]
2023-09-10 15:59:46.633 [info] > git config --get commit.template [2ms]
2023-09-10 15:59:46.643 [info] > git for-each-ref --format=%(refname)%00%(upstream:short)%00%(objectname)%00%(upstream:track)%00%(upstream:remotename)%00%(upstream:remoteref) refs/heads/main refs/remotes/main [2ms]
2023-09-10 15:59:46.654 [info] > git status -z -uall [2ms]
2023-09-10 15:59:57.847 [info] > git config --get commit.template [1ms]
2023-09-10 15:59:57.857 [info] > git for-each-ref --format=%(refname)%00%(upstream:short)%00%(objectname)%00%(upstream:track)%00%(upstream:remotename)%00%(upstream:remoteref) refs/heads/main refs/remotes/main [2ms]
2023-09-10 15:59:57.868 [info] > git status -z -uall [2ms]
2023-09-10 16:00:11.545 [info] > git config --get commit.template [10ms]
2023-09-10 16:00:11.546 [info] > git for-each-ref --format=%(refname)%00%(upstream:short)%00%(objectname)%00%(upstream:track)%00%(upstream:remotename)%00%(upstream:remoteref) refs/heads/main refs/remotes/main [1ms]
2023-09-10 16:00:11.557 [info] > git status -z -uall [2ms]
2023-09-10 16:01:08.998 [info] > git config --get commit.template [10ms]
2023-09-10 16:01:08.999 [info] > git for-each-ref --format=%(refname)%00%(upstream:short)%00%(objectname)%00%(upstream:track)%00%(upstream:remotename)%00%(upstream:remoteref) refs/heads/main refs/remotes/main [2ms]
2023-09-10 16:01:09.011 [info] > git status -z -uall [2ms]
2023-09-10 16:01:17.022 [info] > git config --get commit.template [11ms]
2023-09-10 16:01:17.024 [info] > git for-each-ref --format=%(refname)%00%(upstream:short)%00%(objectname)%00%(upstream:track)%00%(upstream:remotename)%00%(upstream:remoteref) refs/heads/main refs/remotes/main [2ms]
2023-09-10 16:01:17.035 [info] > git status -z -uall [2ms]
2023-09-10 16:01:24.004 [info] > git config --get commit.template [2ms]
2023-09-10 16:01:24.014 [info] > git for-each-ref --format=%(refname)%00%(upstream:short)%00%(objectname)%00%(upstream:track)%00%(upstream:remotename)%00%(upstream:remoteref) refs/heads/main refs/remotes/main [2ms]
2023-09-10 16:01:24.026 [info] > git status -z -uall [2ms]
2023-09-10 16:01:55.720 [info] > git config --get commit.template [1ms]
2023-09-10 16:01:55.730 [info] > git for-each-ref --format=%(refname)%00%(upstream:short)%00%(objectname)%00%(upstream:track)%00%(upstream:remotename)%00%(upstream:remoteref) refs/heads/main refs/remotes/main [1ms]
2023-09-10 16:01:55.741 [info] > git status -z -uall [2ms]
2023-09-10 16:02:05.172 [info] > git config --get commit.template [1ms]
2023-09-10 16:02:05.183 [info] > git for-each-ref --format=%(refname)%00%(upstream:short)%00%(objectname)%00%(upstream:track)%00%(upstream:remotename)%00%(upstream:remoteref) refs/heads/main refs/remotes/main [1ms]
2023-09-10 16:02:05.194 [info] > git status -z -uall [2ms]
2023-09-10 16:02:21.939 [info] > git config --get commit.template [2ms]
2023-09-10 16:02:21.949 [info] > git for-each-ref --format=%(refname)%00%(upstream:short)%00%(objectname)%00%(upstream:track)%00%(upstream:remotename)%00%(upstream:remoteref) refs/heads/main refs/remotes/main [2ms]
2023-09-10 16:02:21.960 [info] > git status -z -uall [3ms]
2023-09-10 16:02:38.284 [info] > git config --get commit.template [1ms]
2023-09-10 16:02:38.294 [info] > git for-each-ref --format=%(refname)%00%(upstream:short)%00%(objectname)%00%(upstream:track)%00%(upstream:remotename)%00%(upstream:remoteref) refs/heads/main refs/remotes/main [2ms]
2023-09-10 16:02:38.306 [info] > git status -z -uall [2ms]
2023-09-10 16:03:10.407 [info] > git config --get commit.template [2ms]
2023-09-10 16:03:10.417 [info] > git for-each-ref --format=%(refname)%00%(upstream:short)%00%(objectname)%00%(upstream:track)%00%(upstream:remotename)%00%(upstream:remoteref) refs/heads/main refs/remotes/main [2ms]
2023-09-10 16:03:10.430 [info] > git status -z -uall [2ms]
2023-09-10 16:03:15.449 [info] > git config --get commit.template [1ms]
2023-09-10 16:03:15.460 [info] > git for-each-ref --format=%(refname)%00%(upstream:short)%00%(objectname)%00%(upstream:track)%00%(upstream:remotename)%00%(upstream:remoteref) refs/heads/main refs/remotes/main [2ms]
2023-09-10 16:03:15.471 [info] > git status -z -uall [2ms]
2023-09-10 16:03:40.597 [info] > git config --get commit.template [3ms]
2023-09-10 16:03:40.608 [info] > git for-each-ref --format=%(refname)%00%(upstream:short)%00%(objectname)%00%(upstream:track)%00%(upstream:remotename)%00%(upstream:remoteref) refs/heads/main refs/remotes/main [1ms]
2023-09-10 16:03:40.619 [info] > git status -z -uall [2ms]
2023-09-10 16:03:45.646 [info] > git config --get commit.template [11ms]
2023-09-10 16:03:45.647 [info] > git for-each-ref --format=%(refname)%00%(upstream:short)%00%(objectname)%00%(upstream:track)%00%(upstream:remotename)%00%(upstream:remoteref) refs/heads/main refs/remotes/main [2ms]
2023-09-10 16:03:45.657 [info] > git status -z -uall [2ms]
2023-09-10 16:03:50.677 [info] > git config --get commit.template [2ms]
2023-09-10 16:03:50.687 [info] > git for-each-ref --format=%(refname)%00%(upstream:short)%00%(objectname)%00%(upstream:track)%00%(upstream:remotename)%00%(upstream:remoteref) refs/heads/main refs/remotes/main [2ms]
2023-09-10 16:03:50.698 [info] > git status -z -uall [2ms]
2023-09-10 16:04:05.146 [info] > git config --get commit.template [2ms]
2023-09-10 16:04:05.157 [info] > git for-each-ref --format=%(refname)%00%(upstream:short)%00%(objectname)%00%(upstream:track)%00%(upstream:remotename)%00%(upstream:remoteref) refs/heads/main refs/remotes/main [2ms]
2023-09-10 16:04:05.169 [info] > git status -z -uall [2ms]
2023-09-10 16:04:21.223 [info] > git config --get commit.template [1ms]
2023-09-10 16:04:21.233 [info] > git for-each-ref --format=%(refname)%00%(upstream:short)%00%(objectname)%00%(upstream:track)%00%(upstream:remotename)%00%(upstream:remoteref) refs/heads/main refs/remotes/main [2ms]
2023-09-10 16:04:21.244 [info] > git status -z -uall [2ms]
2023-09-10 16:04:34.041 [info] > git config --get commit.template [10ms]
2023-09-10 16:04:34.042 [info] > git for-each-ref --format=%(refname)%00%(upstream:short)%00%(objectname)%00%(upstream:track)%00%(upstream:remotename)%00%(upstream:remoteref) refs/heads/main refs/remotes/main [2ms]
2023-09-10 16:04:34.052 [info] > git status -z -uall [2ms]
2023-09-10 16:13:56.234 [info] > git config --get commit.template [1ms]
2023-09-10 16:13:56.244 [info] > git for-each-ref --format=%(refname)%00%(upstream:short)%00%(objectname)%00%(upstream:track)%00%(upstream:remotename)%00%(upstream:remoteref) refs/heads/main refs/remotes/main [2ms]
2023-09-10 16:13:56.255 [info] > git status -z -uall [3ms]
2023-09-10 16:23:13.606 [info] > git config --get commit.template [2ms]
2023-09-10 16:23:13.616 [info] > git for-each-ref --format=%(refname)%00%(upstream:short)%00%(objectname)%00%(upstream:track)%00%(upstream:remotename)%00%(upstream:remoteref) refs/heads/main refs/remotes/main [2ms]
2023-09-10 16:23:13.627 [info] > git status -z -uall [2ms]
2023-09-10 16:23:22.538 [info] > git config --get commit.template [10ms]
2023-09-10 16:23:22.539 [info] > git for-each-ref --format=%(refname)%00%(upstream:short)%00%(objectname)%00%(upstream:track)%00%(upstream:remotename)%00%(upstream:remoteref) refs/heads/main refs/remotes/main [2ms]
2023-09-10 16:23:22.550 [info] > git status -z -uall [2ms]
2023-09-10 16:23:39.459 [info] > git config --get commit.template [11ms]
2023-09-10 16:23:39.460 [info] > git for-each-ref --format=%(refname)%00%(upstream:short)%00%(objectname)%00%(upstream:track)%00%(upstream:remotename)%00%(upstream:remoteref) refs/heads/main refs/remotes/main [2ms]
2023-09-10 16:23:39.471 [info] > git status -z -uall [2ms]
2023-09-10 16:23:44.569 [info] > git config --get commit.template [10ms]
2023-09-10 16:23:44.570 [info] > git for-each-ref --format=%(refname)%00%(upstream:short)%00%(objectname)%00%(upstream:track)%00%(upstream:remotename)%00%(upstream:remoteref) refs/heads/main refs/remotes/main [2ms]
2023-09-10 16:23:44.581 [info] > git status -z -uall [2ms]
2023-09-10 17:00:16.993 [info] > git config --get commit.template [2ms]
2023-09-10 17:00:17.003 [info] > git for-each-ref --format=%(refname)%00%(upstream:short)%00%(objectname)%00%(upstream:track)%00%(upstream:remotename)%00%(upstream:remoteref) refs/heads/main refs/remotes/main [1ms]
2023-09-10 17:00:17.013 [info] > git status -z -uall [2ms]
