2023-09-09 16:18:41.276 [info] Log level: Info
2023-09-09 16:18:41.276 [info] Validating found git in: "git"
2023-09-09 16:18:41.303 [info] Using git "2.42.0" from "git"
2023-09-09 16:18:41.328 [info] > git rev-parse --show-toplevel [11ms]
2023-09-09 16:18:41.344 [info] > git rev-parse --git-dir --git-common-dir [5ms]
2023-09-09 16:18:41.358 [info] Open repository: /home/lullaby/Projects/Safepill/safepill-frontend
2023-09-09 16:18:41.375 [info] > git config --get commit.template [8ms]
2023-09-09 16:18:41.379 [info] > git rev-parse --show-toplevel [6ms]
2023-09-09 16:18:41.428 [info] > git for-each-ref --format=%(refname)%00%(upstream:short)%00%(objectname)%00%(upstream:track)%00%(upstream:remotename)%00%(upstream:remoteref) refs/heads/main refs/remotes/main [41ms]
2023-09-09 16:18:41.453 [info] > git status -z -uall [17ms]
2023-09-09 16:18:41.454 [info] > git rev-parse --show-toplevel [7ms]
2023-09-09 16:18:41.484 [info] > git config --get commit.template [11ms]
2023-09-09 16:18:41.500 [info] > git rev-parse --show-toplevel [5ms]
2023-09-09 16:18:41.524 [info] > git for-each-ref --format=%(refname)%00%(upstream:short)%00%(objectname)%00%(upstream:track)%00%(upstream:remotename)%00%(upstream:remoteref) refs/heads/main refs/remotes/main [26ms]
2023-09-09 16:18:41.532 [info] > git status -z -uall [3ms]
2023-09-09 16:18:41.546 [info] > git rev-parse --show-toplevel [2ms]
2023-09-09 16:18:41.553 [info] > git rev-parse --show-toplevel [1ms]
2023-09-09 16:18:41.559 [info] > git rev-parse --show-toplevel [1ms]
2023-09-09 16:18:41.566 [info] > git rev-parse --show-toplevel [1ms]
2023-09-09 16:18:41.572 [info] > git rev-parse --show-toplevel [1ms]
2023-09-09 16:18:41.875 [info] > git show --textconv :pages/index.vue [11ms]
2023-09-09 16:18:41.876 [info] > git ls-files --stage -- /home/lullaby/Projects/Safepill/safepill-frontend/pages/index.vue [2ms]
2023-09-09 16:18:41.887 [info] > git check-ignore -v -z --stdin [2ms]
2023-09-09 16:20:05.195 [info] > git config --get commit.template [3ms]
2023-09-09 16:20:05.205 [info] > git for-each-ref --format=%(refname)%00%(upstream:short)%00%(objectname)%00%(upstream:track)%00%(upstream:remotename)%00%(upstream:remoteref) refs/heads/main refs/remotes/main [1ms]
2023-09-09 16:20:05.212 [info] > git status -z -uall [2ms]
2023-09-09 16:20:19.763 [info] > git config --get commit.template [9ms]
2023-09-09 16:20:19.764 [info] > git for-each-ref --format=%(refname)%00%(upstream:short)%00%(objectname)%00%(upstream:track)%00%(upstream:remotename)%00%(upstream:remoteref) refs/heads/main refs/remotes/main [3ms]
2023-09-09 16:20:19.773 [info] > git status -z -uall [2ms]
2023-09-09 16:20:38.598 [info] > git config --get commit.template [2ms]
2023-09-09 16:20:38.609 [info] > git for-each-ref --format=%(refname)%00%(upstream:short)%00%(objectname)%00%(upstream:track)%00%(upstream:remotename)%00%(upstream:remoteref) refs/heads/main refs/remotes/main [2ms]
2023-09-09 16:20:38.619 [info] > git status -z -uall [2ms]
2023-09-09 16:20:46.149 [info] > git config --get commit.template [2ms]
2023-09-09 16:20:46.158 [info] > git for-each-ref --format=%(refname)%00%(upstream:short)%00%(objectname)%00%(upstream:track)%00%(upstream:remotename)%00%(upstream:remoteref) refs/heads/main refs/remotes/main [2ms]
2023-09-09 16:20:46.167 [info] > git status -z -uall [2ms]
2023-09-09 16:21:09.273 [info] > git config --get commit.template [5ms]
2023-09-09 16:21:09.281 [info] > git for-each-ref --format=%(refname)%00%(upstream:short)%00%(objectname)%00%(upstream:track)%00%(upstream:remotename)%00%(upstream:remoteref) refs/heads/main refs/remotes/main [1ms]
2023-09-09 16:21:09.290 [info] > git status -z -uall [1ms]
2023-09-09 16:22:41.016 [info] > git check-ignore -v -z --stdin [1ms]
2023-09-09 16:23:05.080 [info] > git check-ignore -v -z --stdin [2ms]
2023-09-09 16:23:06.348 [info] > git check-ignore -v -z --stdin [1ms]
2023-09-09 16:23:19.796 [info] > git config --get commit.template [5ms]
2023-09-09 16:23:19.807 [info] > git for-each-ref --format=%(refname)%00%(upstream:short)%00%(objectname)%00%(upstream:track)%00%(upstream:remotename)%00%(upstream:remoteref) refs/heads/main refs/remotes/main [3ms]
2023-09-09 16:23:19.816 [info] > git status -z -uall [2ms]
2023-09-09 16:24:11.029 [info] > git show --textconv :docker-compose.yml [8ms]
2023-09-09 16:24:11.031 [info] > git ls-files --stage -- /home/lullaby/Projects/Safepill/safepill-frontend/docker-compose.yml [2ms]
2023-09-09 16:24:11.038 [info] > git cat-file -s 08e2e4558b8e106155680f2353067c7a714e5522 [2ms]
2023-09-09 16:25:26.576 [info] > git config --get commit.template [2ms]
2023-09-09 16:25:26.585 [info] > git for-each-ref --format=%(refname)%00%(upstream:short)%00%(objectname)%00%(upstream:track)%00%(upstream:remotename)%00%(upstream:remoteref) refs/heads/main refs/remotes/main [1ms]
2023-09-09 16:25:26.602 [info] > git status -z -uall [10ms]
2023-09-09 16:25:26.607 [info] > git check-ignore -v -z --stdin [6ms]
2023-09-09 16:25:26.683 [info] > git ls-files --stage -- /home/lullaby/Projects/Safepill/safepill-frontend/pages/index.vue [8ms]
2023-09-09 16:25:26.686 [info] > git ls-files --stage -- /home/lullaby/Projects/Safepill/safepill-frontend/docker-compose.yml [2ms]
2023-09-09 16:25:26.695 [info] > git cat-file -s 08e2e4558b8e106155680f2353067c7a714e5522 [1ms]
2023-09-09 16:25:26.708 [info] > git show --textconv :pages/index.vue [4ms]
2023-09-09 16:25:26.718 [info] > git show --textconv :docker-compose.yml [2ms]
2023-09-09 16:25:28.169 [info] > git ls-files --stage -- /home/lullaby/Projects/Safepill/safepill-frontend/pages/index.vue [11ms]
2023-09-09 16:25:28.171 [info] > git ls-files --stage -- /home/lullaby/Projects/Safepill/safepill-frontend/docker-compose.yml [2ms]
2023-09-09 16:25:28.187 [info] > git cat-file -s 08e2e4558b8e106155680f2353067c7a714e5522 [10ms]
2023-09-09 16:25:28.189 [info] > git show --textconv :pages/index.vue [2ms]
2023-09-09 16:25:28.199 [info] > git show --textconv :docker-compose.yml [2ms]
2023-09-09 16:25:31.450 [info] > git show --textconv :app.vue [8ms]
2023-09-09 16:25:31.452 [info] > git ls-files --stage -- /home/lullaby/Projects/Safepill/safepill-frontend/app.vue [2ms]
2023-09-09 16:25:31.460 [info] > git cat-file -s a495b7573290d49d9fbc106f1a10ff1c6655c2ad [2ms]
2023-09-09 16:25:31.619 [info] > git config --get commit.template [2ms]
2023-09-09 16:25:31.629 [info] > git for-each-ref --format=%(refname)%00%(upstream:short)%00%(objectname)%00%(upstream:track)%00%(upstream:remotename)%00%(upstream:remoteref) refs/heads/main refs/remotes/main [2ms]
2023-09-09 16:25:31.639 [info] > git status -z -uall [3ms]
2023-09-09 16:25:38.765 [info] > git config --get commit.template [2ms]
2023-09-09 16:25:38.774 [info] > git for-each-ref --format=%(refname)%00%(upstream:short)%00%(objectname)%00%(upstream:track)%00%(upstream:remotename)%00%(upstream:remoteref) refs/heads/main refs/remotes/main [1ms]
2023-09-09 16:25:38.784 [info] > git status -z -uall [2ms]
2023-09-09 16:25:47.918 [info] > git config --get commit.template [2ms]
2023-09-09 16:25:47.927 [info] > git for-each-ref --format=%(refname)%00%(upstream:short)%00%(objectname)%00%(upstream:track)%00%(upstream:remotename)%00%(upstream:remoteref) refs/heads/main refs/remotes/main [2ms]
2023-09-09 16:25:47.937 [info] > git status -z -uall [2ms]
2023-09-09 16:26:05.034 [info] > git config --get commit.template [7ms]
2023-09-09 16:26:05.036 [info] > git for-each-ref --format=%(refname)%00%(upstream:short)%00%(objectname)%00%(upstream:track)%00%(upstream:remotename)%00%(upstream:remoteref) refs/heads/main refs/remotes/main [1ms]
2023-09-09 16:26:05.042 [info] > git status -z -uall [2ms]
2023-09-09 16:34:41.134 [info] > git config --get commit.template [9ms]
2023-09-09 16:34:41.135 [info] > git for-each-ref --format=%(refname)%00%(upstream:short)%00%(objectname)%00%(upstream:track)%00%(upstream:remotename)%00%(upstream:remoteref) refs/heads/main refs/remotes/main [2ms]
2023-09-09 16:34:41.144 [info] > git status -z -uall [2ms]
2023-09-09 16:38:48.576 [info] > git config --get commit.template [1ms]
2023-09-09 16:38:48.584 [info] > git for-each-ref --format=%(refname)%00%(upstream:short)%00%(objectname)%00%(upstream:track)%00%(upstream:remotename)%00%(upstream:remoteref) refs/heads/main refs/remotes/main [2ms]
2023-09-09 16:38:48.594 [info] > git status -z -uall [2ms]
2023-09-09 16:38:56.384 [info] > git config --get commit.template [1ms]
2023-09-09 16:38:56.392 [info] > git for-each-ref --format=%(refname)%00%(upstream:short)%00%(objectname)%00%(upstream:track)%00%(upstream:remotename)%00%(upstream:remoteref) refs/heads/main refs/remotes/main [1ms]
2023-09-09 16:38:56.401 [info] > git status -z -uall [2ms]
2023-09-09 16:39:01.422 [info] > git config --get commit.template [1ms]
2023-09-09 16:39:01.430 [info] > git for-each-ref --format=%(refname)%00%(upstream:short)%00%(objectname)%00%(upstream:track)%00%(upstream:remotename)%00%(upstream:remoteref) refs/heads/main refs/remotes/main [2ms]
2023-09-09 16:39:01.440 [info] > git status -z -uall [1ms]
2023-09-09 16:39:50.812 [info] > git config --get commit.template [2ms]
2023-09-09 16:39:50.820 [info] > git for-each-ref --format=%(refname)%00%(upstream:short)%00%(objectname)%00%(upstream:track)%00%(upstream:remotename)%00%(upstream:remoteref) refs/heads/main refs/remotes/main [1ms]
2023-09-09 16:39:50.829 [info] > git status -z -uall [1ms]
2023-09-09 16:39:55.850 [info] > git config --get commit.template [3ms]
2023-09-09 16:39:55.860 [info] > git for-each-ref --format=%(refname)%00%(upstream:short)%00%(objectname)%00%(upstream:track)%00%(upstream:remotename)%00%(upstream:remoteref) refs/heads/main refs/remotes/main [1ms]
2023-09-09 16:39:55.870 [info] > git status -z -uall [2ms]
2023-09-09 16:44:33.119 [info] > git ls-files --stage -- /home/lullaby/Projects/Safepill/safepill-frontend/app.vue [1ms]
2023-09-09 16:44:33.127 [info] > git cat-file -s a495b7573290d49d9fbc106f1a10ff1c6655c2ad [2ms]
2023-09-09 16:44:33.138 [info] > git show --textconv :app.vue [1ms]
2023-09-09 16:44:33.185 [info] > git config --get commit.template [2ms]
2023-09-09 16:44:33.193 [info] > git for-each-ref --format=%(refname)%00%(upstream:short)%00%(objectname)%00%(upstream:track)%00%(upstream:remotename)%00%(upstream:remoteref) refs/heads/main refs/remotes/main [1ms]
2023-09-09 16:44:33.203 [info] > git status -z -uall [3ms]
2023-09-09 16:44:35.956 [info] > git ls-files --stage -- /home/lullaby/Projects/Safepill/safepill-frontend/app.vue [1ms]
2023-09-09 16:44:35.964 [info] > git cat-file -s a495b7573290d49d9fbc106f1a10ff1c6655c2ad [2ms]
2023-09-09 16:44:35.974 [info] > git show --textconv :app.vue [1ms]
2023-09-09 16:44:38.220 [info] > git config --get commit.template [2ms]
2023-09-09 16:44:38.229 [info] > git for-each-ref --format=%(refname)%00%(upstream:short)%00%(objectname)%00%(upstream:track)%00%(upstream:remotename)%00%(upstream:remoteref) refs/heads/main refs/remotes/main [1ms]
2023-09-09 16:44:38.239 [info] > git status -z -uall [1ms]
2023-09-09 16:44:43.253 [info] > git config --get commit.template [2ms]
2023-09-09 16:44:43.264 [info] > git for-each-ref --format=%(refname)%00%(upstream:short)%00%(objectname)%00%(upstream:track)%00%(upstream:remotename)%00%(upstream:remoteref) refs/heads/main refs/remotes/main [2ms]
2023-09-09 16:44:43.272 [info] > git status -z -uall [1ms]
2023-09-09 16:44:48.292 [info] > git config --get commit.template [2ms]
2023-09-09 16:44:48.300 [info] > git for-each-ref --format=%(refname)%00%(upstream:short)%00%(objectname)%00%(upstream:track)%00%(upstream:remotename)%00%(upstream:remoteref) refs/heads/main refs/remotes/main [2ms]
2023-09-09 16:44:48.311 [info] > git status -z -uall [2ms]
2023-09-09 16:45:27.129 [info] > git config --get commit.template [2ms]
2023-09-09 16:45:27.138 [info] > git for-each-ref --format=%(refname)%00%(upstream:short)%00%(objectname)%00%(upstream:track)%00%(upstream:remotename)%00%(upstream:remoteref) refs/heads/main refs/remotes/main [2ms]
2023-09-09 16:45:27.147 [info] > git status -z -uall [2ms]
2023-09-09 16:45:42.983 [info] > git config --get commit.template [2ms]
2023-09-09 16:45:42.992 [info] > git for-each-ref --format=%(refname)%00%(upstream:short)%00%(objectname)%00%(upstream:track)%00%(upstream:remotename)%00%(upstream:remoteref) refs/heads/main refs/remotes/main [2ms]
2023-09-09 16:45:43.001 [info] > git status -z -uall [2ms]
2023-09-09 16:45:47.590 [info] > git show --textconv :pages/index.vue [9ms]
2023-09-09 16:45:47.592 [info] > git ls-files --stage -- /home/lullaby/Projects/Safepill/safepill-frontend/pages/index.vue [3ms]
2023-09-09 16:45:48.406 [info] > git config --get commit.template [2ms]
2023-09-09 16:45:48.414 [info] > git for-each-ref --format=%(refname)%00%(upstream:short)%00%(objectname)%00%(upstream:track)%00%(upstream:remotename)%00%(upstream:remoteref) refs/heads/main refs/remotes/main [1ms]
2023-09-09 16:45:48.424 [info] > git status -z -uall [2ms]
2023-09-09 16:45:56.757 [info] > git config --get commit.template [1ms]
2023-09-09 16:45:56.766 [info] > git for-each-ref --format=%(refname)%00%(upstream:short)%00%(objectname)%00%(upstream:track)%00%(upstream:remotename)%00%(upstream:remoteref) refs/heads/main refs/remotes/main [2ms]
2023-09-09 16:45:56.775 [info] > git status -z -uall [2ms]
2023-09-09 16:46:05.536 [info] > git config --get commit.template [2ms]
2023-09-09 16:46:05.544 [info] > git for-each-ref --format=%(refname)%00%(upstream:short)%00%(objectname)%00%(upstream:track)%00%(upstream:remotename)%00%(upstream:remoteref) refs/heads/main refs/remotes/main [2ms]
2023-09-09 16:46:05.555 [info] > git status -z -uall [2ms]
2023-09-09 16:46:26.463 [info] > git config --get commit.template [1ms]
2023-09-09 16:46:26.471 [info] > git for-each-ref --format=%(refname)%00%(upstream:short)%00%(objectname)%00%(upstream:track)%00%(upstream:remotename)%00%(upstream:remoteref) refs/heads/main refs/remotes/main [1ms]
2023-09-09 16:46:26.484 [info] > git status -z -uall [2ms]
2023-09-09 16:47:15.479 [info] > git config --get commit.template [2ms]
2023-09-09 16:47:15.487 [info] > git for-each-ref --format=%(refname)%00%(upstream:short)%00%(objectname)%00%(upstream:track)%00%(upstream:remotename)%00%(upstream:remoteref) refs/heads/main refs/remotes/main [1ms]
2023-09-09 16:47:15.495 [info] > git status -z -uall [2ms]
2023-09-09 16:48:00.921 [info] > git show --textconv :Dockerfile [9ms]
2023-09-09 16:48:00.923 [info] > git ls-files --stage -- /home/lullaby/Projects/Safepill/safepill-frontend/Dockerfile [3ms]
2023-09-09 16:48:00.932 [info] > git cat-file -s d97f3f9a4fcc855257a5d48009c9642d0a04965f [2ms]
2023-09-09 16:48:15.248 [info] > git config --get commit.template [1ms]
2023-09-09 16:48:15.256 [info] > git for-each-ref --format=%(refname)%00%(upstream:short)%00%(objectname)%00%(upstream:track)%00%(upstream:remotename)%00%(upstream:remoteref) refs/heads/main refs/remotes/main [2ms]
2023-09-09 16:48:15.265 [info] > git status -z -uall [2ms]
2023-09-09 16:48:38.541 [info] > git config --get commit.template [1ms]
2023-09-09 16:48:38.550 [info] > git for-each-ref --format=%(refname)%00%(upstream:short)%00%(objectname)%00%(upstream:track)%00%(upstream:remotename)%00%(upstream:remoteref) refs/heads/main refs/remotes/main [2ms]
2023-09-09 16:48:38.559 [info] > git status -z -uall [2ms]
2023-09-09 16:48:50.491 [info] > git ls-files --stage -- /home/lullaby/Projects/Safepill/safepill-frontend/pages/index.vue [10ms]
2023-09-09 16:48:50.493 [info] > git ls-files --stage -- /home/lullaby/Projects/Safepill/safepill-frontend/Dockerfile [2ms]
2023-09-09 16:48:50.510 [info] > git show --textconv :pages/index.vue [1ms]
2023-09-09 16:48:50.511 [info] > git cat-file -s d97f3f9a4fcc855257a5d48009c9642d0a04965f [10ms]
2023-09-09 16:48:50.522 [info] > git show --textconv :Dockerfile [2ms]
2023-09-09 16:48:50.633 [info] > git config --get commit.template [1ms]
2023-09-09 16:48:50.642 [info] > git for-each-ref --format=%(refname)%00%(upstream:short)%00%(objectname)%00%(upstream:track)%00%(upstream:remotename)%00%(upstream:remoteref) refs/heads/main refs/remotes/main [2ms]
2023-09-09 16:48:50.652 [info] > git status -z -uall [2ms]
2023-09-09 16:48:52.875 [info] > git ls-files --stage -- /home/lullaby/Projects/Safepill/safepill-frontend/pages/index.vue [8ms]
2023-09-09 16:48:52.877 [info] > git ls-files --stage -- /home/lullaby/Projects/Safepill/safepill-frontend/Dockerfile [3ms]
2023-09-09 16:48:52.895 [info] > git cat-file -s d97f3f9a4fcc855257a5d48009c9642d0a04965f [12ms]
2023-09-09 16:48:52.897 [info] > git show --textconv :pages/index.vue [2ms]
2023-09-09 16:48:52.908 [info] > git show --textconv :Dockerfile [1ms]
2023-09-09 16:48:55.668 [info] > git config --get commit.template [2ms]
2023-09-09 16:48:55.676 [info] > git for-each-ref --format=%(refname)%00%(upstream:short)%00%(objectname)%00%(upstream:track)%00%(upstream:remotename)%00%(upstream:remoteref) refs/heads/main refs/remotes/main [1ms]
2023-09-09 16:48:55.684 [info] > git status -z -uall [2ms]
2023-09-09 16:49:24.972 [info] > git config --get commit.template [2ms]
2023-09-09 16:49:24.982 [info] > git for-each-ref --format=%(refname)%00%(upstream:short)%00%(objectname)%00%(upstream:track)%00%(upstream:remotename)%00%(upstream:remoteref) refs/heads/main refs/remotes/main [1ms]
2023-09-09 16:49:24.990 [info] > git status -z -uall [2ms]
2023-09-09 16:49:37.458 [info] > git config --get commit.template [2ms]
2023-09-09 16:49:37.467 [info] > git for-each-ref --format=%(refname)%00%(upstream:short)%00%(objectname)%00%(upstream:track)%00%(upstream:remotename)%00%(upstream:remoteref) refs/heads/main refs/remotes/main [1ms]
2023-09-09 16:49:37.476 [info] > git status -z -uall [2ms]
2023-09-09 16:49:43.015 [info] > git check-ignore -v -z --stdin [1ms]
2023-09-09 16:49:45.060 [info] > git config --get commit.template [8ms]
2023-09-09 16:49:45.061 [info] > git for-each-ref --format=%(refname)%00%(upstream:short)%00%(objectname)%00%(upstream:track)%00%(upstream:remotename)%00%(upstream:remoteref) refs/heads/main refs/remotes/main [1ms]
2023-09-09 16:49:45.069 [info] > git status -z -uall [1ms]
2023-09-09 16:49:47.995 [info] > git show --textconv :components/Header.vue [9ms]
2023-09-09 16:49:47.997 [info] > git ls-files --stage -- /home/lullaby/Projects/Safepill/safepill-frontend/components/Header.vue [3ms]
2023-09-09 16:49:48.251 [info] > git check-ignore -v -z --stdin [2ms]
2023-09-09 16:49:50.086 [info] > git config --get commit.template [2ms]
2023-09-09 16:49:50.095 [info] > git for-each-ref --format=%(refname)%00%(upstream:short)%00%(objectname)%00%(upstream:track)%00%(upstream:remotename)%00%(upstream:remoteref) refs/heads/main refs/remotes/main [1ms]
2023-09-09 16:49:50.105 [info] > git status -z -uall [2ms]
2023-09-09 16:50:08.324 [info] > git config --get commit.template [1ms]
2023-09-09 16:50:08.333 [info] > git for-each-ref --format=%(refname)%00%(upstream:short)%00%(objectname)%00%(upstream:track)%00%(upstream:remotename)%00%(upstream:remoteref) refs/heads/main refs/remotes/main [2ms]
2023-09-09 16:50:08.343 [info] > git status -z -uall [2ms]
2023-09-09 16:50:15.454 [info] > git show --textconv :components/Footer.vue [10ms]
2023-09-09 16:50:15.456 [info] > git ls-files --stage -- /home/lullaby/Projects/Safepill/safepill-frontend/components/Footer.vue [3ms]
2023-09-09 16:50:15.709 [info] > git check-ignore -v -z --stdin [3ms]
2023-09-09 16:50:16.392 [info] > git config --get commit.template [2ms]
2023-09-09 16:50:16.401 [info] > git for-each-ref --format=%(refname)%00%(upstream:short)%00%(objectname)%00%(upstream:track)%00%(upstream:remotename)%00%(upstream:remoteref) refs/heads/main refs/remotes/main [2ms]
2023-09-09 16:50:16.409 [info] > git status -z -uall [2ms]
2023-09-09 16:50:21.428 [info] > git config --get commit.template [2ms]
2023-09-09 16:50:21.438 [info] > git for-each-ref --format=%(refname)%00%(upstream:short)%00%(objectname)%00%(upstream:track)%00%(upstream:remotename)%00%(upstream:remoteref) refs/heads/main refs/remotes/main [2ms]
2023-09-09 16:50:21.447 [info] > git status -z -uall [1ms]
2023-09-09 16:50:37.721 [info] > git show --textconv :layouts/lead_layout.vue [8ms]
2023-09-09 16:50:37.723 [info] > git ls-files --stage -- /home/lullaby/Projects/Safepill/safepill-frontend/layouts/lead_layout.vue [2ms]
2023-09-09 16:50:37.983 [info] > git check-ignore -v -z --stdin [2ms]
2023-09-09 16:50:38.487 [info] > git config --get commit.template [3ms]
2023-09-09 16:50:38.497 [info] > git for-each-ref --format=%(refname)%00%(upstream:short)%00%(objectname)%00%(upstream:track)%00%(upstream:remotename)%00%(upstream:remoteref) refs/heads/main refs/remotes/main [1ms]
2023-09-09 16:50:38.506 [info] > git status -z -uall [1ms]
2023-09-09 16:51:06.965 [info] > git config --get commit.template [1ms]
2023-09-09 16:51:06.974 [info] > git for-each-ref --format=%(refname)%00%(upstream:short)%00%(objectname)%00%(upstream:track)%00%(upstream:remotename)%00%(upstream:remoteref) refs/heads/main refs/remotes/main [2ms]
2023-09-09 16:51:06.983 [info] > git status -z -uall [2ms]
2023-09-09 16:51:33.640 [info] > git config --get commit.template [9ms]
2023-09-09 16:51:33.641 [info] > git for-each-ref --format=%(refname)%00%(upstream:short)%00%(objectname)%00%(upstream:track)%00%(upstream:remotename)%00%(upstream:remoteref) refs/heads/main refs/remotes/main [2ms]
2023-09-09 16:51:33.651 [info] > git status -z -uall [2ms]
2023-09-09 16:51:53.862 [info] > git config --get commit.template [1ms]
2023-09-09 16:51:53.872 [info] > git for-each-ref --format=%(refname)%00%(upstream:short)%00%(objectname)%00%(upstream:track)%00%(upstream:remotename)%00%(upstream:remoteref) refs/heads/main refs/remotes/main [2ms]
2023-09-09 16:51:53.881 [info] > git status -z -uall [2ms]
2023-09-09 16:52:13.046 [info] > git config --get commit.template [1ms]
2023-09-09 16:52:13.055 [info] > git for-each-ref --format=%(refname)%00%(upstream:short)%00%(objectname)%00%(upstream:track)%00%(upstream:remotename)%00%(upstream:remoteref) refs/heads/main refs/remotes/main [2ms]
2023-09-09 16:52:13.064 [info] > git status -z -uall [2ms]
2023-09-09 16:52:26.500 [info] > git config --get commit.template [9ms]
2023-09-09 16:52:26.501 [info] > git for-each-ref --format=%(refname)%00%(upstream:short)%00%(objectname)%00%(upstream:track)%00%(upstream:remotename)%00%(upstream:remoteref) refs/heads/main refs/remotes/main [1ms]
2023-09-09 16:52:26.511 [info] > git status -z -uall [2ms]
2023-09-09 16:55:57.572 [info] > git check-ignore -v -z --stdin [1ms]
2023-09-09 16:55:58.100 [info] > git config --get commit.template [1ms]
2023-09-09 16:55:58.108 [info] > git for-each-ref --format=%(refname)%00%(upstream:short)%00%(objectname)%00%(upstream:track)%00%(upstream:remotename)%00%(upstream:remoteref) refs/heads/main refs/remotes/main [2ms]
2023-09-09 16:55:58.117 [info] > git status -z -uall [2ms]
2023-09-09 16:56:03.137 [info] > git config --get commit.template [3ms]
2023-09-09 16:56:03.149 [info] > git for-each-ref --format=%(refname)%00%(upstream:short)%00%(objectname)%00%(upstream:track)%00%(upstream:remotename)%00%(upstream:remoteref) refs/heads/main refs/remotes/main [1ms]
2023-09-09 16:56:03.161 [info] > git status -z -uall [2ms]
2023-09-09 16:56:56.960 [info] > git config --get commit.template [9ms]
2023-09-09 16:56:56.960 [info] > git for-each-ref --format=%(refname)%00%(upstream:short)%00%(objectname)%00%(upstream:track)%00%(upstream:remotename)%00%(upstream:remoteref) refs/heads/main refs/remotes/main [2ms]
2023-09-09 16:56:56.970 [info] > git status -z -uall [1ms]
2023-09-09 16:56:57.544 [info] > git check-ignore -v -z --stdin [1ms]
2023-09-09 16:57:01.988 [info] > git config --get commit.template [2ms]
2023-09-09 16:57:01.998 [info] > git for-each-ref --format=%(refname)%00%(upstream:short)%00%(objectname)%00%(upstream:track)%00%(upstream:remotename)%00%(upstream:remoteref) refs/heads/main refs/remotes/main [2ms]
2023-09-09 16:57:02.007 [info] > git status -z -uall [1ms]
