2023-04-23 21:32:28.229 [info] Extension host with pid 10889 started
2023-04-23 21:32:28.229 [info] Skipping acquiring lock for /home/lullaby/.config/Code/User/workspaceStorage/e9557c98e293b9dc30196162451045f1.
2023-04-23 21:32:28.397 [info] ExtensionService#_doActivateExtension vscode.emmet, startup: false, activationEvent: 'onLanguage'
2023-04-23 21:32:28.409 [info] ExtensionService#_doActivateExtension eww-yuck.yuck, startup: false, activationEvent: 'onLanguage:yuck'
2023-04-23 21:32:28.470 [info] ExtensionService#_doActivateExtension vscode.git-base, startup: true, activationEvent: '*', root cause: vscode.git
2023-04-23 21:32:28.557 [info] ExtensionService#_doActivateExtension vscode.git, startup: true, activationEvent: '*'
2023-04-23 21:32:28.597 [info] ExtensionService#_doActivateExtension vscode.github, startup: true, activationEvent: '*'
2023-04-23 21:32:28.676 [info] Eager extensions activated
2023-04-23 21:32:28.723 [info] ExtensionService#_doActivateExtension vscode.debug-auto-launch, startup: false, activationEvent: 'onStartupFinished'
2023-04-23 21:32:28.727 [info] ExtensionService#_doActivateExtension vscode.merge-conflict, startup: false, activationEvent: 'onStartupFinished'
2023-04-23 21:32:29.153 [info] ExtensionService#_doActivateExtension vscode.github-authentication, startup: false, activationEvent: 'onAuthenticationRequest:github'
2023-04-23 21:32:29.237 [info] ExtensionService#_doActivateExtension vscode.microsoft-authentication, startup: false, activationEvent: 'onAuthenticationRequest:microsoft'
2023-04-23 21:53:30.688 [info] ExtensionService#_doActivateExtension vscode.css-language-features, startup: false, activationEvent: 'onLanguage:scss'
2023-04-23 22:03:57.013 [info] ExtensionService#_doActivateExtension vscode.typescript-language-features, startup: false, activationEvent: 'onLanguage:javascript'
2023-04-23 22:10:22.021 [info] ExtensionService#_doActivateExtension vscode.configuration-editing, startup: false, activationEvent: 'onLanguage:json'
2023-04-23 22:10:22.029 [info] ExtensionService#_doActivateExtension vscode.extension-editing, startup: false, activationEvent: 'onLanguage:json'
2023-04-23 22:10:22.060 [info] ExtensionService#_doActivateExtension vscode.json-language-features, startup: false, activationEvent: 'onLanguage:json'
2023-04-23 22:10:22.105 [info] ExtensionService#_doActivateExtension vscode.npm, startup: false, activationEvent: 'onLanguage:json'
2023-04-23 22:42:35.803 [info] Extension host terminating: renderer closed the MessagePort
2023-04-23 22:42:35.882 [info] Extension host with pid 10889 exiting with code 0
